【登录信息】
*c4ae8cdfc66973e53c8a1970545a3e2b*
`登陆天数: 116天 / 1494天
等级: 140
石头: 987
呼符: 35
体力: 228.13333333333333 / 140
友情点: 0 / 3035065`
*連続ログイン4日目
※ログインが途切れるか、7日到達すると
1日目から再開されます*
`聖晶石 X 1
1月交換券(2024) X 1
`*2024年お正月キャンペーン　三が日限定ログインボーナス*
*開催期間中、三が日限定のログインボーナスをプレゼント！*
`叡智の業火 X 30
QP X 10000000
`_2023-12-31 19:35:22_
--------
*7f4f754f260fe60c4393be1e8f740163*
`登陆天数: 116天 / 1491天
等级: 140
石头: 827
呼符: 37
体力: 228.23666666666668 / 140
友情点: 0 / 2805315`
*連続ログイン4日目
※ログインが途切れるか、7日到達すると
1日目から再開されます*
`聖晶石 X 1
1月交換券(2024) X 1
`*2024年お正月キャンペーン　三が日限定ログインボーナス*
*開催期間中、三が日限定のログインボーナスをプレゼント！*
`叡智の業火 X 30
QP X 10000000
`_2023-12-31 19:35:30_
--------
*c4ae8cdfc66973e53c8a1970545a3e2b*
`登陆天数: 116天 / 1363天
等级: 139
石头: 1530
呼符: 32
体力: 226.10666666666668 / 140
友情点: 25 / 15699560`
*連続ログイン4日目
※ログインが途切れるか、7日到達すると
1日目から再開されます*
`聖晶石 X 1
1月交換券(2024) X 1
`*2024年お正月キャンペーン　三が日限定ログインボーナス*
*開催期間中、三が日限定のログインボーナスをプレゼント！*
`叡智の業火 X 30
QP X 10000000
`_2023-12-31 19:35:38_
--------
*95433763b3466b0dae7f217d4c6c91be*
`登陆天数: 119天 / 1237天
等级: 137
石头: 579
呼符: 39
体力: 226.15666666666667 / 140
友情点: 20 / 1348565`
*連続ログイン7日間到達おめでとうございます！
明日は1日目からリスタートされます。*
`獣の足跡 X 1
呼符 X 1
1月交換券(2024) X 1
`*2024年お正月キャンペーン　三が日限定ログインボーナス*
*開催期間中、三が日限定のログインボーナスをプレゼント！*
`叡智の業火 X 30
QP X 10000000
`_2023-12-31 19:35:46_
--------
