【登录信息】
*c4ae8cdfc66973e53c8a1970545a3e2b*
`登陆天数: 117天 / 1495天
等级: 140
石头: 1002
呼符: 52
体力: 259.79 / 140
友情点: 55 / 3048210`
*連続ログイン5日目
※ログインが途切れるか、7日到達すると
1日目から再開されます*
`叡智の業火 X 2
1月交換券(2024) X 1
`*2024年お正月キャンペーン　三が日限定ログインボーナス*
*開催期間中、三が日限定のログインボーナスをプレゼント！*
`伝承結晶 X 1
`_2024-01-01 19:35:00_
--------
*7f4f754f260fe60c4393be1e8f740163*
`登陆天数: 117天 / 1492天
等级: 140
石头: 841
呼符: 53
体力: 264.8066666666667 / 140
友情点: 0 / 2817650`
*連続ログイン5日目
※ログインが途切れるか、7日到達すると
1日目から再開されます*
`叡智の業火 X 2
1月交換券(2024) X 1
`*2024年お正月キャンペーン　三が日限定ログインボーナス*
*開催期間中、三が日限定のログインボーナスをプレゼント！*
`伝承結晶 X 1
`_2024-01-01 19:35:08_
--------
*c4ae8cdfc66973e53c8a1970545a3e2b*
`登陆天数: 117天 / 1364天
等级: 139
石头: 1542
呼符: 49
体力: 260.53666666666663 / 140
友情点: 175 / 15712110`
*連続ログイン5日目
※ログインが途切れるか、7日到達すると
1日目から再開されます*
`叡智の業火 X 2
1月交換券(2024) X 1
`*2024年お正月キャンペーン　三が日限定ログインボーナス*
*開催期間中、三が日限定のログインボーナスをプレゼント！*
`伝承結晶 X 1
`_2024-01-01 19:35:16_
--------
*95433763b3466b0dae7f217d4c6c91be*
`登陆天数: 120天 / 1238天
等级: 137
石头: 645
呼符: 57
体力: 263.19 / 140
友情点: 0 / 1359035`
*連続ログイン1日目
※ログインが途切れるか、7日到達すると
1日目から再開されます*
`フレンドポイント X 2000
1月交換券(2024) X 1
`*2024年お正月キャンペーン　三が日限定ログインボーナス*
*開催期間中、三が日限定のログインボーナスをプレゼント！*
`伝承結晶 X 1
`_2024-01-01 19:35:24_
--------
