【登录信息】
*c4ae8cdfc66973e53c8a1970545a3e2b*
`登陆天数: 118天 / 1496天
等级: 140
石头: 1002
呼符: 52
体力: 222.0 / 140
友情点: 115 / 3048645`
*連続ログイン6日目
※ログインが途切れるか、7日到達すると
1日目から再開されます*
`聖晶石 X 2
1月交換券(2024) X 1
`*2024年お正月キャンペーン　三が日限定ログインボーナス*
*開催期間中、三が日限定のログインボーナスをプレゼント！*
`聖杯 X 1
`_2024-01-02 19:35:16_
--------
*7f4f754f260fe60c4393be1e8f740163*
`登陆天数: 118天 / 1493天
等级: 140
石头: 872
呼符: 53
体力: 219.92666666666668 / 140
友情点: 0 / 2817725`
*連続ログイン6日目
※ログインが途切れるか、7日到達すると
1日目から再開されます*
`聖晶石 X 2
1月交換券(2024) X 1
`*2024年お正月キャンペーン　三が日限定ログインボーナス*
*開催期間中、三が日限定のログインボーナスをプレゼント！*
`聖杯 X 1
`_2024-01-02 19:35:24_
--------
*c4ae8cdfc66973e53c8a1970545a3e2b*
`登陆天数: 118天 / 1365天
等级: 139
石头: 1542
呼符: 49
体力: 219.17666666666668 / 140
友情点: 75 / 15712335`
*連続ログイン6日目
※ログインが途切れるか、7日到達すると
1日目から再開されます*
`聖晶石 X 2
1月交換券(2024) X 1
`*2024年お正月キャンペーン　三が日限定ログインボーナス*
*開催期間中、三が日限定のログインボーナスをプレゼント！*
`聖杯 X 1
`_2024-01-02 19:35:31_
--------
*95433763b3466b0dae7f217d4c6c91be*
`登陆天数: 121天 / 1239天
等级: 137
石头: 645
呼符: 57
体力: 216.10333333333335 / 140
友情点: 40 / 1359280`
*連続ログイン2日目
※ログインが途切れるか、7日到達すると
1日目から再開されます*
`聖晶石 X 1
1月交換券(2024) X 1
`*2024年お正月キャンペーン　三が日限定ログインボーナス*
*開催期間中、三が日限定のログインボーナスをプレゼント！*
`聖杯 X 1
`_2024-01-02 19:35:39_
--------
