【登录信息】
*c4ae8cdfc66973e53c8a1970545a3e2b*
`登陆天数: 119天 / 1497天
等级: 140
石头: 1002
呼符: 52
体力: 233.70666666666665 / 140
友情点: 95 / 3048945`
*連続ログイン7日間到達おめでとうございます！
明日は1日目からリスタートされます。*
`獣の足跡 X 1
呼符 X 1
1月交換券(2024) X 1
`*2024年お正月キャンペーン 10万リポスト達成プレゼント*
*開催期間中、初回ログインでお正月限定概念礼装&2024万QPをプレゼント！*
`ドラゴン・ダンス X 1
QP X 20240000
`_2024-01-03 19:35:19_
--------
*7f4f754f260fe60c4393be1e8f740163*
`登陆天数: 119天 / 1494天
等级: 140
石头: 872
呼符: 53
体力: 233.73666666666668 / 140
友情点: 0 / 2817785`
*連続ログイン7日間到達おめでとうございます！
明日は1日目からリスタートされます。*
`獣の足跡 X 1
呼符 X 1
1月交換券(2024) X 1
`*2024年お正月キャンペーン 10万リポスト達成プレゼント*
*開催期間中、初回ログインでお正月限定概念礼装&2024万QPをプレゼント！*
`ドラゴン・ダンス X 1
QP X 20240000
`_2024-01-03 19:35:27_
--------
*c4ae8cdfc66973e53c8a1970545a3e2b*
`登陆天数: 119天 / 1366天
等级: 139
石头: 1544
呼符: 49
体力: 232.14666666666665 / 140
友情点: 0 / 15712485`
*連続ログイン7日間到達おめでとうございます！
明日は1日目からリスタートされます。*
`獣の足跡 X 1
呼符 X 1
1月交換券(2024) X 1
`*2024年お正月キャンペーン 10万リポスト達成プレゼント*
*開催期間中、初回ログインでお正月限定概念礼装&2024万QPをプレゼント！*
`ドラゴン・ダンス X 1
QP X 20240000
`_2024-01-03 19:35:35_
--------
*95433763b3466b0dae7f217d4c6c91be*
`登陆天数: 122天 / 1240天
等级: 137
石头: 645
呼符: 57
体力: 232.14666666666665 / 140
友情点: 30 / 1359455`
*連続ログイン3日目
※ログインが途切れるか、7日到達すると
1日目から再開されます*
`叡智の業火 X 1
1月交換券(2024) X 1
`*2024年お正月キャンペーン 10万リポスト達成プレゼント*
*開催期間中、初回ログインでお正月限定概念礼装&2024万QPをプレゼント！*
`ドラゴン・ダンス X 1
QP X 20240000
`_2024-01-03 19:35:43_
--------
