【登录信息】
*c4ae8cdfc66973e53c8a1970545a3e2b*
`登陆天数: 120天 / 1498天
等级: 140
石头: 1005
呼符: 52
体力: 280.6933333333333 / 140
友情点: 35 / 3049230`
*連続ログイン1日目
※ログインが途切れるか、7日到達すると
1日目から再開されます*
`フレンドポイント X 2000
1月交換券(2024) X 1
`_2024-01-04 19:35:38_
--------
*7f4f754f260fe60c4393be1e8f740163*
`登陆天数: 120天 / 1495天
等级: 140
石头: 872
呼符: 53
体力: 279.77 / 140
友情点: 0 / 2817860`
*連続ログイン1日目
※ログインが途切れるか、7日到達すると
1日目から再開されます*
`フレンドポイント X 2000
1月交換券(2024) X 1
`_2024-01-04 19:35:46_
--------
*c4ae8cdfc66973e53c8a1970545a3e2b*
`登陆天数: 120天 / 1367天
等级: 139
石头: 1544
呼符: 50
体力: 278.11333333333334 / 140
友情点: 0 / 15712710`
*連続ログイン1日目
※ログインが途切れるか、7日到達すると
1日目から再開されます*
`フレンドポイント X 2000
1月交換券(2024) X 1
`_2024-01-04 19:35:53_
--------
*95433763b3466b0dae7f217d4c6c91be*
`登陆天数: 123天 / 1241天
等级: 137
石头: 648
呼符: 57
体力: 277.43 / 140
友情点: 20 / 1359570`
*連続ログイン4日目
※ログインが途切れるか、7日到達すると
1日目から再開されます*
`聖晶石 X 1
1月交換券(2024) X 1
`_2024-01-04 19:36:01_
--------
