【登录信息】
*c4ae8cdfc66973e53c8a1970545a3e2b*
`登陆天数: 121天 / 1499天
等级: 140
石头: 1007
呼符: 53
体力: 195.22 / 140
友情点: 145 / 3051545`
*連続ログイン2日目
※ログインが途切れるか、7日到達すると
1日目から再開されます*
`聖晶石 X 1
1月交換券(2024) X 1
`_2024-01-05 19:35:16_
--------
*7f4f754f260fe60c4393be1e8f740163*
`登陆天数: 121天 / 1496天
等级: 140
石头: 876
呼符: 53
体力: 195.10333333333332 / 140
友情点: 0 / 2817995`
*連続ログイン2日目
※ログインが途切れるか、7日到達すると
1日目から再開されます*
`聖晶石 X 1
1月交換券(2024) X 1
`_2024-01-05 19:35:24_
--------
*c4ae8cdfc66973e53c8a1970545a3e2b*
`登陆天数: 121天 / 1368天
等级: 139
石头: 1548
呼符: 50
体力: 192.65333333333334 / 140
友情点: 50 / 15713060`
*連続ログイン2日目
※ログインが途切れるか、7日到達すると
1日目から再開されます*
`聖晶石 X 1
1月交換券(2024) X 1
`_2024-01-05 19:35:32_
--------
*95433763b3466b0dae7f217d4c6c91be*
`登陆天数: 124天 / 1242天
等级: 137
石头: 648
呼符: 57
体力: 192.68 / 140
友情点: 50 / 1359810`
*連続ログイン5日目
※ログインが途切れるか、7日到達すると
1日目から再開されます*
`叡智の業火 X 2
1月交換券(2024) X 1
`_2024-01-05 19:35:41_
--------
