【登录信息】
*c4ae8cdfc66973e53c8a1970545a3e2b*
`登陆天数: 122天 / 1500天
等级: 140
石头: 1007
呼符: 53
体力: 207.00333333333333 / 140
友情点: 25 / 3051785`
*連続ログイン3日目
※ログインが途切れるか、7日到達すると
1日目から再開されます*
`叡智の業火 X 1
1月交換券(2024) X 1
`_2024-01-06 19:35:16_
--------
*7f4f754f260fe60c4393be1e8f740163*
`登陆天数: 122天 / 1497天
等级: 140
石头: 876
呼符: 53
体力: 205.76999999999998 / 140
友情点: 0 / 2818130`
*連続ログイン3日目
※ログインが途切れるか、7日到達すると
1日目から再開されます*
`叡智の業火 X 1
1月交換券(2024) X 1
`_2024-01-06 19:35:24_
--------
*c4ae8cdfc66973e53c8a1970545a3e2b*
`登陆天数: 122天 / 1369天
等级: 139
石头: 1548
呼符: 50
体力: 154.80333333333334 / 140
友情点: 0 / 15713345`
*連続ログイン3日目
※ログインが途切れるか、7日到達すると
1日目から再開されます*
`叡智の業火 X 1
1月交換券(2024) X 1
`_2024-01-06 19:35:31_
--------
*95433763b3466b0dae7f217d4c6c91be*
`登陆天数: 125天 / 1243天
等级: 137
石头: 648
呼符: 57
体力: 154.90333333333334 / 140
友情点: 40 / 1360050`
*連続ログイン6日目
※ログインが途切れるか、7日到達すると
1日目から再開されます*
`聖晶石 X 2
1月交換券(2024) X 1
`_2024-01-06 19:35:39_
--------
