【登录信息】
*c4ae8cdfc66973e53c8a1970545a3e2b*
`登陆天数: 123天 / 1501天
等级: 140
石头: 1014
呼符: 58
体力: 113.65333333333334 / 140
友情点: 20 / 3048200`
*連続ログイン4日目
※ログインが途切れるか、7日到達すると
1日目から再開されます*
`聖晶石 X 1
1月交換券(2024) X 1
`_2024-01-07 19:35:20_
--------
*7f4f754f260fe60c4393be1e8f740163*
`登陆天数: 123天 / 1498天
等级: 140
石头: 882
呼符: 58
体力: 204.76666666666665 / 140
友情点: 0 / 2814280`
*連続ログイン4日目
※ログインが途切れるか、7日到達すると
1日目から再開されます*
`聖晶石 X 1
1月交換券(2024) X 1
`_2024-01-07 19:35:28_
--------
*c4ae8cdfc66973e53c8a1970545a3e2b*
`登陆天数: 123天 / 1370天
等级: 140
石头: 1559
呼符: 55
体力: 226.06 / 140
友情点: 50 / 15708095`
*連続ログイン4日目
※ログインが途切れるか、7日到達すると
1日目から再開されます*
`聖晶石 X 1
1月交換券(2024) X 1
`_2024-01-07 19:35:36_
--------
*95433763b3466b0dae7f217d4c6c91be*
`登陆天数: 126天 / 1244天
等级: 137
石头: 654
呼符: 62
体力: 204.82999999999998 / 140
友情点: 100 / 1356360`
*連続ログイン7日間到達おめでとうございます！
明日は1日目からリスタートされます。*
`獣の足跡 X 1
呼符 X 1
1月交換券(2024) X 1
`_2024-01-07 19:35:45_
--------
