【登录信息】
*c4ae8cdfc66973e53c8a1970545a3e2b*
`登陆天数: 124天 / 1502天
等级: 140
石头: 1014
呼符: 58
体力: 304.52 / 140
友情点: 0 / 3048340`
_2024-01-09 03:15:02_
--------
*7f4f754f260fe60c4393be1e8f740163*
`登陆天数: 124天 / 1499天
等级: 140
石头: 882
呼符: 58
体力: 244.5233333333333 / 140
友情点: 0 / 2814430`
*連続ログイン5日目
※ログインが途切れるか、7日到達すると
1日目から再開されます*
`叡智の業火 X 2
1月交換券(2024) X 1
`_2024-01-09 03:15:11_
--------
*c4ae8cdfc66973e53c8a1970545a3e2b*
`登陆天数: 124天 / 1371天
等级: 140
石头: 1565
呼符: 55
体力: 220.62 / 140
友情点: 0 / 15708345`
*連続ログイン5日目
※ログインが途切れるか、7日到達すると
1日目から再開されます*
`叡智の業火 X 2
1月交換券(2024) X 1
`_2024-01-09 03:15:19_
--------
*95433763b3466b0dae7f217d4c6c91be*
`登陆天数: 127天 / 1245天
等级: 137
石头: 654
呼符: 62
体力: 243.62666666666667 / 140
友情点: 200 / 1356740`
*連続ログイン1日目
※ログインが途切れるか、7日到達すると
1日目から再開されます*
`フレンドポイント X 2000
1月交換券(2024) X 1
`_2024-01-09 03:15:27_
--------
