【登录信息】
*c4ae8cdfc66973e53c8a1970545a3e2b*
`登陆天数: 125天 / 1503天
等级: 140
石头: 1014
呼符: 58
体力: 208.79333333333335 / 140
友情点: 25 / 3048515`
*連続ログイン6日目
※ログインが途切れるか、7日到達すると
1日目から再開されます*
`聖晶石 X 2
1月交換券(2024) X 1
`_2024-01-09 19:35:29_
--------
*7f4f754f260fe60c4393be1e8f740163*
`登陆天数: 125天 / 1500天
等级: 140
石头: 882
呼符: 58
体力: 190.53666666666666 / 140
友情点: 0 / 2814590`
*連続ログイン6日目
※ログインが途切れるか、7日到達すると
1日目から再開されます*
`聖晶石 X 2
1月交換券(2024) X 1
`_2024-01-09 19:35:37_
--------
*c4ae8cdfc66973e53c8a1970545a3e2b*
`登陆天数: 125天 / 1372天
等级: 140
石头: 1565
呼符: 55
体力: 177.76 / 140
友情点: 0 / 15708870`
*連続ログイン6日目
※ログインが途切れるか、7日到達すると
1日目から再開されます*
`聖晶石 X 2
1月交換券(2024) X 1
`_2024-01-09 19:35:45_
--------
*95433763b3466b0dae7f217d4c6c91be*
`登陆天数: 128天 / 1246天
等级: 137
石头: 654
呼符: 62
体力: 439.7133333333333 / 140
友情点: 130 / 1356890`
*連続ログイン2日目
※ログインが途切れるか、7日到達すると
1日目から再開されます*
`聖晶石 X 1
1月交換券(2024) X 1
`_2024-01-09 19:35:53_
--------
