【登录信息】
*c4ae8cdfc66973e53c8a1970545a3e2b*
`登陆天数: 329天 / 1707天
等级: 143
石头: 507
呼符: 8
体力: 3706.7766666666666 / 141
友情点: 0 / 3207685`
*連続ログイン7日間到達おめでとうございます！
明日は1日目からリスタートされます。*
`獣の足跡 X 1
呼符 X 1
8月交換券(2024) X 1
`*使用期限付コンティニューアイテムプレゼント！*
*開催期間中、1日1回 最大7回 コンティニューアイテム「霊脈石」をプレゼント！*
`霊脈石 X 1
`_2024-07-31 19:31:07_
--------
*7f4f754f260fe60c4393be1e8f740163*
`登陆天数: 329天 / 1704天
等级: 143
石头: 908
呼符: 8
体力: 3706.7166666666667 / 141
友情点: 10 / 2941660`
*連続ログイン7日間到達おめでとうございます！
明日は1日目からリスタートされます。*
`獣の足跡 X 1
呼符 X 1
8月交換券(2024) X 1
`*使用期限付コンティニューアイテムプレゼント！*
*開催期間中、1日1回 最大7回 コンティニューアイテム「霊脈石」をプレゼント！*
`霊脈石 X 1
`_2024-07-31 19:31:16_
--------
*c4ae8cdfc66973e53c8a1970545a3e2b*
`登陆天数: 329天 / 1576天
等级: 142
石头: 653
呼符: 8
体力: 3701.8966666666665 / 140
友情点: 0 / 15735230`
*連続ログイン7日間到達おめでとうございます！
明日は1日目からリスタートされます。*
`獣の足跡 X 1
呼符 X 1
8月交換券(2024) X 1
`*使用期限付コンティニューアイテムプレゼント！*
*開催期間中、1日1回 最大7回 コンティニューアイテム「霊脈石」をプレゼント！*
`霊脈石 X 1
`_2024-07-31 19:31:24_
--------
*95433763b3466b0dae7f217d4c6c91be*
`登陆天数: 117天 / 1449天
等级: 140
石头: 389
呼符: 1
体力: 3701.9166666666665 / 140
友情点: 0 / 1430255`
*連続ログイン5日目
※ログインが途切れるか、7日到達すると
1日目から再開されます*
`叡智の業火 X 2
8月交換券(2024) X 1
`*使用期限付コンティニューアイテムプレゼント！*
*開催期間中、1日1回 最大7回 コンティニューアイテム「霊脈石」をプレゼント！*
`霊脈石 X 1
`_2024-07-31 19:31:33_
--------
