【登录信息】
*c4ae8cdfc66973e53c8a1970545a3e2b*
`登陆天数: 330天 / 1708天
等级: 143
石头: 507
呼符: 8
体力: 3994.72 / 141
友情点: 25 / 3207710`
*連続ログイン1日目
※ログインが途切れるか、7日到達すると
1日目から再開されます*
`フレンドポイント X 2000
8月交換券(2024) X 1
`*使用期限付コンティニューアイテムプレゼント！*
*開催期間中、1日1回 最大7回 コンティニューアイテム「霊脈石」をプレゼント！*
`霊脈石 X 1
`_2024-08-01 19:30:49_
--------
*7f4f754f260fe60c4393be1e8f740163*
`登陆天数: 330天 / 1705天
等级: 143
石头: 908
呼符: 8
体力: 3994.6566666666668 / 141
友情点: 10 / 2941670`
*連続ログイン1日目
※ログインが途切れるか、7日到達すると
1日目から再開されます*
`フレンドポイント X 2000
8月交換券(2024) X 1
`*使用期限付コンティニューアイテムプレゼント！*
*開催期間中、1日1回 最大7回 コンティニューアイテム「霊脈石」をプレゼント！*
`霊脈石 X 1
`_2024-08-01 19:30:58_
--------
*c4ae8cdfc66973e53c8a1970545a3e2b*
`登陆天数: 330天 / 1577天
等级: 142
石头: 653
呼符: 8
体力: 3989.8366666666666 / 140
友情点: 50 / 15735280`
*連続ログイン1日目
※ログインが途切れるか、7日到達すると
1日目から再開されます*
`フレンドポイント X 2000
8月交換券(2024) X 1
`*使用期限付コンティニューアイテムプレゼント！*
*開催期間中、1日1回 最大7回 コンティニューアイテム「霊脈石」をプレゼント！*
`霊脈石 X 1
`_2024-08-01 19:31:07_
--------
*95433763b3466b0dae7f217d4c6c91be*
`登陆天数: 118天 / 1450天
等级: 140
石头: 389
呼符: 1
体力: 3989.86 / 140
友情点: 0 / 1430255`
*連続ログイン6日目
※ログインが途切れるか、7日到達すると
1日目から再開されます*
`聖晶石 X 2
8月交換券(2024) X 1
`*使用期限付コンティニューアイテムプレゼント！*
*開催期間中、1日1回 最大7回 コンティニューアイテム「霊脈石」をプレゼント！*
`霊脈石 X 1
`_2024-08-01 19:31:16_
--------
