【登录信息】
*c4ae8cdfc66973e53c8a1970545a3e2b*
`登陆天数: 331天 / 1709天
等级: 143
石头: 507
呼符: 8
体力: 4282.76 / 141
友情点: 50 / 3207760`
*連続ログイン2日目
※ログインが途切れるか、7日到達すると
1日目から再開されます*
`聖晶石 X 1
8月交換券(2024) X 1
`*使用期限付コンティニューアイテムプレゼント！*
*開催期間中、1日1回 最大7回 コンティニューアイテム「霊脈石」をプレゼント！*
`霊脈石 X 1
`_2024-08-02 19:31:02_
--------
*7f4f754f260fe60c4393be1e8f740163*
`登陆天数: 331天 / 1706天
等级: 143
石头: 908
呼符: 8
体力: 4282.7 / 141
友情点: 50 / 2941720`
*連続ログイン2日目
※ログインが途切れるか、7日到達すると
1日目から再開されます*
`聖晶石 X 1
8月交換券(2024) X 1
`*使用期限付コンティニューアイテムプレゼント！*
*開催期間中、1日1回 最大7回 コンティニューアイテム「霊脈石」をプレゼント！*
`霊脈石 X 1
`_2024-08-02 19:31:11_
--------
*c4ae8cdfc66973e53c8a1970545a3e2b*
`登陆天数: 331天 / 1578天
等级: 142
石头: 653
呼符: 8
体力: 4277.876666666667 / 140
友情点: 0 / 15735280`
*連続ログイン2日目
※ログインが途切れるか、7日到達すると
1日目から再開されます*
`聖晶石 X 1
8月交換券(2024) X 1
`*使用期限付コンティニューアイテムプレゼント！*
*開催期間中、1日1回 最大7回 コンティニューアイテム「霊脈石」をプレゼント！*
`霊脈石 X 1
`_2024-08-02 19:31:19_
--------
*95433763b3466b0dae7f217d4c6c91be*
`登陆天数: 119天 / 1451天
等级: 140
石头: 389
呼符: 1
体力: 4277.9 / 140
友情点: 0 / 1430255`
*連続ログイン7日間到達おめでとうございます！
明日は1日目からリスタートされます。*
`獣の足跡 X 1
呼符 X 1
8月交換券(2024) X 1
`*使用期限付コンティニューアイテムプレゼント！*
*開催期間中、1日1回 最大7回 コンティニューアイテム「霊脈石」をプレゼント！*
`霊脈石 X 1
`_2024-08-02 19:31:28_
--------
