【登录信息】
*c4ae8cdfc66973e53c8a1970545a3e2b*
`登陆天数: 333天 / 1711天
等级: 143
石头: 201
呼符: 1
体力: 258.89666666666665 / 141
友情点: 0 / 3208285`
*連続ログイン4日目
※ログインが途切れるか、7日到達すると
1日目から再開されます*
`聖晶石 X 1
8月交換券(2024) X 1
`*「FGO Expo ～Fate/Grand Order Fes. 2024 9th Anniversary～」配信番組連動キャンペーン報酬プレゼント*
*開催期間中、初回ログインで「聖晶石×100」をプレゼント！*
`聖晶石 X 100
`_2024-08-04 19:30:58_
--------
*7f4f754f260fe60c4393be1e8f740163*
`登陆天数: 333天 / 1708天
等级: 143
石头: 56
呼符: 20
体力: 4858.6866666666665 / 141
友情点: 0 / 2941720`
*連続ログイン4日目
※ログインが途切れるか、7日到達すると
1日目から再開されます*
`聖晶石 X 1
8月交換券(2024) X 1
`*「FGO Expo ～Fate/Grand Order Fes. 2024 9th Anniversary～」配信番組連動キャンペーン報酬プレゼント*
*開催期間中、初回ログインで「聖晶石×100」をプレゼント！*
`聖晶石 X 100
`_2024-08-04 19:31:06_
--------
*c4ae8cdfc66973e53c8a1970545a3e2b*
`登陆天数: 333天 / 1580天
等级: 142
石头: 554
呼符: 18
体力: 4853.863333333334 / 140
友情点: 0 / 15735280`
*連続ログイン4日目
※ログインが途切れるか、7日到達すると
1日目から再開されます*
`聖晶石 X 1
8月交換券(2024) X 1
`*「FGO Expo ～Fate/Grand Order Fes. 2024 9th Anniversary～」配信番組連動キャンペーン報酬プレゼント*
*開催期間中、初回ログインで「聖晶石×100」をプレゼント！*
`聖晶石 X 100
`_2024-08-04 19:31:15_
--------
*95433763b3466b0dae7f217d4c6c91be*
`登陆天数: 121天 / 1453天
等级: 140
石头: 109
呼符: 0
体力: 4853.883333333333 / 140
友情点: 0 / 1466265`
*連続ログイン2日目
※ログインが途切れるか、7日到達すると
1日目から再開されます*
`聖晶石 X 1
8月交換券(2024) X 1
`*「FGO Expo ～Fate/Grand Order Fes. 2024 9th Anniversary～」配信番組連動キャンペーン報酬プレゼント*
*開催期間中、初回ログインで「聖晶石×100」をプレゼント！*
`聖晶石 X 100
`_2024-08-04 19:31:23_
--------
