【登录信息】
*c4ae8cdfc66973e53c8a1970545a3e2b*
`登陆天数: 334天 / 1712天
等级: 143
石头: 201
呼符: 1
体力: 547.2833333333333 / 141
友情点: 50 / 3208335`
*連続ログイン5日目
※ログインが途切れるか、7日到達すると
1日目から再開されます*
`叡智の業火 X 2
8月交換券(2024) X 1
`*9周年記念特別回数ログインボーナス*
*開催期間中、1日1回 最大10回 回数ログインボーナスをプレゼント！*
`QP X 3000000
フレンドポイント X 100000
獣の足跡 X 3
`_2024-08-05 19:32:54_
--------
*7f4f754f260fe60c4393be1e8f740163*
`登陆天数: 334天 / 1709天
等级: 143
石头: 56
呼符: 20
体力: 5147.07 / 141
友情点: 0 / 2941720`
*連続ログイン5日目
※ログインが途切れるか、7日到達すると
1日目から再開されます*
`叡智の業火 X 2
8月交換券(2024) X 1
`*9周年記念特別回数ログインボーナス*
*開催期間中、1日1回 最大10回 回数ログインボーナスをプレゼント！*
`QP X 3000000
フレンドポイント X 100000
獣の足跡 X 3
`_2024-08-05 19:33:02_
--------
*c4ae8cdfc66973e53c8a1970545a3e2b*
`登陆天数: 334天 / 1581天
等级: 142
石头: 554
呼符: 18
体力: 5142.246666666667 / 140
友情点: 0 / 15735280`
*連続ログイン5日目
※ログインが途切れるか、7日到達すると
1日目から再開されます*
`叡智の業火 X 2
8月交換券(2024) X 1
`*9周年記念特別回数ログインボーナス*
*開催期間中、1日1回 最大10回 回数ログインボーナスをプレゼント！*
`QP X 3000000
フレンドポイント X 100000
獣の足跡 X 3
`_2024-08-05 19:33:10_
--------
*95433763b3466b0dae7f217d4c6c91be*
`登陆天数: 122天 / 1454天
等级: 140
石头: 109
呼符: 0
体力: 5142.266666666666 / 140
友情点: 0 / 1466265`
*連続ログイン3日目
※ログインが途切れるか、7日到達すると
1日目から再開されます*
`叡智の業火 X 1
8月交換券(2024) X 1
`*9周年記念特別回数ログインボーナス*
*開催期間中、1日1回 最大10回 回数ログインボーナスをプレゼント！*
`QP X 3000000
フレンドポイント X 100000
獣の足跡 X 3
`_2024-08-05 19:33:18_
--------
