【登录信息】
*c4ae8cdfc66973e53c8a1970545a3e2b*
`登陆天数: 335天 / 1713天
等级: 143
石头: 201
呼符: 1
体力: 834.9066666666666 / 141
友情点: 0 / 3208335`
*連続ログイン6日目
※ログインが途切れるか、7日到達すると
1日目から再開されます*
`聖晶石 X 2
8月交換券(2024) X 1
`*ショートアニメ「FGO 藤丸立香はわからない」Season2公開記念 特別ログインボーナス*
*開催期間中、初回ログインで「限定概念礼装×1」をプレゼント！*
`「FGO 藤丸立香はわからない」Season2 X 1
`_2024-08-06 19:31:01_
--------
*7f4f754f260fe60c4393be1e8f740163*
`登陆天数: 335天 / 1710天
等级: 143
石头: 56
呼符: 20
体力: 5434.693333333334 / 141
友情点: 10 / 2941730`
*連続ログイン6日目
※ログインが途切れるか、7日到達すると
1日目から再開されます*
`聖晶石 X 2
8月交換券(2024) X 1
`*ショートアニメ「FGO 藤丸立香はわからない」Season2公開記念 特別ログインボーナス*
*開催期間中、初回ログインで「限定概念礼装×1」をプレゼント！*
`「FGO 藤丸立香はわからない」Season2 X 1
`_2024-08-06 19:31:10_
--------
*c4ae8cdfc66973e53c8a1970545a3e2b*
`登陆天数: 335天 / 1582天
等级: 142
石头: 554
呼符: 18
体力: 5429.873333333333 / 140
友情点: 0 / 15735280`
*連続ログイン6日目
※ログインが途切れるか、7日到達すると
1日目から再開されます*
`聖晶石 X 2
8月交換券(2024) X 1
`*ショートアニメ「FGO 藤丸立香はわからない」Season2公開記念 特別ログインボーナス*
*開催期間中、初回ログインで「限定概念礼装×1」をプレゼント！*
`「FGO 藤丸立香はわからない」Season2 X 1
`_2024-08-06 19:31:18_
--------
*95433763b3466b0dae7f217d4c6c91be*
`登陆天数: 123天 / 1455天
等级: 140
石头: 109
呼符: 0
体力: 5429.893333333333 / 140
友情点: 0 / 1466265`
*連続ログイン4日目
※ログインが途切れるか、7日到達すると
1日目から再開されます*
`聖晶石 X 1
8月交換券(2024) X 1
`*ショートアニメ「FGO 藤丸立香はわからない」Season2公開記念 特別ログインボーナス*
*開催期間中、初回ログインで「限定概念礼装×1」をプレゼント！*
`「FGO 藤丸立香はわからない」Season2 X 1
`_2024-08-06 19:31:26_
--------
