【登录信息】
*c4ae8cdfc66973e53c8a1970545a3e2b*
`登陆天数: 336天 / 1714天
等级: 143
石头: 201
呼符: 1
体力: 1122.9099999999999 / 141
友情点: 0 / 3208335`
*連続ログイン7日間到達おめでとうございます！
明日は1日目からリスタートされます。*
`獣の足跡 X 1
呼符 X 1
8月交換券(2024) X 1
`*「水着イベント2024」開幕直前カウントダウンログインボーナス*
*開催期間中、1日1回 7日間日替わりでログインボーナスをプレゼント！*
`叡智の業火 X 10
`_2024-08-07 19:31:01_
--------
*7f4f754f260fe60c4393be1e8f740163*
`登陆天数: 336天 / 1711天
等级: 143
石头: 56
呼符: 20
体力: 5722.7 / 141
友情点: 0 / 2941730`
*連続ログイン7日間到達おめでとうございます！
明日は1日目からリスタートされます。*
`獣の足跡 X 1
呼符 X 1
8月交換券(2024) X 1
`*「水着イベント2024」開幕直前カウントダウンログインボーナス*
*開催期間中、1日1回 7日間日替わりでログインボーナスをプレゼント！*
`叡智の業火 X 10
`_2024-08-07 19:31:10_
--------
*c4ae8cdfc66973e53c8a1970545a3e2b*
`登陆天数: 336天 / 1583天
等级: 142
石头: 554
呼符: 18
体力: 5717.88 / 140
友情点: 0 / 15735280`
*連続ログイン7日間到達おめでとうございます！
明日は1日目からリスタートされます。*
`獣の足跡 X 1
呼符 X 1
8月交換券(2024) X 1
`*「水着イベント2024」開幕直前カウントダウンログインボーナス*
*開催期間中、1日1回 7日間日替わりでログインボーナスをプレゼント！*
`叡智の業火 X 10
`_2024-08-07 19:31:19_
--------
*95433763b3466b0dae7f217d4c6c91be*
`登陆天数: 124天 / 1456天
等级: 140
石头: 109
呼符: 0
体力: 5717.903333333334 / 140
友情点: 0 / 1466265`
*連続ログイン5日目
※ログインが途切れるか、7日到達すると
1日目から再開されます*
`叡智の業火 X 2
8月交換券(2024) X 1
`*「水着イベント2024」開幕直前カウントダウンログインボーナス*
*開催期間中、1日1回 7日間日替わりでログインボーナスをプレゼント！*
`叡智の業火 X 10
`_2024-08-07 19:31:28_
--------
