【登录信息】
*c4ae8cdfc66973e53c8a1970545a3e2b*
`登陆天数: 337天 / 1715天
等级: 143
石头: 407
呼符: 22
体力: 256.17333333333335 / 141
友情点: 175 / 3244635`
*連続ログイン1日目
※ログインが途切れるか、7日到達すると
1日目から再開されます*
`フレンドポイント X 2000
8月交換券(2024) X 1
`*「水着イベント2024」開幕直前カウントダウンログインボーナス*
*開催期間中、1日1回 7日間日替わりでログインボーナスをプレゼント！*
`黄金の果実 X 1
`_2024-08-08 19:31:12_
--------
*7f4f754f260fe60c4393be1e8f740163*
`登陆天数: 337天 / 1712天
等级: 143
石头: 56
呼符: 20
体力: 6010.73 / 141
友情点: 25 / 2941755`
*連続ログイン1日目
※ログインが途切れるか、7日到達すると
1日目から再開されます*
`フレンドポイント X 2000
8月交換券(2024) X 1
`*「水着イベント2024」開幕直前カウントダウンログインボーナス*
*開催期間中、1日1回 7日間日替わりでログインボーナスをプレゼント！*
`黄金の果実 X 1
`_2024-08-08 19:31:20_
--------
*c4ae8cdfc66973e53c8a1970545a3e2b*
`登陆天数: 337天 / 1584天
等级: 142
石头: 554
呼符: 18
体力: 6005.91 / 140
友情点: 0 / 15735280`
*連続ログイン1日目
※ログインが途切れるか、7日到達すると
1日目から再開されます*
`フレンドポイント X 2000
8月交換券(2024) X 1
`*「水着イベント2024」開幕直前カウントダウンログインボーナス*
*開催期間中、1日1回 7日間日替わりでログインボーナスをプレゼント！*
`黄金の果実 X 1
`_2024-08-08 19:31:28_
--------
*95433763b3466b0dae7f217d4c6c91be*
`登陆天数: 125天 / 1457天
等级: 140
石头: 109
呼符: 0
体力: 6005.93 / 140
友情点: 0 / 1466265`
*連続ログイン6日目
※ログインが途切れるか、7日到達すると
1日目から再開されます*
`聖晶石 X 2
8月交換券(2024) X 1
`*「水着イベント2024」開幕直前カウントダウンログインボーナス*
*開催期間中、1日1回 7日間日替わりでログインボーナスをプレゼント！*
`黄金の果実 X 1
`_2024-08-08 19:31:37_
--------
