【登录信息】
*c4ae8cdfc66973e53c8a1970545a3e2b*
`登陆天数: 338天 / 1716天
等级: 143
石头: 407
呼符: 22
体力: 544.0933333333332 / 141
友情点: 275 / 3244910`
*連続ログイン2日目
※ログインが途切れるか、7日到達すると
1日目から再開されます*
`聖晶石 X 1
8月交換券(2024) X 1
`*リリース3300日突破キャンペーン 初回ログインボーナス*
*開催期間中、初回ログインで「聖晶石×10」をプレゼント！*
`聖晶石 X 10
`_2024-08-09 19:30:48_
--------
*7f4f754f260fe60c4393be1e8f740163*
`登陆天数: 338天 / 1713天
等级: 143
石头: 56
呼符: 20
体力: 6298.65 / 141
友情点: 25 / 2941780`
*連続ログイン2日目
※ログインが途切れるか、7日到達すると
1日目から再開されます*
`聖晶石 X 1
8月交換券(2024) X 1
`*リリース3300日突破キャンペーン 初回ログインボーナス*
*開催期間中、初回ログインで「聖晶石×10」をプレゼント！*
`聖晶石 X 10
`_2024-08-09 19:30:56_
--------
*c4ae8cdfc66973e53c8a1970545a3e2b*
`登陆天数: 338天 / 1585天
等级: 142
石头: 554
呼符: 18
体力: 6293.826666666667 / 140
友情点: 0 / 15735280`
*連続ログイン2日目
※ログインが途切れるか、7日到達すると
1日目から再開されます*
`聖晶石 X 1
8月交換券(2024) X 1
`*リリース3300日突破キャンペーン 初回ログインボーナス*
*開催期間中、初回ログインで「聖晶石×10」をプレゼント！*
`聖晶石 X 10
`_2024-08-09 19:31:04_
--------
*95433763b3466b0dae7f217d4c6c91be*
`登陆天数: 126天 / 1458天
等级: 140
石头: 109
呼符: 0
体力: 6293.846666666666 / 140
友情点: 0 / 1466265`
*連続ログイン7日間到達おめでとうございます！
明日は1日目からリスタートされます。*
`獣の足跡 X 1
呼符 X 1
8月交換券(2024) X 1
`*リリース3300日突破キャンペーン 初回ログインボーナス*
*開催期間中、初回ログインで「聖晶石×10」をプレゼント！*
`聖晶石 X 10
`_2024-08-09 19:31:12_
--------
