【登录信息】
*c4ae8cdfc66973e53c8a1970545a3e2b*
`登陆天数: 339天 / 1717天
等级: 143
石头: 407
呼符: 22
体力: 832.0766666666667 / 141
友情点: 160 / 3245070`
*連続ログイン3日目
※ログインが途切れるか、7日到達すると
1日目から再開されます*
`叡智の業火 X 1
8月交換券(2024) X 1
`*「水着イベント2024」開幕直前カウントダウンログインボーナス*
*開催期間中、1日1回 7日間日替わりでログインボーナスをプレゼント！*
`黄金の果実 X 1
`_2024-08-10 19:30:43_
--------
*7f4f754f260fe60c4393be1e8f740163*
`登陆天数: 339天 / 1714天
等级: 143
石头: 56
呼符: 20
体力: 6586.633333333333 / 141
友情点: 0 / 2941780`
*連続ログイン3日目
※ログインが途切れるか、7日到達すると
1日目から再開されます*
`叡智の業火 X 1
8月交換券(2024) X 1
`*「水着イベント2024」開幕直前カウントダウンログインボーナス*
*開催期間中、1日1回 7日間日替わりでログインボーナスをプレゼント！*
`黄金の果実 X 1
`_2024-08-10 19:30:51_
--------
*c4ae8cdfc66973e53c8a1970545a3e2b*
`登陆天数: 339天 / 1586天
等级: 142
石头: 554
呼符: 18
体力: 6581.8133333333335 / 140
友情点: 0 / 15735280`
*連続ログイン3日目
※ログインが途切れるか、7日到達すると
1日目から再開されます*
`叡智の業火 X 1
8月交換券(2024) X 1
`*「水着イベント2024」開幕直前カウントダウンログインボーナス*
*開催期間中、1日1回 7日間日替わりでログインボーナスをプレゼント！*
`黄金の果実 X 1
`_2024-08-10 19:31:00_
--------
*95433763b3466b0dae7f217d4c6c91be*
`登陆天数: 127天 / 1459天
等级: 140
石头: 109
呼符: 0
体力: 6581.833333333333 / 140
友情点: 0 / 1466265`
*連続ログイン1日目
※ログインが途切れるか、7日到達すると
1日目から再開されます*
`フレンドポイント X 2000
8月交換券(2024) X 1
`*「水着イベント2024」開幕直前カウントダウンログインボーナス*
*開催期間中、1日1回 7日間日替わりでログインボーナスをプレゼント！*
`黄金の果実 X 1
`_2024-08-10 19:31:08_
--------
