【登录信息】
*c4ae8cdfc66973e53c8a1970545a3e2b*
`登陆天数: 340天 / 1718天
等级: 143
石头: 407
呼符: 22
体力: 1120.1066666666666 / 141
友情点: 0 / 3245070`
*連続ログイン4日目
※ログインが途切れるか、7日到達すると
1日目から再開されます*
`聖晶石 X 1
8月交換券(2024) X 1
`*「水着イベント2024」開幕直前カウントダウンログインボーナス*
*開催期間中、1日1回 7日間日替わりでログインボーナスをプレゼント！*
`英霊結晶・太陽のフォウくん X 10
`_2024-08-11 19:30:52_
--------
*7f4f754f260fe60c4393be1e8f740163*
`登陆天数: 340天 / 1715天
等级: 143
石头: 56
呼符: 20
体力: 6874.666666666667 / 141
友情点: 50 / 2941830`
*連続ログイン4日目
※ログインが途切れるか、7日到達すると
1日目から再開されます*
`聖晶石 X 1
8月交換券(2024) X 1
`*「水着イベント2024」開幕直前カウントダウンログインボーナス*
*開催期間中、1日1回 7日間日替わりでログインボーナスをプレゼント！*
`英霊結晶・太陽のフォウくん X 10
`_2024-08-11 19:31:01_
--------
*c4ae8cdfc66973e53c8a1970545a3e2b*
`登陆天数: 340天 / 1587天
等级: 142
石头: 554
呼符: 18
体力: 6869.843333333333 / 140
友情点: 0 / 15735280`
*連続ログイン4日目
※ログインが途切れるか、7日到達すると
1日目から再開されます*
`聖晶石 X 1
8月交換券(2024) X 1
`*「水着イベント2024」開幕直前カウントダウンログインボーナス*
*開催期間中、1日1回 7日間日替わりでログインボーナスをプレゼント！*
`英霊結晶・太陽のフォウくん X 10
`_2024-08-11 19:31:09_
--------
*95433763b3466b0dae7f217d4c6c91be*
`登陆天数: 128天 / 1460天
等级: 140
石头: 109
呼符: 0
体力: 6869.863333333334 / 140
友情点: 0 / 1466265`
*連続ログイン2日目
※ログインが途切れるか、7日到達すると
1日目から再開されます*
`聖晶石 X 1
8月交換券(2024) X 1
`*「水着イベント2024」開幕直前カウントダウンログインボーナス*
*開催期間中、1日1回 7日間日替わりでログインボーナスをプレゼント！*
`英霊結晶・太陽のフォウくん X 10
`_2024-08-11 19:31:17_
--------
