【登录信息】
*c4ae8cdfc66973e53c8a1970545a3e2b*
`登陆天数: 341天 / 1719天
等级: 143
石头: 407
呼符: 22
体力: 1408.1266666666668 / 141
友情点: 225 / 3245295`
*連続ログイン5日目
※ログインが途切れるか、7日到達すると
1日目から再開されます*
`叡智の業火 X 2
8月交換券(2024) X 1
`*「水着イベント2024」開幕直前カウントダウンログインボーナス*
*開催期間中、1日1回 7日間日替わりでログインボーナスをプレゼント！*
`黄金の果実 X 1
`_2024-08-12 19:30:58_
--------
*7f4f754f260fe60c4393be1e8f740163*
`登陆天数: 341天 / 1716天
等级: 143
石头: 56
呼符: 20
体力: 7162.6866666666665 / 141
友情点: 10 / 2941840`
*連続ログイン5日目
※ログインが途切れるか、7日到達すると
1日目から再開されます*
`叡智の業火 X 2
8月交換券(2024) X 1
`*「水着イベント2024」開幕直前カウントダウンログインボーナス*
*開催期間中、1日1回 7日間日替わりでログインボーナスをプレゼント！*
`黄金の果実 X 1
`_2024-08-12 19:31:06_
--------
*c4ae8cdfc66973e53c8a1970545a3e2b*
`登陆天数: 341天 / 1588天
等级: 142
石头: 554
呼符: 18
体力: 7157.863333333334 / 140
友情点: 0 / 15735280`
*連続ログイン5日目
※ログインが途切れるか、7日到達すると
1日目から再開されます*
`叡智の業火 X 2
8月交換券(2024) X 1
`*「水着イベント2024」開幕直前カウントダウンログインボーナス*
*開催期間中、1日1回 7日間日替わりでログインボーナスをプレゼント！*
`黄金の果実 X 1
`_2024-08-12 19:31:15_
--------
*95433763b3466b0dae7f217d4c6c91be*
`登陆天数: 129天 / 1461天
等级: 140
石头: 109
呼符: 0
体力: 7157.886666666666 / 140
友情点: 0 / 1466265`
*連続ログイン3日目
※ログインが途切れるか、7日到達すると
1日目から再開されます*
`叡智の業火 X 1
8月交換券(2024) X 1
`*「水着イベント2024」開幕直前カウントダウンログインボーナス*
*開催期間中、1日1回 7日間日替わりでログインボーナスをプレゼント！*
`黄金の果実 X 1
`_2024-08-12 19:31:24_
--------
