【登录信息】
*c4ae8cdfc66973e53c8a1970545a3e2b*
`登陆天数: 342天 / 1720天
等级: 143
石头: 407
呼符: 22
体力: 1696.0966666666666 / 141
友情点: 200 / 3245495`
*連続ログイン6日目
※ログインが途切れるか、7日到達すると
1日目から再開されます*
`聖晶石 X 2
8月交換券(2024) X 1
`*「水着イベント2024」開幕直前カウントダウンログインボーナス*
*開催期間中、1日1回 7日間日替わりでログインボーナスをプレゼント！*
`獣の足跡 X 1
`_2024-08-13 19:30:48_
--------
*7f4f754f260fe60c4393be1e8f740163*
`登陆天数: 342天 / 1717天
等级: 143
石头: 56
呼符: 20
体力: 7450.653333333334 / 141
友情点: 0 / 2941840`
*連続ログイン6日目
※ログインが途切れるか、7日到達すると
1日目から再開されます*
`聖晶石 X 2
8月交換券(2024) X 1
`*「水着イベント2024」開幕直前カウントダウンログインボーナス*
*開催期間中、1日1回 7日間日替わりでログインボーナスをプレゼント！*
`獣の足跡 X 1
`_2024-08-13 19:30:57_
--------
*c4ae8cdfc66973e53c8a1970545a3e2b*
`登陆天数: 342天 / 1589天
等级: 142
石头: 554
呼符: 18
体力: 7445.833333333333 / 140
友情点: 0 / 15735280`
*連続ログイン6日目
※ログインが途切れるか、7日到達すると
1日目から再開されます*
`聖晶石 X 2
8月交換券(2024) X 1
`*「水着イベント2024」開幕直前カウントダウンログインボーナス*
*開催期間中、1日1回 7日間日替わりでログインボーナスをプレゼント！*
`獣の足跡 X 1
`_2024-08-13 19:31:05_
--------
*95433763b3466b0dae7f217d4c6c91be*
`登陆天数: 130天 / 1462天
等级: 140
石头: 109
呼符: 0
体力: 7445.8533333333335 / 140
友情点: 0 / 1466265`
*連続ログイン4日目
※ログインが途切れるか、7日到達すると
1日目から再開されます*
`聖晶石 X 1
8月交換券(2024) X 1
`*「水着イベント2024」開幕直前カウントダウンログインボーナス*
*開催期間中、1日1回 7日間日替わりでログインボーナスをプレゼント！*
`獣の足跡 X 1
`_2024-08-13 19:31:14_
--------
