【登录信息】
*c4ae8cdfc66973e53c8a1970545a3e2b*
`登陆天数: 343天 / 1721天
等级: 143
石头: 347
呼符: 22
体力: 120.06666666666666 / 141
友情点: 0 / 3245645`
*連続ログイン7日間到達おめでとうございます！
明日は1日目からリスタートされます。*
`獣の足跡 X 1
呼符 X 1
8月交換券(2024) X 1
`*FGOカルデア放送局 ライト版 ～水着イベント2024～ 放送記念 初回ログインボーナス*
*開催期間中、初回ログインで「聖晶石×14」をプレゼント！*
`聖晶石 X 14
`_2024-08-14 19:30:59_
--------
*7f4f754f260fe60c4393be1e8f740163*
`登陆天数: 343天 / 1718天
等级: 143
石头: 258
呼符: 21
体力: 7738.6866666666665 / 141
友情点: 0 / 2941900`
*連続ログイン7日間到達おめでとうございます！
明日は1日目からリスタートされます。*
`獣の足跡 X 1
呼符 X 1
8月交換券(2024) X 1
`*FGOカルデア放送局 ライト版 ～水着イベント2024～ 放送記念 初回ログインボーナス*
*開催期間中、初回ログインで「聖晶石×14」をプレゼント！*
`聖晶石 X 14
`_2024-08-14 19:31:08_
--------
*c4ae8cdfc66973e53c8a1970545a3e2b*
`登陆天数: 343天 / 1590天
等级: 142
石头: 230
呼符: 0
体力: 120.99 / 140
友情点: 0 / 15735330`
*連続ログイン7日間到達おめでとうございます！
明日は1日目からリスタートされます。*
`獣の足跡 X 1
呼符 X 1
8月交換券(2024) X 1
`*FGOカルデア放送局 ライト版 ～水着イベント2024～ 放送記念 初回ログインボーナス*
*開催期間中、初回ログインで「聖晶石×14」をプレゼント！*
`聖晶石 X 14
`_2024-08-14 19:31:16_
--------
*95433763b3466b0dae7f217d4c6c91be*
`登陆天数: 131天 / 1463天
等级: 140
石头: 262
呼符: 11
体力: 190.14333333333332 / 140
友情点: 0 / 1466265`
*連続ログイン5日目
※ログインが途切れるか、7日到達すると
1日目から再開されます*
`叡智の業火 X 2
8月交換券(2024) X 1
`*FGOカルデア放送局 ライト版 ～水着イベント2024～ 放送記念 初回ログインボーナス*
*開催期間中、初回ログインで「聖晶石×14」をプレゼント！*
`聖晶石 X 14
`_2024-08-14 19:31:24_
--------
