【登录信息】
*c4ae8cdfc66973e53c8a1970545a3e2b*
`登陆天数: 344天 / 1722天
等级: 143
石头: 353
呼符: 24
体力: 113.28999999999999 / 141
友情点: 0 / 3359300`
*連続ログイン1日目
※ログインが途切れるか、7日到達すると
1日目から再開されます*
`フレンドポイント X 2000
8月交換券(2024) X 1
`*ＢＢプレゼンツ☆セレブサマー・エクスペリエンス！ 開幕記念 ログインボーナス*
*開催期間中、1日1回 最大78回 ログインボーナスをプレゼント！*
`白銀の果実 X 1
`_2024-08-15 19:31:07_
--------
*7f4f754f260fe60c4393be1e8f740163*
`登陆天数: 344天 / 1719天
等级: 143
石头: 206
呼符: 22
体力: 115.49333333333334 / 141
友情点: 0 / 3055485`
*連続ログイン1日目
※ログインが途切れるか、7日到達すると
1日目から再開されます*
`フレンドポイント X 2000
8月交換券(2024) X 1
`*ＢＢプレゼンツ☆セレブサマー・エクスペリエンス！ 開幕記念 ログインボーナス*
*開催期間中、1日1回 最大78回 ログインボーナスをプレゼント！*
`白銀の果実 X 1
`_2024-08-15 19:31:16_
--------
*c4ae8cdfc66973e53c8a1970545a3e2b*
`登陆天数: 344天 / 1591天
等级: 142
石头: 233
呼符: 13
体力: 107.58333333333334 / 140
友情点: 0 / 15736455`
*連続ログイン1日目
※ログインが途切れるか、7日到達すると
1日目から再開されます*
`フレンドポイント X 2000
8月交換券(2024) X 1
`*ＢＢプレゼンツ☆セレブサマー・エクスペリエンス！ 開幕記念 ログインボーナス*
*開催期間中、1日1回 最大78回 ログインボーナスをプレゼント！*
`白銀の果実 X 1
`_2024-08-15 19:31:24_
--------
*95433763b3466b0dae7f217d4c6c91be*
`登陆天数: 132天 / 1464天
等级: 140
石头: 175
呼符: 12
体力: 187.14 / 140
友情点: 0 / 1511350`
*連続ログイン6日目
※ログインが途切れるか、7日到達すると
1日目から再開されます*
`聖晶石 X 2
8月交換券(2024) X 1
`*ＢＢプレゼンツ☆セレブサマー・エクスペリエンス！ 開幕記念 ログインボーナス*
*開催期間中、1日1回 最大78回 ログインボーナスをプレゼント！*
`白銀の果実 X 1
`_2024-08-15 19:31:33_
--------
