【登录信息】
*c4ae8cdfc66973e53c8a1970545a3e2b*
`登陆天数: 345天 / 1723天
等级: 143
石头: 354
呼符: 24
体力: 134.58 / 141
友情点: 175 / 3359825`
*連続ログイン2日目
※ログインが途切れるか、7日到達すると
1日目から再開されます*
`聖晶石 X 1
8月交換券(2024) X 1
`*ＢＢプレゼンツ☆セレブサマー・エクスペリエンス！ 開幕記念 ログインボーナス*
*開催期間中、1日1回 最大78回 ログインボーナスをプレゼント！*
`白銀の果実 X 1
`_2024-08-16 19:30:34_
--------
*7f4f754f260fe60c4393be1e8f740163*
`登陆天数: 345天 / 1720天
等级: 143
石头: 207
呼符: 22
体力: 134.6 / 141
友情点: 0 / 3055810`
*連続ログイン2日目
※ログインが途切れるか、7日到達すると
1日目から再開されます*
`聖晶石 X 1
8月交換券(2024) X 1
`*ＢＢプレゼンツ☆セレブサマー・エクスペリエンス！ 開幕記念 ログインボーナス*
*開催期間中、1日1回 最大78回 ログインボーナスをプレゼント！*
`白銀の果実 X 1
`_2024-08-16 19:30:42_
--------
*c4ae8cdfc66973e53c8a1970545a3e2b*
`登陆天数: 345天 / 1592天
等级: 142
石头: 234
呼符: 13
体力: 131.07333333333332 / 140
友情点: 25 / 15736855`
*連続ログイン2日目
※ログインが途切れるか、7日到達すると
1日目から再開されます*
`聖晶石 X 1
8月交換券(2024) X 1
`*ＢＢプレゼンツ☆セレブサマー・エクスペリエンス！ 開幕記念 ログインボーナス*
*開催期間中、1日1回 最大78回 ログインボーナスをプレゼント！*
`白銀の果実 X 1
`_2024-08-16 19:30:50_
--------
*95433763b3466b0dae7f217d4c6c91be*
`登陆天数: 133天 / 1465天
等级: 140
石头: 176
呼符: 12
体力: 130.91666666666666 / 140
友情点: 0 / 1511725`
*連続ログイン7日間到達おめでとうございます！
明日は1日目からリスタートされます。*
`獣の足跡 X 1
呼符 X 1
8月交換券(2024) X 1
`*ＢＢプレゼンツ☆セレブサマー・エクスペリエンス！ 開幕記念 ログインボーナス*
*開催期間中、1日1回 最大78回 ログインボーナスをプレゼント！*
`白銀の果実 X 1
`_2024-08-16 19:30:58_
--------
