【登录信息】
*c4ae8cdfc66973e53c8a1970545a3e2b*
`登陆天数: 346天 / 1724天
等级: 143
石头: 354
呼符: 24
体力: 422.68333333333334 / 141
友情点: 100 / 3359925`
*連続ログイン3日目
※ログインが途切れるか、7日到達すると
1日目から再開されます*
`叡智の業火 X 1
8月交換券(2024) X 1
`*ＢＢプレゼンツ☆セレブサマー・エクスペリエンス！ 開幕記念 ログインボーナス*
*開催期間中、1日1回 最大78回 ログインボーナスをプレゼント！*
`白銀の果実 X 1
`_2024-08-17 19:31:05_
--------
*7f4f754f260fe60c4393be1e8f740163*
`登陆天数: 346天 / 1721天
等级: 143
石头: 207
呼符: 22
体力: 422.70666666666665 / 141
友情点: 0 / 3055810`
*連続ログイン3日目
※ログインが途切れるか、7日到達すると
1日目から再開されます*
`叡智の業火 X 1
8月交換券(2024) X 1
`*ＢＢプレゼンツ☆セレブサマー・エクスペリエンス！ 開幕記念 ログインボーナス*
*開催期間中、1日1回 最大78回 ログインボーナスをプレゼント！*
`白銀の果実 X 1
`_2024-08-17 19:31:13_
--------
*c4ae8cdfc66973e53c8a1970545a3e2b*
`登陆天数: 346天 / 1593天
等级: 142
石头: 234
呼符: 13
体力: 419.18333333333334 / 140
友情点: 0 / 15736855`
*連続ログイン3日目
※ログインが途切れるか、7日到達すると
1日目から再開されます*
`叡智の業火 X 1
8月交換券(2024) X 1
`*ＢＢプレゼンツ☆セレブサマー・エクスペリエンス！ 開幕記念 ログインボーナス*
*開催期間中、1日1回 最大78回 ログインボーナスをプレゼント！*
`白銀の果実 X 1
`_2024-08-17 19:31:22_
--------
*95433763b3466b0dae7f217d4c6c91be*
`登陆天数: 134天 / 1466天
等级: 140
石头: 176
呼符: 12
体力: 419.03 / 140
友情点: 10 / 1511735`
*連続ログイン1日目
※ログインが途切れるか、7日到達すると
1日目から再開されます*
`フレンドポイント X 2000
8月交換券(2024) X 1
`*ＢＢプレゼンツ☆セレブサマー・エクスペリエンス！ 開幕記念 ログインボーナス*
*開催期間中、1日1回 最大78回 ログインボーナスをプレゼント！*
`白銀の果実 X 1
`_2024-08-17 19:31:31_
--------
