【登录信息】
*c4ae8cdfc66973e53c8a1970545a3e2b*
`登陆天数: 347天 / 1725天
等级: 143
石头: 358
呼符: 24
体力: 93.4 / 141
友情点: 0 / 3362455`
*連続ログイン4日目
※ログインが途切れるか、7日到達すると
1日目から再開されます*
`聖晶石 X 1
8月交換券(2024) X 1
`*ＢＢプレゼンツ☆セレブサマー・エクスペリエンス！ 開幕記念 ログインボーナス*
*開催期間中、1日1回 最大78回 ログインボーナスをプレゼント！*
`白銀の果実 X 1
`_2024-08-18 19:30:55_
--------
*7f4f754f260fe60c4393be1e8f740163*
`登陆天数: 347天 / 1722天
等级: 143
石头: 211
呼符: 23
体力: 93.41666666666666 / 141
友情点: 0 / 3058345`
*連続ログイン4日目
※ログインが途切れるか、7日到達すると
1日目から再開されます*
`聖晶石 X 1
8月交換券(2024) X 1
`*ＢＢプレゼンツ☆セレブサマー・エクスペリエンス！ 開幕記念 ログインボーナス*
*開催期間中、1日1回 最大78回 ログインボーナスをプレゼント！*
`白銀の果実 X 1
`_2024-08-18 19:31:03_
--------
*c4ae8cdfc66973e53c8a1970545a3e2b*
`登陆天数: 347天 / 1594天
等级: 142
石头: 237
呼符: 13
体力: 84.54333333333334 / 140
友情点: 0 / 15737380`
*連続ログイン4日目
※ログインが途切れるか、7日到達すると
1日目から再開されます*
`聖晶石 X 1
8月交換券(2024) X 1
`*ＢＢプレゼンツ☆セレブサマー・エクスペリエンス！ 開幕記念 ログインボーナス*
*開催期間中、1日1回 最大78回 ログインボーナスをプレゼント！*
`白銀の果実 X 1
`_2024-08-18 19:31:11_
--------
*95433763b3466b0dae7f217d4c6c91be*
`登陆天数: 135天 / 1467天
等级: 140
石头: 179
呼符: 12
体力: 84.19333333333333 / 140
友情点: 0 / 1512245`
*連続ログイン2日目
※ログインが途切れるか、7日到達すると
1日目から再開されます*
`聖晶石 X 1
8月交換券(2024) X 1
`*ＢＢプレゼンツ☆セレブサマー・エクスペリエンス！ 開幕記念 ログインボーナス*
*開催期間中、1日1回 最大78回 ログインボーナスをプレゼント！*
`白銀の果実 X 1
`_2024-08-18 19:31:19_
--------
