【登录信息】
*c4ae8cdfc66973e53c8a1970545a3e2b*
`登陆天数: 348天 / 1726天
等级: 143
石头: 358
呼符: 24
体力: 251.2 / 141
友情点: 175 / 3362740`
*連続ログイン5日目
※ログインが途切れるか、7日到達すると
1日目から再開されます*
`叡智の業火 X 2
8月交換券(2024) X 1
`*ＢＢプレゼンツ☆セレブサマー・エクスペリエンス！ 開幕記念 ログインボーナス*
*開催期間中、1日1回 最大78回 ログインボーナスをプレゼント！*
`白銀の果実 X 1
`_2024-08-19 19:30:44_
--------
*7f4f754f260fe60c4393be1e8f740163*
`登陆天数: 348天 / 1723天
等级: 143
石头: 211
呼符: 23
体力: 251.24 / 141
友情点: 0 / 3058405`
*連続ログイン5日目
※ログインが途切れるか、7日到達すると
1日目から再開されます*
`叡智の業火 X 2
8月交換券(2024) X 1
`*ＢＢプレゼンツ☆セレブサマー・エクスペリエンス！ 開幕記念 ログインボーナス*
*開催期間中、1日1回 最大78回 ログインボーナスをプレゼント！*
`白銀の果実 X 1
`_2024-08-19 19:30:52_
--------
*c4ae8cdfc66973e53c8a1970545a3e2b*
`登陆天数: 348天 / 1595天
等级: 142
石头: 238
呼符: 13
体力: 243.88666666666666 / 140
友情点: 0 / 15737490`
*連続ログイン5日目
※ログインが途切れるか、7日到達すると
1日目から再開されます*
`叡智の業火 X 2
8月交換券(2024) X 1
`*ＢＢプレゼンツ☆セレブサマー・エクスペリエンス！ 開幕記念 ログインボーナス*
*開催期間中、1日1回 最大78回 ログインボーナスをプレゼント！*
`白銀の果実 X 1
`_2024-08-19 19:31:01_
--------
*95433763b3466b0dae7f217d4c6c91be*
`登陆天数: 136天 / 1468天
等级: 140
石头: 180
呼符: 12
体力: 243.90666666666667 / 140
友情点: 0 / 1512320`
*連続ログイン3日目
※ログインが途切れるか、7日到達すると
1日目から再開されます*
`叡智の業火 X 1
8月交換券(2024) X 1
`*ＢＢプレゼンツ☆セレブサマー・エクスペリエンス！ 開幕記念 ログインボーナス*
*開催期間中、1日1回 最大78回 ログインボーナスをプレゼント！*
`白銀の果実 X 1
`_2024-08-19 19:31:10_
--------
