【登录信息】
*c4ae8cdfc66973e53c8a1970545a3e2b*
`登陆天数: 349天 / 1727天
等级: 143
石头: 361
呼符: 24
体力: 243.25 / 141
友情点: 0 / 3363435`
*連続ログイン6日目
※ログインが途切れるか、7日到達すると
1日目から再開されます*
`聖晶石 X 2
8月交換券(2024) X 1
`*ＢＢプレゼンツ☆セレブサマー・エクスペリエンス！ 開幕記念 ログインボーナス*
*開催期間中、1日1回 最大78回 ログインボーナスをプレゼント！*
`黄金の果実 X 1
`_2024-08-20 19:30:52_
--------
*7f4f754f260fe60c4393be1e8f740163*
`登陆天数: 349天 / 1724天
等级: 143
石头: 213
呼符: 23
体力: 248.28 / 141
友情点: 0 / 3058905`
*連続ログイン6日目
※ログインが途切れるか、7日到達すると
1日目から再開されます*
`聖晶石 X 2
8月交換券(2024) X 1
`*ＢＢプレゼンツ☆セレブサマー・エクスペリエンス！ 開幕記念 ログインボーナス*
*開催期間中、1日1回 最大78回 ログインボーナスをプレゼント！*
`黄金の果実 X 1
`_2024-08-20 19:31:00_
--------
*c4ae8cdfc66973e53c8a1970545a3e2b*
`登陆天数: 349天 / 1596天
等级: 142
石头: 239
呼符: 13
体力: 299.15 / 140
友情点: 0 / 15737915`
*連続ログイン6日目
※ログインが途切れるか、7日到達すると
1日目から再開されます*
`聖晶石 X 2
8月交換券(2024) X 1
`*ＢＢプレゼンツ☆セレブサマー・エクスペリエンス！ 開幕記念 ログインボーナス*
*開催期間中、1日1回 最大78回 ログインボーナスをプレゼント！*
`黄金の果実 X 1
`_2024-08-20 19:31:08_
--------
*95433763b3466b0dae7f217d4c6c91be*
`登陆天数: 137天 / 1469天
等级: 140
石头: 181
呼符: 12
体力: 299.16666666666663 / 140
友情点: 0 / 1512745`
*連続ログイン4日目
※ログインが途切れるか、7日到達すると
1日目から再開されます*
`聖晶石 X 1
8月交換券(2024) X 1
`*ＢＢプレゼンツ☆セレブサマー・エクスペリエンス！ 開幕記念 ログインボーナス*
*開催期間中、1日1回 最大78回 ログインボーナスをプレゼント！*
`黄金の果実 X 1
`_2024-08-20 19:31:16_
--------
