【登录信息】
*c4ae8cdfc66973e53c8a1970545a3e2b*
`登陆天数: 350天 / 1728天
等级: 143
石头: 361
呼符: 24
体力: 531.27 / 141
友情点: 0 / 3363435`
*連続ログイン7日間到達おめでとうございます！
明日は1日目からリスタートされます。*
`獣の足跡 X 1
呼符 X 1
8月交換券(2024) X 1
`*ＢＢプレゼンツ☆セレブサマー・エクスペリエンス！ 開幕記念 ログインボーナス*
*開催期間中、1日1回 最大78回 ログインボーナスをプレゼント！*
`白銀の果実 X 1
`_2024-08-21 19:30:58_
--------
*7f4f754f260fe60c4393be1e8f740163*
`登陆天数: 350天 / 1725天
等级: 143
石头: 213
呼符: 23
体力: 536.3 / 141
友情点: 0 / 3058905`
*連続ログイン7日間到達おめでとうございます！
明日は1日目からリスタートされます。*
`獣の足跡 X 1
呼符 X 1
8月交換券(2024) X 1
`*ＢＢプレゼンツ☆セレブサマー・エクスペリエンス！ 開幕記念 ログインボーナス*
*開催期間中、1日1回 最大78回 ログインボーナスをプレゼント！*
`白銀の果実 X 1
`_2024-08-21 19:31:07_
--------
*c4ae8cdfc66973e53c8a1970545a3e2b*
`登陆天数: 350天 / 1597天
等级: 142
石头: 239
呼符: 13
体力: 346.0466666666666 / 140
友情点: 0 / 15737940`
*連続ログイン7日間到達おめでとうございます！
明日は1日目からリスタートされます。*
`獣の足跡 X 1
呼符 X 1
8月交換券(2024) X 1
`*ＢＢプレゼンツ☆セレブサマー・エクスペリエンス！ 開幕記念 ログインボーナス*
*開催期間中、1日1回 最大78回 ログインボーナスをプレゼント！*
`白銀の果実 X 1
`_2024-08-21 19:31:15_
--------
*95433763b3466b0dae7f217d4c6c91be*
`登陆天数: 138天 / 1470天
等级: 140
石头: 181
呼符: 12
体力: 346.03 / 140
友情点: 0 / 1512755`
*連続ログイン5日目
※ログインが途切れるか、7日到達すると
1日目から再開されます*
`叡智の業火 X 2
8月交換券(2024) X 1
`*ＢＢプレゼンツ☆セレブサマー・エクスペリエンス！ 開幕記念 ログインボーナス*
*開催期間中、1日1回 最大78回 ログインボーナスをプレゼント！*
`白銀の果実 X 1
`_2024-08-21 19:31:23_
--------
