【登录信息】
*c4ae8cdfc66973e53c8a1970545a3e2b*
`登陆天数: 351天 / 1729天
等级: 143
石头: 365
呼符: 16
体力: 113.53 / 141
友情点: 0 / 3364210`
*連続ログイン1日目
※ログインが途切れるか、7日到達すると
1日目から再開されます*
`フレンドポイント X 2000
8月交換券(2024) X 1
`*ＢＢプレゼンツ☆セレブサマー・エクスペリエンス！ 開幕記念 ログインボーナス*
*開催期間中、1日1回 最大78回 ログインボーナスをプレゼント！*
`白銀の果実 X 1
`_2024-08-22 19:31:11_
--------
*7f4f754f260fe60c4393be1e8f740163*
`登陆天数: 351天 / 1726天
等级: 143
石头: 218
呼符: 23
体力: 108.5 / 141
友情点: 0 / 3059815`
*連続ログイン1日目
※ログインが途切れるか、7日到達すると
1日目から再開されます*
`フレンドポイント X 2000
8月交換券(2024) X 1
`*ＢＢプレゼンツ☆セレブサマー・エクスペリエンス！ 開幕記念 ログインボーナス*
*開催期間中、1日1回 最大78回 ログインボーナスをプレゼント！*
`白銀の果実 X 1
`_2024-08-22 19:31:19_
--------
*c4ae8cdfc66973e53c8a1970545a3e2b*
`登陆天数: 351天 / 1598天
等级: 142
石头: 243
呼符: 13
体力: 137.18666666666667 / 140
友情点: 0 / 15738630`
*連続ログイン1日目
※ログインが途切れるか、7日到達すると
1日目から再開されます*
`フレンドポイント X 2000
8月交換券(2024) X 1
`*ＢＢプレゼンツ☆セレブサマー・エクスペリエンス！ 開幕記念 ログインボーナス*
*開催期間中、1日1回 最大78回 ログインボーナスをプレゼント！*
`白銀の果実 X 1
`_2024-08-22 19:31:27_
--------
*95433763b3466b0dae7f217d4c6c91be*
`登陆天数: 139天 / 1471天
等级: 140
石头: 208
呼符: 13
体力: 137.05666666666667 / 140
友情点: 0 / 1513490`
*連続ログイン6日目
※ログインが途切れるか、7日到達すると
1日目から再開されます*
`聖晶石 X 2
8月交換券(2024) X 1
`*ＢＢプレゼンツ☆セレブサマー・エクスペリエンス！ 開幕記念 ログインボーナス*
*開催期間中、1日1回 最大78回 ログインボーナスをプレゼント！*
`白銀の果実 X 1
`_2024-08-22 19:31:36_
--------
