【登录信息】
*c4ae8cdfc66973e53c8a1970545a3e2b*
`登陆天数: 352天 / 1730天
等级: 143
石头: 305
呼符: 16
体力: 130.75666666666666 / 141
友情点: 0 / 3364495`
*連続ログイン2日目
※ログインが途切れるか、7日到達すると
1日目から再開されます*
`聖晶石 X 1
8月交換券(2024) X 1
`*ＢＢプレゼンツ☆セレブサマー・エクスペリエンス！ 開幕記念 ログインボーナス*
*開催期間中、1日1回 最大78回 ログインボーナスをプレゼント！*
`白銀の果実 X 1
`_2024-08-23 19:30:41_
--------
*7f4f754f260fe60c4393be1e8f740163*
`登陆天数: 352天 / 1727天
等级: 143
石头: 158
呼符: 24
体力: 130.69666666666666 / 141
友情点: 0 / 3060090`
*連続ログイン2日目
※ログインが途切れるか、7日到達すると
1日目から再開されます*
`聖晶石 X 1
8月交換券(2024) X 1
`*ＢＢプレゼンツ☆セレブサマー・エクスペリエンス！ 開幕記念 ログインボーナス*
*開催期間中、1日1回 最大78回 ログインボーナスをプレゼント！*
`白銀の果実 X 1
`_2024-08-23 19:30:49_
--------
*c4ae8cdfc66973e53c8a1970545a3e2b*
`登陆天数: 352天 / 1599天
等级: 142
石头: 183
呼符: 13
体力: 127.09333333333333 / 140
友情点: 0 / 15738875`
*連続ログイン2日目
※ログインが途切れるか、7日到達すると
1日目から再開されます*
`聖晶石 X 1
8月交換券(2024) X 1
`*ＢＢプレゼンツ☆セレブサマー・エクスペリエンス！ 開幕記念 ログインボーナス*
*開催期間中、1日1回 最大78回 ログインボーナスをプレゼント！*
`白銀の果実 X 1
`_2024-08-23 19:30:58_
--------
*95433763b3466b0dae7f217d4c6c91be*
`登陆天数: 140天 / 1472天
等级: 140
石头: 178
呼符: 14
体力: 126.38666666666667 / 140
友情点: 0 / 1513750`
*連続ログイン7日間到達おめでとうございます！
明日は1日目からリスタートされます。*
`獣の足跡 X 1
呼符 X 1
8月交換券(2024) X 1
`*ＢＢプレゼンツ☆セレブサマー・エクスペリエンス！ 開幕記念 ログインボーナス*
*開催期間中、1日1回 最大78回 ログインボーナスをプレゼント！*
`白銀の果実 X 1
`_2024-08-23 19:31:06_
--------
