【登录信息】
*c4ae8cdfc66973e53c8a1970545a3e2b*
`登陆天数: 353天 / 1731天
等级: 143
石头: 305
呼符: 17
体力: 151.81333333333333 / 141
友情点: 100 / 3364625`
*連続ログイン3日目
※ログインが途切れるか、7日到達すると
1日目から再開されます*
`叡智の業火 X 1
8月交換券(2024) X 1
`*ＢＢプレゼンツ☆セレブサマー・エクスペリエンス！ 開幕記念 ログインボーナス*
*開催期間中、1日1回 最大78回 ログインボーナスをプレゼント！*
`白銀の果実 X 1
`_2024-08-24 19:30:54_
--------
*7f4f754f260fe60c4393be1e8f740163*
`登陆天数: 353天 / 1728天
等级: 143
石头: 158
呼符: 24
体力: 151.84 / 141
友情点: 0 / 3060165`
*連続ログイン3日目
※ログインが途切れるか、7日到達すると
1日目から再開されます*
`叡智の業火 X 1
8月交換券(2024) X 1
`*ＢＢプレゼンツ☆セレブサマー・エクスペリエンス！ 開幕記念 ログインボーナス*
*開催期間中、1日1回 最大78回 ログインボーナスをプレゼント！*
`白銀の果実 X 1
`_2024-08-24 19:31:03_
--------
*c4ae8cdfc66973e53c8a1970545a3e2b*
`登陆天数: 353天 / 1600天
等级: 142
石头: 183
呼符: 14
体力: 149.52 / 140
友情点: 0 / 15738920`
*連続ログイン3日目
※ログインが途切れるか、7日到達すると
1日目から再開されます*
`叡智の業火 X 1
8月交換券(2024) X 1
`*ＢＢプレゼンツ☆セレブサマー・エクスペリエンス！ 開幕記念 ログインボーナス*
*開催期間中、1日1回 最大78回 ログインボーナスをプレゼント！*
`白銀の果実 X 1
`_2024-08-24 19:31:12_
--------
*95433763b3466b0dae7f217d4c6c91be*
`登陆天数: 141天 / 1473天
等级: 140
石头: 178
呼符: 14
体力: 149.54666666666668 / 140
友情点: 0 / 1513825`
*連続ログイン1日目
※ログインが途切れるか、7日到達すると
1日目から再開されます*
`フレンドポイント X 2000
8月交換券(2024) X 1
`*ＢＢプレゼンツ☆セレブサマー・エクスペリエンス！ 開幕記念 ログインボーナス*
*開催期間中、1日1回 最大78回 ログインボーナスをプレゼント！*
`白銀の果実 X 1
`_2024-08-24 19:31:21_
--------
