【登录信息】
*c4ae8cdfc66973e53c8a1970545a3e2b*
`登陆天数: 354天 / 1732天
等级: 143
石头: 305
呼符: 17
体力: 128.91333333333333 / 141
友情点: 50 / 3364975`
*連続ログイン4日目
※ログインが途切れるか、7日到達すると
1日目から再開されます*
`聖晶石 X 1
8月交換券(2024) X 1
`*ＢＢプレゼンツ☆セレブサマー・エクスペリエンス！ 開幕記念 ログインボーナス*
*開催期間中、1日1回 最大78回 ログインボーナスをプレゼント！*
`白銀の果実 X 1
`_2024-08-25 19:30:46_
--------
*7f4f754f260fe60c4393be1e8f740163*
`登陆天数: 354天 / 1729天
等级: 143
石头: 158
呼符: 25
体力: 128.94333333333333 / 141
友情点: 0 / 3060315`
*連続ログイン4日目
※ログインが途切れるか、7日到達すると
1日目から再開されます*
`聖晶石 X 1
8月交換券(2024) X 1
`*ＢＢプレゼンツ☆セレブサマー・エクスペリエンス！ 開幕記念 ログインボーナス*
*開催期間中、1日1回 最大78回 ログインボーナスをプレゼント！*
`白銀の果実 X 1
`_2024-08-25 19:30:54_
--------
*c4ae8cdfc66973e53c8a1970545a3e2b*
`登陆天数: 354天 / 1601天
等级: 142
石头: 183
呼符: 15
体力: 126.87666666666667 / 140
友情点: 0 / 15739040`
*連続ログイン4日目
※ログインが途切れるか、7日到達すると
1日目から再開されます*
`聖晶石 X 1
8月交換券(2024) X 1
`*ＢＢプレゼンツ☆セレブサマー・エクスペリエンス！ 開幕記念 ログインボーナス*
*開催期間中、1日1回 最大78回 ログインボーナスをプレゼント！*
`白銀の果実 X 1
`_2024-08-25 19:31:03_
--------
*95433763b3466b0dae7f217d4c6c91be*
`登陆天数: 142天 / 1474天
等级: 140
石头: 178
呼符: 15
体力: 126.9 / 140
友情点: 0 / 1513975`
*連続ログイン2日目
※ログインが途切れるか、7日到達すると
1日目から再開されます*
`聖晶石 X 1
8月交換券(2024) X 1
`*ＢＢプレゼンツ☆セレブサマー・エクスペリエンス！ 開幕記念 ログインボーナス*
*開催期間中、1日1回 最大78回 ログインボーナスをプレゼント！*
`白銀の果実 X 1
`_2024-08-25 19:31:11_
--------
