【登录信息】
*c4ae8cdfc66973e53c8a1970545a3e2b*
`登陆天数: 355天 / 1733天
等级: 143
石头: 305
呼符: 17
体力: 133.99333333333334 / 141
友情点: 0 / 3365035`
*連続ログイン5日目
※ログインが途切れるか、7日到達すると
1日目から再開されます*
`叡智の業火 X 2
8月交換券(2024) X 1
`*ＢＢプレゼンツ☆セレブサマー・エクスペリエンス！ 開幕記念 ログインボーナス*
*開催期間中、1日1回 最大78回 ログインボーナスをプレゼント！*
`白銀の果実 X 1
`_2024-08-26 19:30:44_
--------
*7f4f754f260fe60c4393be1e8f740163*
`登陆天数: 355天 / 1730天
等级: 143
石头: 158
呼符: 25
体力: 134.02333333333334 / 141
友情点: 0 / 3060390`
*連続ログイン5日目
※ログインが途切れるか、7日到達すると
1日目から再開されます*
`叡智の業火 X 2
8月交換券(2024) X 1
`*ＢＢプレゼンツ☆セレブサマー・エクスペリエンス！ 開幕記念 ログインボーナス*
*開催期間中、1日1回 最大78回 ログインボーナスをプレゼント！*
`白銀の果実 X 1
`_2024-08-26 19:30:52_
--------
*c4ae8cdfc66973e53c8a1970545a3e2b*
`登陆天数: 355天 / 1602天
等级: 142
石头: 183
呼符: 15
体力: 131.21333333333334 / 140
友情点: 0 / 15739100`
*連続ログイン5日目
※ログインが途切れるか、7日到達すると
1日目から再開されます*
`叡智の業火 X 2
8月交換券(2024) X 1
`*ＢＢプレゼンツ☆セレブサマー・エクスペリエンス！ 開幕記念 ログインボーナス*
*開催期間中、1日1回 最大78回 ログインボーナスをプレゼント！*
`白銀の果実 X 1
`_2024-08-26 19:31:00_
--------
*95433763b3466b0dae7f217d4c6c91be*
`登陆天数: 143天 / 1475天
等级: 140
石头: 178
呼符: 15
体力: 131.23666666666668 / 140
友情点: 0 / 1514050`
*連続ログイン3日目
※ログインが途切れるか、7日到達すると
1日目から再開されます*
`叡智の業火 X 1
8月交換券(2024) X 1
`*ＢＢプレゼンツ☆セレブサマー・エクスペリエンス！ 開幕記念 ログインボーナス*
*開催期間中、1日1回 最大78回 ログインボーナスをプレゼント！*
`白銀の果実 X 1
`_2024-08-26 19:31:08_
--------
