【登录信息】
*c4ae8cdfc66973e53c8a1970545a3e2b*
`登陆天数: 358天 / 1736天
等级: 143
石头: 236
呼符: 0
体力: 998.0333333333333 / 141
友情点: 385 / 3365495`
*連続ログイン1日目
※ログインが途切れるか、7日到達すると
1日目から再開されます*
`フレンドポイント X 2000
8月交換券(2024) X 1
`*奏章Ⅲ 新霊長後継戦 アーキタイプ・インセプション 開幕記念 ログインボーナス*
*開催期間中、1日1回 最大78回 ログインボーナスをプレゼント！*
`白銀の果実 X 1
`_2024-08-29 19:30:55_
--------
*7f4f754f260fe60c4393be1e8f740163*
`登陆天数: 358天 / 1733天
等级: 143
石头: 125
呼符: 5
体力: 998.0633333333334 / 141
友情点: 0 / 3060390`
*連続ログイン1日目
※ログインが途切れるか、7日到達すると
1日目から再開されます*
`フレンドポイント X 2000
8月交換券(2024) X 1
`*奏章Ⅲ 新霊長後継戦 アーキタイプ・インセプション 開幕記念 ログインボーナス*
*開催期間中、1日1回 最大78回 ログインボーナスをプレゼント！*
`白銀の果実 X 1
`_2024-08-29 19:31:04_
--------
*c4ae8cdfc66973e53c8a1970545a3e2b*
`登陆天数: 358天 / 1605天
等级: 142
石头: 258
呼符: 0
体力: 995.2566666666667 / 140
友情点: 25 / 15739175`
*連続ログイン1日目
※ログインが途切れるか、7日到達すると
1日目から再開されます*
`フレンドポイント X 2000
8月交換券(2024) X 1
`*奏章Ⅲ 新霊長後継戦 アーキタイプ・インセプション 開幕記念 ログインボーナス*
*開催期間中、1日1回 最大78回 ログインボーナスをプレゼント！*
`白銀の果実 X 1
`_2024-08-29 19:31:13_
--------
*95433763b3466b0dae7f217d4c6c91be*
`登陆天数: 146天 / 1478天
等级: 140
石头: 2
呼符: 0
体力: 995.2833333333333 / 140
友情点: 0 / 1514050`
*連続ログイン6日目
※ログインが途切れるか、7日到達すると
1日目から再開されます*
`聖晶石 X 2
8月交換券(2024) X 1
`*奏章Ⅲ 新霊長後継戦 アーキタイプ・インセプション 開幕記念 ログインボーナス*
*開催期間中、1日1回 最大78回 ログインボーナスをプレゼント！*
`白銀の果実 X 1
`_2024-08-29 19:31:22_
--------
