【登录信息】
*c4ae8cdfc66973e53c8a1970545a3e2b*
`登陆天数: 359天 / 1737天
等级: 143
石头: 236
呼符: 0
体力: 1285.96 / 141
友情点: 0 / 3365495`
*連続ログイン2日目
※ログインが途切れるか、7日到達すると
1日目から再開されます*
`聖晶石 X 1
8月交換券(2024) X 1
`*奏章Ⅲ 新霊長後継戦 アーキタイプ・インセプション 開幕記念 ログインボーナス*
*開催期間中、1日1回 最大78回 ログインボーナスをプレゼント！*
`白銀の果実 X 1
`_2024-08-30 19:30:34_
--------
*7f4f754f260fe60c4393be1e8f740163*
`登陆天数: 359天 / 1734天
等级: 143
石头: 125
呼符: 5
体力: 1285.99 / 141
友情点: 0 / 3060390`
*連続ログイン2日目
※ログインが途切れるか、7日到達すると
1日目から再開されます*
`聖晶石 X 1
8月交換券(2024) X 1
`*奏章Ⅲ 新霊長後継戦 アーキタイプ・インセプション 開幕記念 ログインボーナス*
*開催期間中、1日1回 最大78回 ログインボーナスをプレゼント！*
`白銀の果実 X 1
`_2024-08-30 19:30:42_
--------
*c4ae8cdfc66973e53c8a1970545a3e2b*
`登陆天数: 359天 / 1606天
等级: 142
石头: 258
呼符: 0
体力: 1283.18 / 140
友情点: 0 / 15739175`
*連続ログイン2日目
※ログインが途切れるか、7日到達すると
1日目から再開されます*
`聖晶石 X 1
8月交換券(2024) X 1
`*奏章Ⅲ 新霊長後継戦 アーキタイプ・インセプション 開幕記念 ログインボーナス*
*開催期間中、1日1回 最大78回 ログインボーナスをプレゼント！*
`白銀の果実 X 1
`_2024-08-30 19:30:50_
--------
*95433763b3466b0dae7f217d4c6c91be*
`登陆天数: 147天 / 1479天
等级: 140
石头: 2
呼符: 0
体力: 1283.2066666666667 / 140
友情点: 0 / 1514050`
*連続ログイン7日間到達おめでとうございます！
明日は1日目からリスタートされます。*
`獣の足跡 X 1
呼符 X 1
8月交換券(2024) X 1
`*奏章Ⅲ 新霊長後継戦 アーキタイプ・インセプション 開幕記念 ログインボーナス*
*開催期間中、1日1回 最大78回 ログインボーナスをプレゼント！*
`白銀の果実 X 1
`_2024-08-30 19:30:59_
--------
