【登录信息】
*c4ae8cdfc66973e53c8a1970545a3e2b*
`登陆天数: 261天 / 1639天
等级: 143
石头: 1174
呼符: 0
体力: 179.12666666666667 / 141
友情点: 125 / 3140475`
*連続ログイン2日目
※ログインが途切れるか、7日到達すると
1日目から再開されます*
`聖晶石 X 1
5月交換券(2024) X 1
`*カルデア・サマーアドベンチャー！ アンケート復刻版 開幕記念 ログインボーナス*
*開催期間中、1日1回 最大21回 ログインボーナスをプレゼント！*
`白銀の果実 X 1
`_2024-05-25 01:37:52_
--------
*7f4f754f260fe60c4393be1e8f740163*
`登陆天数: 261天 / 1636天
等级: 142
石头: 1069
呼符: 0
体力: 178.4 / 140
友情点: 0 / 2883165`
*連続ログイン2日目
※ログインが途切れるか、7日到達すると
1日目から再開されます*
`聖晶石 X 1
5月交換券(2024) X 1
`*カルデア・サマーアドベンチャー！ アンケート復刻版 開幕記念 ログインボーナス*
*開催期間中、1日1回 最大21回 ログインボーナスをプレゼント！*
`白銀の果実 X 1
`_2024-05-25 01:38:01_
--------
*c4ae8cdfc66973e53c8a1970545a3e2b*
`登陆天数: 261天 / 1508天
等级: 142
石头: 880
呼符: 1
体力: 161.14333333333335 / 140
友情点: 0 / 15715545`
*連続ログイン2日目
※ログインが途切れるか、7日到達すると
1日目から再開されます*
`聖晶石 X 1
5月交換券(2024) X 1
`*カルデア・サマーアドベンチャー！ アンケート復刻版 開幕記念 ログインボーナス*
*開催期間中、1日1回 最大21回 ログインボーナスをプレゼント！*
`白銀の果実 X 1
`_2024-05-25 01:38:11_
--------
*95433763b3466b0dae7f217d4c6c91be*
`登陆天数: 49天 / 1381天
等级: 139
石头: 539
呼符: 0
体力: 161.18 / 140
友情点: 0 / 1407135`
_2024-05-25 01:38:20_
--------
