【登录信息】
*c4ae8cdfc66973e53c8a1970545a3e2b*
`登陆天数: 262天 / 1640天
等级: 143
石头: 1177
呼符: 0
体力: 82.50333333333333 / 141
友情点: 135 / 3140960`
*連続ログイン3日目
※ログインが途切れるか、7日到達すると
1日目から再開されます*
`叡智の業火 X 1
5月交換券(2024) X 1
`*カルデア・サマーアドベンチャー！ アンケート復刻版 開幕記念 ログインボーナス*
*開催期間中、1日1回 最大21回 ログインボーナスをプレゼント！*
`白銀の果実 X 1
`_2024-05-25 19:35:11_
--------
*7f4f754f260fe60c4393be1e8f740163*
`登陆天数: 262天 / 1637天
等级: 142
石头: 1076
呼符: 0
体力: 81.53333333333333 / 140
友情点: 0 / 2883340`
*連続ログイン3日目
※ログインが途切れるか、7日到達すると
1日目から再開されます*
`叡智の業火 X 1
5月交換券(2024) X 1
`*カルデア・サマーアドベンチャー！ アンケート復刻版 開幕記念 ログインボーナス*
*開催期間中、1日1回 最大21回 ログインボーナスをプレゼント！*
`白銀の果実 X 1
`_2024-05-25 19:35:20_
--------
*c4ae8cdfc66973e53c8a1970545a3e2b*
`登陆天数: 262天 / 1509天
等级: 142
石头: 882
呼符: 1
体力: 77.62666666666667 / 140
友情点: 0 / 15715720`
*連続ログイン3日目
※ログインが途切れるか、7日到達すると
1日目から再開されます*
`叡智の業火 X 1
5月交換券(2024) X 1
`*カルデア・サマーアドベンチャー！ アンケート復刻版 開幕記念 ログインボーナス*
*開催期間中、1日1回 最大21回 ログインボーナスをプレゼント！*
`白銀の果実 X 1
`_2024-05-25 19:35:29_
--------
*95433763b3466b0dae7f217d4c6c91be*
`登陆天数: 50天 / 1382天
等级: 139
石头: 539
呼符: 0
体力: 77.87666666666667 / 140
友情点: 0 / 1407310`
*連続ログイン1日目
※ログインが途切れるか、7日到達すると
1日目から再開されます*
`フレンドポイント X 2000
5月交換券(2024) X 1
`*カルデア・サマーアドベンチャー！ アンケート復刻版 開幕記念 ログインボーナス*
*開催期間中、1日1回 最大21回 ログインボーナスをプレゼント！*
`白銀の果実 X 1
`_2024-05-25 19:35:38_
--------
