【登录信息】
*c4ae8cdfc66973e53c8a1970545a3e2b*
`登陆天数: 263天 / 1641天
等级: 143
石头: 1181
呼符: 0
体力: 96.33 / 141
友情点: 275 / 3142260`
*連続ログイン4日目
※ログインが途切れるか、7日到達すると
1日目から再開されます*
`聖晶石 X 1
5月交換券(2024) X 1
`*カルデア・サマーアドベンチャー！ アンケート復刻版 開幕記念 ログインボーナス*
*開催期間中、1日1回 最大21回 ログインボーナスをプレゼント！*
`白銀の果実 X 1
`_2024-05-26 19:36:03_
--------
*7f4f754f260fe60c4393be1e8f740163*
`登陆天数: 263天 / 1638天
等级: 142
石头: 1078
呼符: 0
体力: 95.35666666666667 / 140
友情点: 0 / 2883915`
*連続ログイン4日目
※ログインが途切れるか、7日到達すると
1日目から再開されます*
`聖晶石 X 1
5月交換券(2024) X 1
`*カルデア・サマーアドベンチャー！ アンケート復刻版 開幕記念 ログインボーナス*
*開催期間中、1日1回 最大21回 ログインボーナスをプレゼント！*
`白銀の果実 X 1
`_2024-05-26 19:36:12_
--------
*c4ae8cdfc66973e53c8a1970545a3e2b*
`登陆天数: 263天 / 1510天
等级: 142
石头: 882
呼符: 1
体力: 93.47 / 140
友情点: 0 / 15715945`
*連続ログイン4日目
※ログインが途切れるか、7日到達すると
1日目から再開されます*
`聖晶石 X 1
5月交換券(2024) X 1
`*カルデア・サマーアドベンチャー！ アンケート復刻版 開幕記念 ログインボーナス*
*開催期間中、1日1回 最大21回 ログインボーナスをプレゼント！*
`白銀の果実 X 1
`_2024-05-26 19:36:20_
--------
*95433763b3466b0dae7f217d4c6c91be*
`登陆天数: 51天 / 1383天
等级: 139
石头: 539
呼符: 0
体力: 93.5 / 140
友情点: 0 / 1407535`
*連続ログイン2日目
※ログインが途切れるか、7日到達すると
1日目から再開されます*
`聖晶石 X 1
5月交換券(2024) X 1
`*カルデア・サマーアドベンチャー！ アンケート復刻版 開幕記念 ログインボーナス*
*開催期間中、1日1回 最大21回 ログインボーナスをプレゼント！*
`白銀の果実 X 1
`_2024-05-26 19:36:29_
--------
