【登录信息】
*c4ae8cdfc66973e53c8a1970545a3e2b*
`登陆天数: 264天 / 1642天
等级: 143
石头: 1184
呼符: 0
体力: 76.04333333333334 / 141
友情点: 325 / 3143295`
*連続ログイン5日目
※ログインが途切れるか、7日到達すると
1日目から再開されます*
`叡智の業火 X 2
5月交換券(2024) X 1
`*カルデア・サマーアドベンチャー！ アンケート復刻版 開幕記念 ログインボーナス*
*開催期間中、1日1回 最大21回 ログインボーナスをプレゼント！*
`白銀の果実 X 1
`_2024-05-27 19:35:03_
--------
*7f4f754f260fe60c4393be1e8f740163*
`登陆天数: 264天 / 1639天
等级: 142
石头: 1078
呼符: 0
体力: 71.53 / 140
友情点: 0 / 2884215`
*連続ログイン5日目
※ログインが途切れるか、7日到達すると
1日目から再開されます*
`叡智の業火 X 2
5月交換券(2024) X 1
`*カルデア・サマーアドベンチャー！ アンケート復刻版 開幕記念 ログインボーナス*
*開催期間中、1日1回 最大21回 ログインボーナスをプレゼント！*
`白銀の果実 X 1
`_2024-05-27 19:35:12_
--------
*c4ae8cdfc66973e53c8a1970545a3e2b*
`登陆天数: 264天 / 1511天
等级: 142
石头: 883
呼符: 1
体力: 75.94666666666667 / 140
友情点: 0 / 15716570`
*連続ログイン5日目
※ログインが途切れるか、7日到達すると
1日目から再開されます*
`叡智の業火 X 2
5月交換券(2024) X 1
`*カルデア・サマーアドベンチャー！ アンケート復刻版 開幕記念 ログインボーナス*
*開催期間中、1日1回 最大21回 ログインボーナスをプレゼント！*
`白銀の果実 X 1
`_2024-05-27 19:35:21_
--------
*95433763b3466b0dae7f217d4c6c91be*
`登陆天数: 52天 / 1384天
等级: 139
石头: 540
呼符: 0
体力: 75.98 / 140
友情点: 0 / 1408160`
*連続ログイン3日目
※ログインが途切れるか、7日到達すると
1日目から再開されます*
`叡智の業火 X 1
5月交換券(2024) X 1
`*カルデア・サマーアドベンチャー！ アンケート復刻版 開幕記念 ログインボーナス*
*開催期間中、1日1回 最大21回 ログインボーナスをプレゼント！*
`白銀の果実 X 1
`_2024-05-27 19:35:29_
--------
