【登录信息】
*c4ae8cdfc66973e53c8a1970545a3e2b*
`登陆天数: 265天 / 1643天
等级: 143
石头: 1185
呼符: 0
体力: 81.45666666666666 / 141
友情点: 200 / 3143945`
*連続ログイン6日目
※ログインが途切れるか、7日到達すると
1日目から再開されます*
`聖晶石 X 2
5月交換券(2024) X 1
`*カルデア・サマーアドベンチャー！ アンケート復刻版 開幕記念 ログインボーナス*
*開催期間中、1日1回 最大21回 ログインボーナスをプレゼント！*
`白銀の果実 X 1
`_2024-05-28 19:36:07_
--------
*7f4f754f260fe60c4393be1e8f740163*
`登陆天数: 265天 / 1640天
等级: 142
石头: 1079
呼符: 0
体力: 85.48333333333333 / 140
友情点: 10 / 2884435`
*連続ログイン6日目
※ログインが途切れるか、7日到達すると
1日目から再開されます*
`聖晶石 X 2
5月交換券(2024) X 1
`*カルデア・サマーアドベンチャー！ アンケート復刻版 開幕記念 ログインボーナス*
*開催期間中、1日1回 最大21回 ログインボーナスをプレゼント！*
`白銀の果実 X 1
`_2024-05-28 19:36:16_
--------
*c4ae8cdfc66973e53c8a1970545a3e2b*
`登陆天数: 265天 / 1512天
等级: 142
石头: 886
呼符: 1
体力: 82.60666666666667 / 140
友情点: 0 / 15717120`
*連続ログイン6日目
※ログインが途切れるか、7日到達すると
1日目から再開されます*
`聖晶石 X 2
5月交換券(2024) X 1
`*カルデア・サマーアドベンチャー！ アンケート復刻版 開幕記念 ログインボーナス*
*開催期間中、1日1回 最大21回 ログインボーナスをプレゼント！*
`白銀の果実 X 1
`_2024-05-28 19:36:24_
--------
*95433763b3466b0dae7f217d4c6c91be*
`登陆天数: 53天 / 1385天
等级: 139
石头: 541
呼符: 0
体力: 82.77666666666667 / 140
友情点: 0 / 1408710`
*連続ログイン4日目
※ログインが途切れるか、7日到達すると
1日目から再開されます*
`聖晶石 X 1
5月交換券(2024) X 1
`*カルデア・サマーアドベンチャー！ アンケート復刻版 開幕記念 ログインボーナス*
*開催期間中、1日1回 最大21回 ログインボーナスをプレゼント！*
`白銀の果実 X 1
`_2024-05-28 19:36:33_
--------
