【登录信息】
*c4ae8cdfc66973e53c8a1970545a3e2b*
`登陆天数: 266天 / 1644天
等级: 143
石头: 1188
呼符: 0
体力: 100.75666666666666 / 141
友情点: 250 / 3144665`
*連続ログイン7日間到達おめでとうございます！
明日は1日目からリスタートされます。*
`獣の足跡 X 1
呼符 X 1
5月交換券(2024) X 1
`*カルデア・サマーアドベンチャー！ アンケート復刻版 開幕記念 ログインボーナス*
*開催期間中、1日1回 最大21回 ログインボーナスをプレゼント！*
`白銀の果実 X 1
`_2024-05-29 19:35:17_
--------
*7f4f754f260fe60c4393be1e8f740163*
`登陆天数: 266天 / 1641天
等级: 142
石头: 1082
呼符: 0
体力: 99.78 / 140
友情点: 0 / 2884785`
*連続ログイン7日間到達おめでとうございます！
明日は1日目からリスタートされます。*
`獣の足跡 X 1
呼符 X 1
5月交換券(2024) X 1
`*カルデア・サマーアドベンチャー！ アンケート復刻版 開幕記念 ログインボーナス*
*開催期間中、1日1回 最大21回 ログインボーナスをプレゼント！*
`白銀の果実 X 1
`_2024-05-29 19:35:25_
--------
*c4ae8cdfc66973e53c8a1970545a3e2b*
`登陆天数: 266天 / 1513天
等级: 142
石头: 886
呼符: 1
体力: 87.86666666666667 / 140
友情点: 0 / 15717345`
*連続ログイン7日間到達おめでとうございます！
明日は1日目からリスタートされます。*
`獣の足跡 X 1
呼符 X 1
5月交換券(2024) X 1
`*カルデア・サマーアドベンチャー！ アンケート復刻版 開幕記念 ログインボーナス*
*開催期間中、1日1回 最大21回 ログインボーナスをプレゼント！*
`白銀の果実 X 1
`_2024-05-29 19:35:34_
--------
*95433763b3466b0dae7f217d4c6c91be*
`登陆天数: 54天 / 1386天
等级: 139
石头: 541
呼符: 0
体力: 87.87333333333333 / 140
友情点: 0 / 1408920`
*連続ログイン5日目
※ログインが途切れるか、7日到達すると
1日目から再開されます*
`叡智の業火 X 2
5月交換券(2024) X 1
`*カルデア・サマーアドベンチャー！ アンケート復刻版 開幕記念 ログインボーナス*
*開催期間中、1日1回 最大21回 ログインボーナスをプレゼント！*
`白銀の果実 X 1
`_2024-05-29 19:35:42_
--------
