【登录信息】
*c4ae8cdfc66973e53c8a1970545a3e2b*
`登陆天数: 267天 / 1645天
等级: 143
石头: 1188
呼符: 0
体力: 92.07333333333332 / 141
友情点: 110 / 3145125`
*連続ログイン1日目
※ログインが途切れるか、7日到達すると
1日目から再開されます*
`フレンドポイント X 2000
5月交換券(2024) X 1
`*カルデア・サマーアドベンチャー！ アンケート復刻版 開幕記念 ログインボーナス*
*開催期間中、1日1回 最大21回 ログインボーナスをプレゼント！*
`黄金の果実 X 1
`_2024-05-30 19:35:24_
--------
*7f4f754f260fe60c4393be1e8f740163*
`登陆天数: 267天 / 1642天
等级: 142
石头: 1082
呼符: 0
体力: 91.08 / 140
友情点: 0 / 2884935`
*連続ログイン1日目
※ログインが途切れるか、7日到達すると
1日目から再開されます*
`フレンドポイント X 2000
5月交換券(2024) X 1
`*カルデア・サマーアドベンチャー！ アンケート復刻版 開幕記念 ログインボーナス*
*開催期間中、1日1回 最大21回 ログインボーナスをプレゼント！*
`黄金の果実 X 1
`_2024-05-30 19:35:33_
--------
*c4ae8cdfc66973e53c8a1970545a3e2b*
`登陆天数: 267天 / 1514天
等级: 142
石头: 886
呼符: 1
体力: 89.71333333333334 / 140
友情点: 0 / 15717420`
*連続ログイン1日目
※ログインが途切れるか、7日到達すると
1日目から再開されます*
`フレンドポイント X 2000
5月交換券(2024) X 1
`*カルデア・サマーアドベンチャー！ アンケート復刻版 開幕記念 ログインボーナス*
*開催期間中、1日1回 最大21回 ログインボーナスをプレゼント！*
`黄金の果実 X 1
`_2024-05-30 19:35:41_
--------
*95433763b3466b0dae7f217d4c6c91be*
`登陆天数: 55天 / 1387天
等级: 139
石头: 543
呼符: 0
体力: 89.73666666666666 / 140
友情点: 0 / 1408995`
*連続ログイン6日目
※ログインが途切れるか、7日到達すると
1日目から再開されます*
`聖晶石 X 2
5月交換券(2024) X 1
`*カルデア・サマーアドベンチャー！ アンケート復刻版 開幕記念 ログインボーナス*
*開催期間中、1日1回 最大21回 ログインボーナスをプレゼント！*
`黄金の果実 X 1
`_2024-05-30 19:35:50_
--------
