【登录信息】
*c4ae8cdfc66973e53c8a1970545a3e2b*
`登陆天数: 298天 / 1676天
等级: 143
石头: 475
呼符: 1
体力: 127.50666666666666 / 141
友情点: 515 / 3170145`
*連続ログイン4日目
※ログインが途切れるか、7日到達すると
1日目から再開されます*
`聖晶石 X 1
7月交換券(2024) X 1
`*踊るドラゴン・キャッスル！ ～深海の姫君とふたつの宝玉～ 開幕記念 ログインボーナス*
*開催期間中、1日1回 最大21回 ログインボーナスをプレゼント！*
`白銀の果実 X 1
`_2024-06-30 19:36:18_
--------
*7f4f754f260fe60c4393be1e8f740163*
`登陆天数: 298天 / 1673天
等级: 143
石头: 872
呼符: 1
体力: 127.53999999999999 / 141
友情点: 0 / 2902615`
*連続ログイン4日目
※ログインが途切れるか、7日到達すると
1日目から再開されます*
`聖晶石 X 1
7月交換券(2024) X 1
`*踊るドラゴン・キャッスル！ ～深海の姫君とふたつの宝玉～ 開幕記念 ログインボーナス*
*開催期間中、1日1回 最大21回 ログインボーナスをプレゼント！*
`白銀の果実 X 1
`_2024-06-30 19:36:27_
--------
*c4ae8cdfc66973e53c8a1970545a3e2b*
`登陆天数: 298天 / 1545天
等级: 142
石头: 618
呼符: 1
体力: 118.77 / 140
友情点: 0 / 15736040`
*連続ログイン4日目
※ログインが途切れるか、7日到達すると
1日目から再開されます*
`聖晶石 X 1
7月交換券(2024) X 1
`*踊るドラゴン・キャッスル！ ～深海の姫君とふたつの宝玉～ 開幕記念 ログインボーナス*
*開催期間中、1日1回 最大21回 ログインボーナスをプレゼント！*
`白銀の果実 X 1
`_2024-06-30 19:36:36_
--------
*95433763b3466b0dae7f217d4c6c91be*
`登陆天数: 86天 / 1418天
等级: 139
石头: 511
呼符: 1
体力: 123.79666666666667 / 140
友情点: 0 / 1427735`
*連続ログイン2日目
※ログインが途切れるか、7日到達すると
1日目から再開されます*
`聖晶石 X 1
7月交換券(2024) X 1
`*踊るドラゴン・キャッスル！ ～深海の姫君とふたつの宝玉～ 開幕記念 ログインボーナス*
*開催期間中、1日1回 最大21回 ログインボーナスをプレゼント！*
`白銀の果実 X 1
`_2024-06-30 19:36:45_
--------
