【登录信息】
*c4ae8cdfc66973e53c8a1970545a3e2b*
`登陆天数: 299天 / 1677天
等级: 143
石头: 476
呼符: 6
体力: 117.17666666666666 / 141
友情点: 540 / 3171640`
*連続ログイン5日目
※ログインが途切れるか、7日到達すると
1日目から再開されます*
`叡智の業火 X 2
7月交換券(2024) X 1
`*踊るドラゴン・キャッスル！ ～深海の姫君とふたつの宝玉～ 開幕記念 ログインボーナス*
*開催期間中、1日1回 最大21回 ログインボーナスをプレゼント！*
`白銀の果実 X 1
`_2024-07-01 19:36:19_
--------
*7f4f754f260fe60c4393be1e8f740163*
`登陆天数: 299天 / 1674天
等级: 143
石头: 873
呼符: 6
体力: 117.26333333333334 / 141
友情点: 10 / 2903145`
*連続ログイン5日目
※ログインが途切れるか、7日到達すると
1日目から再開されます*
`叡智の業火 X 2
7月交換券(2024) X 1
`*踊るドラゴン・キャッスル！ ～深海の姫君とふたつの宝玉～ 開幕記念 ログインボーナス*
*開催期間中、1日1回 最大21回 ログインボーナスをプレゼント！*
`白銀の果実 X 1
`_2024-07-01 19:36:28_
--------
*c4ae8cdfc66973e53c8a1970545a3e2b*
`登陆天数: 299天 / 1546天
等级: 142
石头: 619
呼符: 6
体力: 113.27333333333334 / 140
友情点: 0 / 15736575`
*連続ログイン5日目
※ログインが途切れるか、7日到達すると
1日目から再開されます*
`叡智の業火 X 2
7月交換券(2024) X 1
`*踊るドラゴン・キャッスル！ ～深海の姫君とふたつの宝玉～ 開幕記念 ログインボーナス*
*開催期間中、1日1回 最大21回 ログインボーナスをプレゼント！*
`白銀の果実 X 1
`_2024-07-01 19:36:36_
--------
*95433763b3466b0dae7f217d4c6c91be*
`登陆天数: 87天 / 1419天
等级: 140
石头: 512
呼符: 6
体力: 132.55333333333334 / 140
友情点: 0 / 1428330`
*連続ログイン3日目
※ログインが途切れるか、7日到達すると
1日目から再開されます*
`叡智の業火 X 1
7月交換券(2024) X 1
`*踊るドラゴン・キャッスル！ ～深海の姫君とふたつの宝玉～ 開幕記念 ログインボーナス*
*開催期間中、1日1回 最大21回 ログインボーナスをプレゼント！*
`白銀の果実 X 1
`_2024-07-01 19:36:45_
--------
