【登录信息】
*c4ae8cdfc66973e53c8a1970545a3e2b*
`登陆天数: 300天 / 1678天
等级: 143
石头: 477
呼符: 7
体力: 127.25 / 141
友情点: 105 / 3190115`
*連続ログイン6日目
※ログインが途切れるか、7日到達すると
1日目から再開されます*
`聖晶石 X 2
7月交換券(2024) X 1
`*踊るドラゴン・キャッスル！ ～深海の姫君とふたつの宝玉～ 開幕記念 ログインボーナス*
*開催期間中、1日1回 最大21回 ログインボーナスをプレゼント！*
`白銀の果実 X 1
`_2024-07-02 19:36:26_
--------
*7f4f754f260fe60c4393be1e8f740163*
`登陆天数: 300天 / 1675天
等级: 143
石头: 874
呼符: 7
体力: 127.27666666666667 / 141
友情点: 0 / 2939295`
*連続ログイン6日目
※ログインが途切れるか、7日到達すると
1日目から再開されます*
`聖晶石 X 2
7月交換券(2024) X 1
`*踊るドラゴン・キャッスル！ ～深海の姫君とふたつの宝玉～ 開幕記念 ログインボーナス*
*開催期間中、1日1回 最大21回 ログインボーナスをプレゼント！*
`白銀の果実 X 1
`_2024-07-02 19:36:35_
--------
*c4ae8cdfc66973e53c8a1970545a3e2b*
`登陆天数: 300天 / 1547天
等级: 142
石头: 620
呼符: 6
体力: 124.93333333333334 / 140
友情点: 0 / 15732710`
*連続ログイン6日目
※ログインが途切れるか、7日到達すると
1日目から再開されます*
`聖晶石 X 2
7月交換券(2024) X 1
`*踊るドラゴン・キャッスル！ ～深海の姫君とふたつの宝玉～ 開幕記念 ログインボーナス*
*開催期間中、1日1回 最大21回 ログインボーナスをプレゼント！*
`白銀の果実 X 1
`_2024-07-02 19:36:43_
--------
*95433763b3466b0dae7f217d4c6c91be*
`登陆天数: 88天 / 1420天
等级: 140
石头: 513
呼符: 7
体力: 125.00333333333333 / 140
友情点: 0 / 1428435`
*連続ログイン4日目
※ログインが途切れるか、7日到達すると
1日目から再開されます*
`聖晶石 X 1
7月交換券(2024) X 1
`*踊るドラゴン・キャッスル！ ～深海の姫君とふたつの宝玉～ 開幕記念 ログインボーナス*
*開催期間中、1日1回 最大21回 ログインボーナスをプレゼント！*
`白銀の果実 X 1
`_2024-07-02 19:36:52_
--------
