【登录信息】
*c4ae8cdfc66973e53c8a1970545a3e2b*
`登陆天数: 301天 / 1679天
等级: 143
石头: 478
呼符: 7
体力: 121.71000000000001 / 141
友情点: 660 / 3191395`
*連続ログイン7日間到達おめでとうございます！
明日は1日目からリスタートされます。*
`獣の足跡 X 1
呼符 X 1
7月交換券(2024) X 1
`*踊るドラゴン・キャッスル！ ～深海の姫君とふたつの宝玉～ 開幕記念 ログインボーナス*
*開催期間中、1日1回 最大21回 ログインボーナスをプレゼント！*
`白銀の果実 X 1
`_2024-07-03 19:36:26_
--------
*7f4f754f260fe60c4393be1e8f740163*
`登陆天数: 301天 / 1676天
等级: 143
石头: 878
呼符: 7
体力: 121.73666666666666 / 141
友情点: 0 / 2939630`
*連続ログイン7日間到達おめでとうございます！
明日は1日目からリスタートされます。*
`獣の足跡 X 1
呼符 X 1
7月交換券(2024) X 1
`*踊るドラゴン・キャッスル！ ～深海の姫君とふたつの宝玉～ 開幕記念 ログインボーナス*
*開催期間中、1日1回 最大21回 ログインボーナスをプレゼント！*
`白銀の果実 X 1
`_2024-07-03 19:36:35_
--------
*c4ae8cdfc66973e53c8a1970545a3e2b*
`登陆天数: 301天 / 1548天
等级: 142
石头: 624
呼符: 7
体力: 141.89666666666668 / 140
友情点: 0 / 15732985`
*連続ログイン7日間到達おめでとうございます！
明日は1日目からリスタートされます。*
`獣の足跡 X 1
呼符 X 1
7月交換券(2024) X 1
`*踊るドラゴン・キャッスル！ ～深海の姫君とふたつの宝玉～ 開幕記念 ログインボーナス*
*開催期間中、1日1回 最大21回 ログインボーナスをプレゼント！*
`白銀の果実 X 1
`_2024-07-03 19:36:44_
--------
*95433763b3466b0dae7f217d4c6c91be*
`登陆天数: 89天 / 1421天
等级: 140
石头: 514
呼符: 7
体力: 141.97666666666666 / 140
友情点: 0 / 1428680`
*連続ログイン5日目
※ログインが途切れるか、7日到達すると
1日目から再開されます*
`叡智の業火 X 2
7月交換券(2024) X 1
`*踊るドラゴン・キャッスル！ ～深海の姫君とふたつの宝玉～ 開幕記念 ログインボーナス*
*開催期間中、1日1回 最大21回 ログインボーナスをプレゼント！*
`白銀の果実 X 1
`_2024-07-03 19:36:53_
--------
