【登录信息】
*c4ae8cdfc66973e53c8a1970545a3e2b*
`登陆天数: 303天 / 1681天
等级: 143
石头: 479
呼符: 7
体力: 235.51666666666665 / 141
友情点: 575 / 3193045`
*連続ログイン2日目
※ログインが途切れるか、7日到達すると
1日目から再開されます*
`聖晶石 X 1
7月交換券(2024) X 1
`*踊るドラゴン・キャッスル！ ～深海の姫君とふたつの宝玉～ 開幕記念 ログインボーナス*
*開催期間中、1日1回 最大21回 ログインボーナスをプレゼント！*
`白銀の果実 X 1
`_2024-07-05 19:35:18_
--------
*7f4f754f260fe60c4393be1e8f740163*
`登陆天数: 303天 / 1678天
等级: 143
石头: 878
呼符: 7
体力: 235.23000000000002 / 141
友情点: 0 / 2939815`
*連続ログイン2日目
※ログインが途切れるか、7日到達すると
1日目から再開されます*
`聖晶石 X 1
7月交換券(2024) X 1
`*踊るドラゴン・キャッスル！ ～深海の姫君とふたつの宝玉～ 開幕記念 ログインボーナス*
*開催期間中、1日1回 最大21回 ログインボーナスをプレゼント！*
`白銀の果実 X 1
`_2024-07-05 19:35:27_
--------
*c4ae8cdfc66973e53c8a1970545a3e2b*
`登陆天数: 303天 / 1550天
等级: 142
石头: 624
呼符: 7
体力: 232.98000000000002 / 140
友情点: 0 / 15733135`
*連続ログイン2日目
※ログインが途切れるか、7日到達すると
1日目から再開されます*
`聖晶石 X 1
7月交換券(2024) X 1
`*踊るドラゴン・キャッスル！ ～深海の姫君とふたつの宝玉～ 開幕記念 ログインボーナス*
*開催期間中、1日1回 最大21回 ログインボーナスをプレゼント！*
`白銀の果実 X 1
`_2024-07-05 19:35:36_
--------
*95433763b3466b0dae7f217d4c6c91be*
`登陆天数: 91天 / 1423天
等级: 140
石头: 514
呼符: 7
体力: 233.01333333333332 / 140
友情点: 0 / 1428830`
*連続ログイン7日間到達おめでとうございます！
明日は1日目からリスタートされます。*
`獣の足跡 X 1
呼符 X 1
7月交換券(2024) X 1
`*踊るドラゴン・キャッスル！ ～深海の姫君とふたつの宝玉～ 開幕記念 ログインボーナス*
*開催期間中、1日1回 最大21回 ログインボーナスをプレゼント！*
`白銀の果実 X 1
`_2024-07-05 19:35:45_
--------
