【登录信息】
*c4ae8cdfc66973e53c8a1970545a3e2b*
`登陆天数: 304天 / 1682天
等级: 143
石头: 479
呼符: 8
体力: 95.51333333333334 / 141
友情点: 445 / 3194350`
*連続ログイン3日目
※ログインが途切れるか、7日到達すると
1日目から再開されます*
`叡智の業火 X 1
7月交換券(2024) X 1
`*踊るドラゴン・キャッスル！ ～深海の姫君とふたつの宝玉～ 開幕記念 ログインボーナス*
*開催期間中、1日1回 最大21回 ログインボーナスをプレゼント！*
`白銀の果実 X 1
`_2024-07-06 19:34:54_
--------
*7f4f754f260fe60c4393be1e8f740163*
`登陆天数: 304天 / 1679天
等级: 143
石头: 878
呼符: 8
体力: 95.54666666666667 / 141
友情点: 0 / 2939965`
*連続ログイン3日目
※ログインが途切れるか、7日到達すると
1日目から再開されます*
`叡智の業火 X 1
7月交換券(2024) X 1
`*踊るドラゴン・キャッスル！ ～深海の姫君とふたつの宝玉～ 開幕記念 ログインボーナス*
*開催期間中、1日1回 最大21回 ログインボーナスをプレゼント！*
`白銀の果実 X 1
`_2024-07-06 19:35:02_
--------
*c4ae8cdfc66973e53c8a1970545a3e2b*
`登陆天数: 304天 / 1551天
等级: 142
石头: 624
呼符: 7
体力: 94.53333333333333 / 140
友情点: 25 / 15733310`
*連続ログイン3日目
※ログインが途切れるか、7日到達すると
1日目から再開されます*
`叡智の業火 X 1
7月交換券(2024) X 1
`*踊るドラゴン・キャッスル！ ～深海の姫君とふたつの宝玉～ 開幕記念 ログインボーナス*
*開催期間中、1日1回 最大21回 ログインボーナスをプレゼント！*
`白銀の果実 X 1
`_2024-07-06 19:35:12_
--------
*95433763b3466b0dae7f217d4c6c91be*
`登陆天数: 92天 / 1424天
等级: 140
石头: 514
呼符: 8
体力: 94.56 / 140
友情点: 0 / 1428980`
*連続ログイン1日目
※ログインが途切れるか、7日到達すると
1日目から再開されます*
`フレンドポイント X 2000
7月交換券(2024) X 1
`*踊るドラゴン・キャッスル！ ～深海の姫君とふたつの宝玉～ 開幕記念 ログインボーナス*
*開催期間中、1日1回 最大21回 ログインボーナスをプレゼント！*
`白銀の果実 X 1
`_2024-07-06 19:35:20_
--------
