【登录信息】
*c4ae8cdfc66973e53c8a1970545a3e2b*
`登陆天数: 305天 / 1683天
等级: 143
石头: 479
呼符: 8
体力: 83.74333333333334 / 141
友情点: 285 / 3195975`
*連続ログイン4日目
※ログインが途切れるか、7日到達すると
1日目から再開されます*
`聖晶石 X 1
7月交換券(2024) X 1
`*踊るドラゴン・キャッスル！ ～深海の姫君とふたつの宝玉～ 開幕記念 ログインボーナス*
*開催期間中、1日1回 最大21回 ログインボーナスをプレゼント！*
`白銀の果実 X 1
`_2024-07-07 19:36:18_
--------
*7f4f754f260fe60c4393be1e8f740163*
`登陆天数: 305天 / 1680天
等级: 143
石头: 878
呼符: 8
体力: 83.77333333333334 / 141
友情点: 0 / 2940125`
*連続ログイン4日目
※ログインが途切れるか、7日到達すると
1日目から再開されます*
`聖晶石 X 1
7月交換券(2024) X 1
`*踊るドラゴン・キャッスル！ ～深海の姫君とふたつの宝玉～ 開幕記念 ログインボーナス*
*開催期間中、1日1回 最大21回 ログインボーナスをプレゼント！*
`白銀の果実 X 1
`_2024-07-07 19:36:27_
--------
*c4ae8cdfc66973e53c8a1970545a3e2b*
`登陆天数: 305天 / 1552天
等级: 142
石头: 624
呼符: 8
体力: 81.42333333333333 / 140
友情点: 50 / 15733510`
*連続ログイン4日目
※ログインが途切れるか、7日到達すると
1日目から再開されます*
`聖晶石 X 1
7月交換券(2024) X 1
`*踊るドラゴン・キャッスル！ ～深海の姫君とふたつの宝玉～ 開幕記念 ログインボーナス*
*開催期間中、1日1回 最大21回 ログインボーナスをプレゼント！*
`白銀の果実 X 1
`_2024-07-07 19:36:36_
--------
*95433763b3466b0dae7f217d4c6c91be*
`登陆天数: 93天 / 1425天
等级: 140
石头: 514
呼符: 8
体力: 81.41666666666666 / 140
友情点: 0 / 1429130`
*連続ログイン2日目
※ログインが途切れるか、7日到達すると
1日目から再開されます*
`聖晶石 X 1
7月交換券(2024) X 1
`*踊るドラゴン・キャッスル！ ～深海の姫君とふたつの宝玉～ 開幕記念 ログインボーナス*
*開催期間中、1日1回 最大21回 ログインボーナスをプレゼント！*
`白銀の果実 X 1
`_2024-07-07 19:36:45_
--------
