【登录信息】
*c4ae8cdfc66973e53c8a1970545a3e2b*
`登陆天数: 306天 / 1684天
等级: 143
石头: 479
呼符: 8
体力: 251.54000000000002 / 141
友情点: 435 / 3196755`
*連続ログイン5日目
※ログインが途切れるか、7日到達すると
1日目から再開されます*
`叡智の業火 X 2
7月交換券(2024) X 1
`*踊るドラゴン・キャッスル！ ～深海の姫君とふたつの宝玉～ 開幕記念 ログインボーナス*
*開催期間中、1日1回 最大21回 ログインボーナスをプレゼント！*
`白銀の果実 X 1
`_2024-07-08 19:35:17_
--------
*7f4f754f260fe60c4393be1e8f740163*
`登陆天数: 306天 / 1681天
等级: 143
石头: 878
呼符: 8
体力: 251.57 / 141
友情点: 0 / 2940200`
*連続ログイン5日目
※ログインが途切れるか、7日到達すると
1日目から再開されます*
`叡智の業火 X 2
7月交換券(2024) X 1
`*踊るドラゴン・キャッスル！ ～深海の姫君とふたつの宝玉～ 開幕記念 ログインボーナス*
*開催期間中、1日1回 最大21回 ログインボーナスをプレゼント！*
`白銀の果実 X 1
`_2024-07-08 19:35:26_
--------
*c4ae8cdfc66973e53c8a1970545a3e2b*
`登陆天数: 306天 / 1553天
等级: 142
石头: 624
呼符: 8
体力: 249.22 / 140
友情点: 0 / 15733660`
*連続ログイン5日目
※ログインが途切れるか、7日到達すると
1日目から再開されます*
`叡智の業火 X 2
7月交換券(2024) X 1
`*踊るドラゴン・キャッスル！ ～深海の姫君とふたつの宝玉～ 開幕記念 ログインボーナス*
*開催期間中、1日1回 最大21回 ログインボーナスをプレゼント！*
`白銀の果実 X 1
`_2024-07-08 19:35:35_
--------
*95433763b3466b0dae7f217d4c6c91be*
`登陆天数: 94天 / 1426天
等级: 140
石头: 514
呼符: 8
体力: 249.21333333333334 / 140
友情点: 0 / 1429205`
*連続ログイン3日目
※ログインが途切れるか、7日到達すると
1日目から再開されます*
`叡智の業火 X 1
7月交換券(2024) X 1
`*踊るドラゴン・キャッスル！ ～深海の姫君とふたつの宝玉～ 開幕記念 ログインボーナス*
*開催期間中、1日1回 最大21回 ログインボーナスをプレゼント！*
`白銀の果実 X 1
`_2024-07-08 19:35:44_
--------
