【登录信息】
*c4ae8cdfc66973e53c8a1970545a3e2b*
`登陆天数: 307天 / 1685天
等级: 143
石头: 479
呼符: 8
体力: 98.63 / 141
友情点: 440 / 3198450`
*連続ログイン6日目
※ログインが途切れるか、7日到達すると
1日目から再開されます*
`聖晶石 X 2
7月交換券(2024) X 1
`*踊るドラゴン・キャッスル！ ～深海の姫君とふたつの宝玉～ 開幕記念 ログインボーナス*
*開催期間中、1日1回 最大21回 ログインボーナスをプレゼント！*
`白銀の果実 X 1
`_2024-07-09 19:35:35_
--------
*7f4f754f260fe60c4393be1e8f740163*
`登陆天数: 307天 / 1682天
等级: 143
石头: 878
呼符: 8
体力: 98.77000000000001 / 141
友情点: 0 / 2940350`
*連続ログイン6日目
※ログインが途切れるか、7日到達すると
1日目から再開されます*
`聖晶石 X 2
7月交換券(2024) X 1
`*踊るドラゴン・キャッスル！ ～深海の姫君とふたつの宝玉～ 開幕記念 ログインボーナス*
*開催期間中、1日1回 最大21回 ログインボーナスをプレゼント！*
`白銀の果実 X 1
`_2024-07-09 19:35:43_
--------
*c4ae8cdfc66973e53c8a1970545a3e2b*
`登陆天数: 307天 / 1554天
等级: 142
石头: 624
呼符: 8
体力: 96.81 / 140
友情点: 0 / 15733810`
*連続ログイン6日目
※ログインが途切れるか、7日到達すると
1日目から再開されます*
`聖晶石 X 2
7月交換券(2024) X 1
`*踊るドラゴン・キャッスル！ ～深海の姫君とふたつの宝玉～ 開幕記念 ログインボーナス*
*開催期間中、1日1回 最大21回 ログインボーナスをプレゼント！*
`白銀の果実 X 1
`_2024-07-09 19:35:51_
--------
*95433763b3466b0dae7f217d4c6c91be*
`登陆天数: 95天 / 1427天
等级: 140
石头: 514
呼符: 8
体力: 96.84333333333333 / 140
友情点: 0 / 1429355`
*連続ログイン4日目
※ログインが途切れるか、7日到達すると
1日目から再開されます*
`聖晶石 X 1
7月交換券(2024) X 1
`*踊るドラゴン・キャッスル！ ～深海の姫君とふたつの宝玉～ 開幕記念 ログインボーナス*
*開催期間中、1日1回 最大21回 ログインボーナスをプレゼント！*
`白銀の果実 X 1
`_2024-07-09 19:36:00_
--------
