【登录信息】
*c4ae8cdfc66973e53c8a1970545a3e2b*
`登陆天数: 308天 / 1686天
等级: 143
石头: 494
呼符: 8
体力: 138.55333333333334 / 141
友情点: 275 / 3199440`
*連続ログイン7日間到達おめでとうございます！
明日は1日目からリスタートされます。*
`獣の足跡 X 1
呼符 X 1
7月交換券(2024) X 1
`*「水着イベント2024」参加条件クリア応援キャンペーン 第2弾
特別ログインボーナス*
*開催期間中、1日1回 最大7回 ログインボーナスをプレゼント！*
`黄金の果実 X 1
`_2024-07-10 19:35:31_
--------
*7f4f754f260fe60c4393be1e8f740163*
`登陆天数: 308天 / 1683天
等级: 143
石头: 893
呼符: 8
体力: 138.59 / 141
友情点: 0 / 2940500`
*連続ログイン7日間到達おめでとうございます！
明日は1日目からリスタートされます。*
`獣の足跡 X 1
呼符 X 1
7月交換券(2024) X 1
`*「水着イベント2024」参加条件クリア応援キャンペーン 第2弾
特別ログインボーナス*
*開催期間中、1日1回 最大7回 ログインボーナスをプレゼント！*
`黄金の果実 X 1
`_2024-07-10 19:35:39_
--------
*c4ae8cdfc66973e53c8a1970545a3e2b*
`登陆天数: 308天 / 1555天
等级: 142
石头: 639
呼符: 8
体力: 137.07666666666665 / 140
友情点: 0 / 15733955`
*連続ログイン7日間到達おめでとうございます！
明日は1日目からリスタートされます。*
`獣の足跡 X 1
呼符 X 1
7月交換券(2024) X 1
`*「水着イベント2024」参加条件クリア応援キャンペーン 第2弾
特別ログインボーナス*
*開催期間中、1日1回 最大7回 ログインボーナスをプレゼント！*
`黄金の果実 X 1
`_2024-07-10 19:35:48_
--------
*95433763b3466b0dae7f217d4c6c91be*
`登陆天数: 96天 / 1428天
等级: 140
石头: 529
呼符: 8
体力: 137.10666666666665 / 140
友情点: 0 / 1429505`
*連続ログイン5日目
※ログインが途切れるか、7日到達すると
1日目から再開されます*
`叡智の業火 X 2
7月交換券(2024) X 1
`*「水着イベント2024」参加条件クリア応援キャンペーン 第2弾
特別ログインボーナス*
*開催期間中、1日1回 最大7回 ログインボーナスをプレゼント！*
`黄金の果実 X 1
`_2024-07-10 19:35:56_
--------
