【登录信息】
*c4ae8cdfc66973e53c8a1970545a3e2b*
`登陆天数: 309天 / 1687天
等级: 143
石头: 494
呼符: 8
体力: 100.07 / 141
友情点: 455 / 3200925`
*連続ログイン1日目
※ログインが途切れるか、7日到達すると
1日目から再開されます*
`フレンドポイント X 2000
7月交換券(2024) X 1
`*「水着イベント2024」参加条件クリア応援キャンペーン 第2弾
特別ログインボーナス*
*開催期間中、1日1回 最大7回 ログインボーナスをプレゼント！*
`叡智の業火 X 10
`_2024-07-11 19:36:48_
--------
*7f4f754f260fe60c4393be1e8f740163*
`登陆天数: 309天 / 1684天
等级: 143
石头: 893
呼符: 8
体力: 100.01666666666667 / 141
友情点: 0 / 2940650`
*連続ログイン1日目
※ログインが途切れるか、7日到達すると
1日目から再開されます*
`フレンドポイント X 2000
7月交換券(2024) X 1
`*「水着イベント2024」参加条件クリア応援キャンペーン 第2弾
特別ログインボーナス*
*開催期間中、1日1回 最大7回 ログインボーナスをプレゼント！*
`叡智の業火 X 10
`_2024-07-11 19:36:57_
--------
*c4ae8cdfc66973e53c8a1970545a3e2b*
`登陆天数: 309天 / 1556天
等级: 142
石头: 639
呼符: 8
体力: 99.13333333333333 / 140
友情点: 0 / 15734105`
*連続ログイン1日目
※ログインが途切れるか、7日到達すると
1日目から再開されます*
`フレンドポイント X 2000
7月交換券(2024) X 1
`*「水着イベント2024」参加条件クリア応援キャンペーン 第2弾
特別ログインボーナス*
*開催期間中、1日1回 最大7回 ログインボーナスをプレゼント！*
`叡智の業火 X 10
`_2024-07-11 19:37:05_
--------
*95433763b3466b0dae7f217d4c6c91be*
`登陆天数: 97天 / 1429天
等级: 140
石头: 529
呼符: 8
体力: 99.16333333333333 / 140
友情点: 0 / 1429655`
*連続ログイン6日目
※ログインが途切れるか、7日到達すると
1日目から再開されます*
`聖晶石 X 2
7月交換券(2024) X 1
`*「水着イベント2024」参加条件クリア応援キャンペーン 第2弾
特別ログインボーナス*
*開催期間中、1日1回 最大7回 ログインボーナスをプレゼント！*
`叡智の業火 X 10
`_2024-07-11 19:37:14_
--------
