【登录信息】
*c4ae8cdfc66973e53c8a1970545a3e2b*
`登陆天数: 310天 / 1688天
等级: 143
石头: 494
呼符: 8
体力: 256.04333333333335 / 141
友情点: 400 / 3201930`
*連続ログイン2日目
※ログインが途切れるか、7日到達すると
1日目から再開されます*
`聖晶石 X 1
7月交換券(2024) X 1
`*「水着イベント2024」参加条件クリア応援キャンペーン 第2弾
特別ログインボーナス*
*開催期間中、1日1回 最大7回 ログインボーナスをプレゼント！*
`QP X 2000000
`_2024-07-12 19:35:54_
--------
*7f4f754f260fe60c4393be1e8f740163*
`登陆天数: 310天 / 1685天
等级: 143
石头: 893
呼符: 8
体力: 256.21 / 141
友情点: 0 / 2940725`
*連続ログイン2日目
※ログインが途切れるか、7日到達すると
1日目から再開されます*
`聖晶石 X 1
7月交換券(2024) X 1
`*「水着イベント2024」参加条件クリア応援キャンペーン 第2弾
特別ログインボーナス*
*開催期間中、1日1回 最大7回 ログインボーナスをプレゼント！*
`QP X 2000000
`_2024-07-12 19:36:03_
--------
*c4ae8cdfc66973e53c8a1970545a3e2b*
`登陆天数: 310天 / 1557天
等级: 142
石头: 639
呼符: 8
体力: 255.12666666666667 / 140
友情点: 75 / 15734255`
*連続ログイン2日目
※ログインが途切れるか、7日到達すると
1日目から再開されます*
`聖晶石 X 1
7月交換券(2024) X 1
`*「水着イベント2024」参加条件クリア応援キャンペーン 第2弾
特別ログインボーナス*
*開催期間中、1日1回 最大7回 ログインボーナスをプレゼント！*
`QP X 2000000
`_2024-07-12 19:36:12_
--------
*95433763b3466b0dae7f217d4c6c91be*
`登陆天数: 98天 / 1430天
等级: 140
石头: 410
呼符: 0
体力: 255.2733333333333 / 140
友情点: 0 / 1429730`
*連続ログイン7日間到達おめでとうございます！
明日は1日目からリスタートされます。*
`獣の足跡 X 1
呼符 X 1
7月交換券(2024) X 1
`*「水着イベント2024」参加条件クリア応援キャンペーン 第2弾
特別ログインボーナス*
*開催期間中、1日1回 最大7回 ログインボーナスをプレゼント！*
`QP X 2000000
`_2024-07-12 19:36:20_
--------
