【登录信息】
*c4ae8cdfc66973e53c8a1970545a3e2b*
`登陆天数: 311天 / 1689天
等级: 143
石头: 494
呼符: 8
体力: 241.82999999999998 / 141
友情点: 435 / 3202925`
*連続ログイン3日目
※ログインが途切れるか、7日到達すると
1日目から再開されます*
`叡智の業火 X 1
7月交換券(2024) X 1
`*「水着イベント2024」参加条件クリア応援キャンペーン 第2弾
特別ログインボーナス*
*開催期間中、1日1回 最大7回 ログインボーナスをプレゼント！*
`黄金の果実 X 1
`_2024-07-13 19:36:55_
--------
*7f4f754f260fe60c4393be1e8f740163*
`登陆天数: 311天 / 1686天
等级: 143
石头: 893
呼符: 8
体力: 241.94666666666666 / 141
友情点: 0 / 2940885`
*連続ログイン3日目
※ログインが途切れるか、7日到達すると
1日目から再開されます*
`叡智の業火 X 1
7月交換券(2024) X 1
`*「水着イベント2024」参加条件クリア応援キャンペーン 第2弾
特別ログインボーナス*
*開催期間中、1日1回 最大7回 ログインボーナスをプレゼント！*
`黄金の果実 X 1
`_2024-07-13 19:37:04_
--------
*c4ae8cdfc66973e53c8a1970545a3e2b*
`登陆天数: 311天 / 1558天
等级: 142
石头: 639
呼符: 8
体力: 241.00666666666666 / 140
友情点: 0 / 15734330`
*連続ログイン3日目
※ログインが途切れるか、7日到達すると
1日目から再開されます*
`叡智の業火 X 1
7月交換券(2024) X 1
`*「水着イベント2024」参加条件クリア応援キャンペーン 第2弾
特別ログインボーナス*
*開催期間中、1日1回 最大7回 ログインボーナスをプレゼント！*
`黄金の果実 X 1
`_2024-07-13 19:37:12_
--------
*95433763b3466b0dae7f217d4c6c91be*
`登陆天数: 99天 / 1431天
等级: 140
石头: 410
呼符: 0
体力: 240.97 / 140
友情点: 0 / 1429805`
*連続ログイン1日目
※ログインが途切れるか、7日到達すると
1日目から再開されます*
`フレンドポイント X 2000
7月交換券(2024) X 1
`*「水着イベント2024」参加条件クリア応援キャンペーン 第2弾
特別ログインボーナス*
*開催期間中、1日1回 最大7回 ログインボーナスをプレゼント！*
`黄金の果実 X 1
`_2024-07-13 19:37:21_
--------
