【登录信息】
*c4ae8cdfc66973e53c8a1970545a3e2b*
`登陆天数: 312天 / 1690天
等级: 143
石头: 494
呼符: 8
体力: 131.63 / 141
友情点: 565 / 3204635`
*連続ログイン4日目
※ログインが途切れるか、7日到達すると
1日目から再開されます*
`聖晶石 X 1
7月交換券(2024) X 1
`*「水着イベント2024」参加条件クリア応援キャンペーン 第2弾
特別ログインボーナス*
*開催期間中、1日1回 最大7回 ログインボーナスをプレゼント！*
`英霊結晶・星のフォウくん X 10
`_2024-07-14 19:35:25_
--------
*7f4f754f260fe60c4393be1e8f740163*
`登陆天数: 312天 / 1687天
等级: 143
石头: 893
呼符: 8
体力: 131.65333333333334 / 141
友情点: 0 / 2941110`
*連続ログイン4日目
※ログインが途切れるか、7日到達すると
1日目から再開されます*
`聖晶石 X 1
7月交換券(2024) X 1
`*「水着イベント2024」参加条件クリア応援キャンペーン 第2弾
特別ログインボーナス*
*開催期間中、1日1回 最大7回 ログインボーナスをプレゼント！*
`英霊結晶・星のフォウくん X 10
`_2024-07-14 19:35:33_
--------
*c4ae8cdfc66973e53c8a1970545a3e2b*
`登陆天数: 312天 / 1559天
等级: 142
石头: 639
呼符: 8
体力: 130.46333333333334 / 140
友情点: 0 / 15734555`
*連続ログイン4日目
※ログインが途切れるか、7日到達すると
1日目から再開されます*
`聖晶石 X 1
7月交換券(2024) X 1
`*「水着イベント2024」参加条件クリア応援キャンペーン 第2弾
特別ログインボーナス*
*開催期間中、1日1回 最大7回 ログインボーナスをプレゼント！*
`英霊結晶・星のフォウくん X 10
`_2024-07-14 19:35:41_
--------
*95433763b3466b0dae7f217d4c6c91be*
`登陆天数: 100天 / 1432天
等级: 140
石头: 410
呼符: 0
体力: 130.50333333333333 / 140
友情点: 0 / 1430030`
*連続ログイン2日目
※ログインが途切れるか、7日到達すると
1日目から再開されます*
`聖晶石 X 1
7月交換券(2024) X 1
`*「水着イベント2024」参加条件クリア応援キャンペーン 第2弾
特別ログインボーナス*
*開催期間中、1日1回 最大7回 ログインボーナスをプレゼント！*
`英霊結晶・星のフォウくん X 10
`_2024-07-14 19:35:50_
--------
