【登录信息】
*c4ae8cdfc66973e53c8a1970545a3e2b*
`登陆天数: 313天 / 1691天
等级: 143
石头: 496
呼符: 8
体力: 273.08000000000004 / 141
友情点: 230 / 3204985`
*連続ログイン5日目
※ログインが途切れるか、7日到達すると
1日目から再開されます*
`叡智の業火 X 2
7月交換券(2024) X 1
`*「水着イベント2024」参加条件クリア応援キャンペーン 第2弾
特別ログインボーナス*
*開催期間中、1日1回 最大7回 ログインボーナスをプレゼント！*
`英霊結晶・太陽のフォウくん X 10
`_2024-07-15 19:35:28_
--------
*7f4f754f260fe60c4393be1e8f740163*
`登陆天数: 313天 / 1688天
等级: 143
石头: 893
呼符: 8
体力: 419.6666666666667 / 141
友情点: 0 / 2941110`
*連続ログイン5日目
※ログインが途切れるか、7日到達すると
1日目から再開されます*
`叡智の業火 X 2
7月交換券(2024) X 1
`*「水着イベント2024」参加条件クリア応援キャンペーン 第2弾
特別ログインボーナス*
*開催期間中、1日1回 最大7回 ログインボーナスをプレゼント！*
`英霊結晶・太陽のフォウくん X 10
`_2024-07-15 19:35:37_
--------
*c4ae8cdfc66973e53c8a1970545a3e2b*
`登陆天数: 313天 / 1560天
等级: 142
石头: 639
呼符: 8
体力: 418.47333333333336 / 140
友情点: 0 / 15734555`
*連続ログイン5日目
※ログインが途切れるか、7日到達すると
1日目から再開されます*
`叡智の業火 X 2
7月交換券(2024) X 1
`*「水着イベント2024」参加条件クリア応援キャンペーン 第2弾
特別ログインボーナス*
*開催期間中、1日1回 最大7回 ログインボーナスをプレゼント！*
`英霊結晶・太陽のフォウくん X 10
`_2024-07-15 19:35:45_
--------
*95433763b3466b0dae7f217d4c6c91be*
`登陆天数: 101天 / 1433天
等级: 140
石头: 410
呼符: 0
体力: 418.51666666666665 / 140
友情点: 0 / 1430030`
*連続ログイン3日目
※ログインが途切れるか、7日到達すると
1日目から再開されます*
`叡智の業火 X 1
7月交換券(2024) X 1
`*「水着イベント2024」参加条件クリア応援キャンペーン 第2弾
特別ログインボーナス*
*開催期間中、1日1回 最大7回 ログインボーナスをプレゼント！*
`英霊結晶・太陽のフォウくん X 10
`_2024-07-15 19:35:53_
--------
