【登录信息】
*c4ae8cdfc66973e53c8a1970545a3e2b*
`登陆天数: 314天 / 1692天
等级: 143
石头: 496
呼符: 8
体力: 561.1 / 141
友情点: 85 / 3205070`
*連続ログイン6日目
※ログインが途切れるか、7日到達すると
1日目から再開されます*
`聖晶石 X 2
7月交換券(2024) X 1
`*「水着イベント2024」参加条件クリア応援キャンペーン 第2弾
特別ログインボーナス*
*開催期間中、1日1回 最大7回 ログインボーナスをプレゼント！*
`マナプリズム X 50
`_2024-07-16 19:35:35_
--------
*7f4f754f260fe60c4393be1e8f740163*
`登陆天数: 314天 / 1689天
等级: 143
石头: 893
呼符: 8
体力: 707.69 / 141
友情点: 0 / 2941110`
*連続ログイン6日目
※ログインが途切れるか、7日到達すると
1日目から再開されます*
`聖晶石 X 2
7月交換券(2024) X 1
`*「水着イベント2024」参加条件クリア応援キャンペーン 第2弾
特別ログインボーナス*
*開催期間中、1日1回 最大7回 ログインボーナスをプレゼント！*
`マナプリズム X 50
`_2024-07-16 19:35:44_
--------
*c4ae8cdfc66973e53c8a1970545a3e2b*
`登陆天数: 314天 / 1561天
等级: 142
石头: 639
呼符: 8
体力: 706.5 / 140
友情点: 0 / 15734555`
*連続ログイン6日目
※ログインが途切れるか、7日到達すると
1日目から再開されます*
`聖晶石 X 2
7月交換券(2024) X 1
`*「水着イベント2024」参加条件クリア応援キャンペーン 第2弾
特別ログインボーナス*
*開催期間中、1日1回 最大7回 ログインボーナスをプレゼント！*
`マナプリズム X 50
`_2024-07-16 19:35:52_
--------
*95433763b3466b0dae7f217d4c6c91be*
`登陆天数: 102天 / 1434天
等级: 140
石头: 410
呼符: 0
体力: 706.54 / 140
友情点: 0 / 1430030`
*連続ログイン4日目
※ログインが途切れるか、7日到達すると
1日目から再開されます*
`聖晶石 X 1
7月交換券(2024) X 1
`*「水着イベント2024」参加条件クリア応援キャンペーン 第2弾
特別ログインボーナス*
*開催期間中、1日1回 最大7回 ログインボーナスをプレゼント！*
`マナプリズム X 50
`_2024-07-16 19:36:01_
--------
