【登录信息】
*c4ae8cdfc66973e53c8a1970545a3e2b*
`登陆天数: 315天 / 1693天
等级: 143
石头: 496
呼符: 8
体力: 849.21 / 141
友情点: 140 / 3205210`
*連続ログイン7日間到達おめでとうございます！
明日は1日目からリスタートされます。*
`獣の足跡 X 1
呼符 X 1
7月交換券(2024) X 1
`*使用期限付コンティニューアイテムプレゼント！*
*開催期間中、1日1回 最大7回 コンティニューアイテム「霊脈石」をプレゼント！*
`霊脈石 X 1
`_2024-07-17 19:36:07_
--------
*7f4f754f260fe60c4393be1e8f740163*
`登陆天数: 315天 / 1690天
等级: 143
石头: 893
呼符: 8
体力: 995.8 / 141
友情点: 0 / 2941110`
*連続ログイン7日間到達おめでとうございます！
明日は1日目からリスタートされます。*
`獣の足跡 X 1
呼符 X 1
7月交換券(2024) X 1
`*使用期限付コンティニューアイテムプレゼント！*
*開催期間中、1日1回 最大7回 コンティニューアイテム「霊脈石」をプレゼント！*
`霊脈石 X 1
`_2024-07-17 19:36:16_
--------
*c4ae8cdfc66973e53c8a1970545a3e2b*
`登陆天数: 315天 / 1562天
等级: 142
石头: 639
呼符: 8
体力: 994.61 / 140
友情点: 0 / 15734555`
*連続ログイン7日間到達おめでとうございます！
明日は1日目からリスタートされます。*
`獣の足跡 X 1
呼符 X 1
7月交換券(2024) X 1
`*使用期限付コンティニューアイテムプレゼント！*
*開催期間中、1日1回 最大7回 コンティニューアイテム「霊脈石」をプレゼント！*
`霊脈石 X 1
`_2024-07-17 19:36:26_
--------
*95433763b3466b0dae7f217d4c6c91be*
`登陆天数: 103天 / 1435天
等级: 140
石头: 378
呼符: 1
体力: 994.6533333333333 / 140
友情点: 0 / 1430030`
*連続ログイン5日目
※ログインが途切れるか、7日到達すると
1日目から再開されます*
`叡智の業火 X 2
7月交換券(2024) X 1
`*使用期限付コンティニューアイテムプレゼント！*
*開催期間中、1日1回 最大7回 コンティニューアイテム「霊脈石」をプレゼント！*
`霊脈石 X 1
`_2024-07-17 19:36:35_
--------
