【登录信息】
*c4ae8cdfc66973e53c8a1970545a3e2b*
`登陆天数: 316天 / 1694天
等级: 143
石头: 496
呼符: 8
体力: 1137.0666666666666 / 141
友情点: 165 / 3205375`
*連続ログイン1日目
※ログインが途切れるか、7日到達すると
1日目から再開されます*
`フレンドポイント X 2000
7月交換券(2024) X 1
`*使用期限付コンティニューアイテムプレゼント！*
*開催期間中、1日1回 最大7回 コンティニューアイテム「霊脈石」をプレゼント！*
`霊脈石 X 1
`_2024-07-18 19:35:25_
--------
*7f4f754f260fe60c4393be1e8f740163*
`登陆天数: 316天 / 1691天
等级: 143
石头: 893
呼符: 8
体力: 1283.6566666666668 / 141
友情点: 0 / 2941110`
*連続ログイン1日目
※ログインが途切れるか、7日到達すると
1日目から再開されます*
`フレンドポイント X 2000
7月交換券(2024) X 1
`*使用期限付コンティニューアイテムプレゼント！*
*開催期間中、1日1回 最大7回 コンティニューアイテム「霊脈石」をプレゼント！*
`霊脈石 X 1
`_2024-07-18 19:35:33_
--------
*c4ae8cdfc66973e53c8a1970545a3e2b*
`登陆天数: 316天 / 1563天
等级: 142
石头: 639
呼符: 8
体力: 1282.4633333333334 / 140
友情点: 0 / 15734555`
*連続ログイン1日目
※ログインが途切れるか、7日到達すると
1日目から再開されます*
`フレンドポイント X 2000
7月交換券(2024) X 1
`*使用期限付コンティニューアイテムプレゼント！*
*開催期間中、1日1回 最大7回 コンティニューアイテム「霊脈石」をプレゼント！*
`霊脈石 X 1
`_2024-07-18 19:35:42_
--------
*95433763b3466b0dae7f217d4c6c91be*
`登陆天数: 104天 / 1436天
等级: 140
石头: 378
呼符: 1
体力: 1282.5066666666667 / 140
友情点: 0 / 1430030`
*連続ログイン6日目
※ログインが途切れるか、7日到達すると
1日目から再開されます*
`聖晶石 X 2
7月交換券(2024) X 1
`*使用期限付コンティニューアイテムプレゼント！*
*開催期間中、1日1回 最大7回 コンティニューアイテム「霊脈石」をプレゼント！*
`霊脈石 X 1
`_2024-07-18 19:35:50_
--------
