【登录信息】
*c4ae8cdfc66973e53c8a1970545a3e2b*
`登陆天数: 317天 / 1695天
等级: 143
石头: 507
呼符: 8
体力: 251.82 / 141
友情点: 945 / 3206655`
*連続ログイン2日目
※ログインが途切れるか、7日到達すると
1日目から再開されます*
`聖晶石 X 1
7月交換券(2024) X 1
`*使用期限付コンティニューアイテムプレゼント！*
*開催期間中、1日1回 最大7回 コンティニューアイテム「霊脈石」をプレゼント！*
`霊脈石 X 1
`_2024-07-19 19:36:19_
--------
*7f4f754f260fe60c4393be1e8f740163*
`登陆天数: 317天 / 1692天
等级: 143
石头: 908
呼符: 8
体力: 251.76 / 141
友情点: 250 / 2941605`
*連続ログイン2日目
※ログインが途切れるか、7日到達すると
1日目から再開されます*
`聖晶石 X 1
7月交換券(2024) X 1
`*使用期限付コンティニューアイテムプレゼント！*
*開催期間中、1日1回 最大7回 コンティニューアイテム「霊脈石」をプレゼント！*
`霊脈石 X 1
`_2024-07-19 19:36:28_
--------
*c4ae8cdfc66973e53c8a1970545a3e2b*
`登陆天数: 317天 / 1564天
等级: 142
石头: 653
呼符: 8
体力: 246.93666666666667 / 140
友情点: 50 / 15735230`
*連続ログイン2日目
※ログインが途切れるか、7日到達すると
1日目から再開されます*
`聖晶石 X 1
7月交換券(2024) X 1
`*使用期限付コンティニューアイテムプレゼント！*
*開催期間中、1日1回 最大7回 コンティニューアイテム「霊脈石」をプレゼント！*
`霊脈石 X 1
`_2024-07-19 19:36:37_
--------
*95433763b3466b0dae7f217d4c6c91be*
`登陆天数: 105天 / 1437天
等级: 140
石头: 389
呼符: 1
体力: 246.95999999999998 / 140
友情点: 0 / 1430245`
*連続ログイン7日間到達おめでとうございます！
明日は1日目からリスタートされます。*
`獣の足跡 X 1
呼符 X 1
7月交換券(2024) X 1
`*使用期限付コンティニューアイテムプレゼント！*
*開催期間中、1日1回 最大7回 コンティニューアイテム「霊脈石」をプレゼント！*
`霊脈石 X 1
`_2024-07-19 19:36:46_
--------
