【登录信息】
*c4ae8cdfc66973e53c8a1970545a3e2b*
`登陆天数: 318天 / 1696天
等级: 143
石头: 507
呼符: 8
体力: 539.6266666666667 / 141
友情点: 130 / 3206785`
*連続ログイン3日目
※ログインが途切れるか、7日到達すると
1日目から再開されます*
`叡智の業火 X 1
7月交換券(2024) X 1
`*使用期限付コンティニューアイテムプレゼント！*
*開催期間中、1日1回 最大7回 コンティニューアイテム「霊脈石」をプレゼント！*
`霊脈石 X 1
`_2024-07-20 19:35:22_
--------
*7f4f754f260fe60c4393be1e8f740163*
`登陆天数: 318天 / 1693天
等级: 143
石头: 908
呼符: 8
体力: 539.5666666666666 / 141
友情点: 0 / 2941605`
*連続ログイン3日目
※ログインが途切れるか、7日到達すると
1日目から再開されます*
`叡智の業火 X 1
7月交換券(2024) X 1
`*使用期限付コンティニューアイテムプレゼント！*
*開催期間中、1日1回 最大7回 コンティニューアイテム「霊脈石」をプレゼント！*
`霊脈石 X 1
`_2024-07-20 19:35:31_
--------
*c4ae8cdfc66973e53c8a1970545a3e2b*
`登陆天数: 318天 / 1565天
等级: 142
石头: 653
呼符: 8
体力: 534.7433333333333 / 140
友情点: 0 / 15735230`
*連続ログイン3日目
※ログインが途切れるか、7日到達すると
1日目から再開されます*
`叡智の業火 X 1
7月交換券(2024) X 1
`*使用期限付コンティニューアイテムプレゼント！*
*開催期間中、1日1回 最大7回 コンティニューアイテム「霊脈石」をプレゼント！*
`霊脈石 X 1
`_2024-07-20 19:35:39_
--------
*95433763b3466b0dae7f217d4c6c91be*
`登陆天数: 106天 / 1438天
等级: 140
石头: 389
呼符: 1
体力: 534.7633333333333 / 140
友情点: 0 / 1430245`
*連続ログイン1日目
※ログインが途切れるか、7日到達すると
1日目から再開されます*
`フレンドポイント X 2000
7月交換券(2024) X 1
`*使用期限付コンティニューアイテムプレゼント！*
*開催期間中、1日1回 最大7回 コンティニューアイテム「霊脈石」をプレゼント！*
`霊脈石 X 1
`_2024-07-20 19:35:47_
--------
