【登录信息】
*c4ae8cdfc66973e53c8a1970545a3e2b*
`登陆天数: 322天 / 1700天
等级: 143
石头: 507
呼符: 8
体力: 1691.7766666666666 / 141
友情点: 410 / 3207305`
*連続ログイン7日間到達おめでとうございます！
明日は1日目からリスタートされます。*
`獣の足跡 X 1
呼符 X 1
7月交換券(2024) X 1
`*ハンティングクエスト 第14弾
特別ログインボーナス*
*開催期間中、1日1回 最大7回 ログインボーナスをプレゼント！*
`黄金の果実 X 1
`_2024-07-24 19:36:06_
--------
*7f4f754f260fe60c4393be1e8f740163*
`登陆天数: 322天 / 1697天
等级: 143
石头: 908
呼符: 8
体力: 1691.7133333333334 / 141
友情点: 0 / 2941630`
*連続ログイン7日間到達おめでとうございます！
明日は1日目からリスタートされます。*
`獣の足跡 X 1
呼符 X 1
7月交換券(2024) X 1
`*ハンティングクエスト 第14弾
特別ログインボーナス*
*開催期間中、1日1回 最大7回 ログインボーナスをプレゼント！*
`黄金の果実 X 1
`_2024-07-24 19:36:15_
--------
*c4ae8cdfc66973e53c8a1970545a3e2b*
`登陆天数: 322天 / 1569天
等级: 142
石头: 653
呼符: 8
体力: 1686.8933333333334 / 140
友情点: 0 / 15735230`
*連続ログイン7日間到達おめでとうございます！
明日は1日目からリスタートされます。*
`獣の足跡 X 1
呼符 X 1
7月交換券(2024) X 1
`*ハンティングクエスト 第14弾
特別ログインボーナス*
*開催期間中、1日1回 最大7回 ログインボーナスをプレゼント！*
`黄金の果実 X 1
`_2024-07-24 19:36:24_
--------
*95433763b3466b0dae7f217d4c6c91be*
`登陆天数: 110天 / 1442天
等级: 140
石头: 389
呼符: 1
体力: 1686.9133333333334 / 140
友情点: 0 / 1430245`
*連続ログイン5日目
※ログインが途切れるか、7日到達すると
1日目から再開されます*
`叡智の業火 X 2
7月交換券(2024) X 1
`*ハンティングクエスト 第14弾
特別ログインボーナス*
*開催期間中、1日1回 最大7回 ログインボーナスをプレゼント！*
`黄金の果実 X 1
`_2024-07-24 19:36:32_
--------
