【登录信息】
*c4ae8cdfc66973e53c8a1970545a3e2b*
`登陆天数: 323天 / 1701天
等级: 143
石头: 507
呼符: 8
体力: 1978.7133333333334 / 141
友情点: 0 / 3207305`
*連続ログイン1日目
※ログインが途切れるか、7日到達すると
1日目から再開されます*
`フレンドポイント X 2000
7月交換券(2024) X 1
`*ハンティングクエスト 第14弾
特別ログインボーナス*
*開催期間中、1日1回 最大7回 ログインボーナスをプレゼント！*
`黄金の果実 X 1
`_2024-07-25 19:30:47_
--------
*7f4f754f260fe60c4393be1e8f740163*
`登陆天数: 323天 / 1698天
等级: 143
石头: 908
呼符: 8
体力: 1978.65 / 141
友情点: 0 / 2941630`
*連続ログイン1日目
※ログインが途切れるか、7日到達すると
1日目から再開されます*
`フレンドポイント X 2000
7月交換券(2024) X 1
`*ハンティングクエスト 第14弾
特別ログインボーナス*
*開催期間中、1日1回 最大7回 ログインボーナスをプレゼント！*
`黄金の果実 X 1
`_2024-07-25 19:30:56_
--------
*c4ae8cdfc66973e53c8a1970545a3e2b*
`登陆天数: 323天 / 1570天
等级: 142
石头: 653
呼符: 8
体力: 1973.83 / 140
友情点: 0 / 15735230`
*連続ログイン1日目
※ログインが途切れるか、7日到達すると
1日目から再開されます*
`フレンドポイント X 2000
7月交換券(2024) X 1
`*ハンティングクエスト 第14弾
特別ログインボーナス*
*開催期間中、1日1回 最大7回 ログインボーナスをプレゼント！*
`黄金の果実 X 1
`_2024-07-25 19:31:05_
--------
*95433763b3466b0dae7f217d4c6c91be*
`登陆天数: 111天 / 1443天
等级: 140
石头: 389
呼符: 1
体力: 1973.8533333333332 / 140
友情点: 0 / 1430245`
*連続ログイン6日目
※ログインが途切れるか、7日到達すると
1日目から再開されます*
`聖晶石 X 2
7月交換券(2024) X 1
`*ハンティングクエスト 第14弾
特別ログインボーナス*
*開催期間中、1日1回 最大7回 ログインボーナスをプレゼント！*
`黄金の果実 X 1
`_2024-07-25 19:31:13_
--------
