【登录信息】
*c4ae8cdfc66973e53c8a1970545a3e2b*
`登陆天数: 324天 / 1702天
等级: 143
石头: 507
呼符: 8
体力: 2266.72 / 141
友情点: 0 / 3207305`
*連続ログイン2日目
※ログインが途切れるか、7日到達すると
1日目から再開されます*
`聖晶石 X 1
7月交換券(2024) X 1
`*「FGO Expo ～Fate/Grand Order Fes. 2024 9th Anniversary～」 開催直前カウントダウン ログインボーナス*
*開催期間中、1日1回 9日間日替りでログインボーナスをプレゼント！*
`叡智の業火 X 5
`_2024-07-26 19:30:49_
--------
*7f4f754f260fe60c4393be1e8f740163*
`登陆天数: 324天 / 1699天
等级: 143
石头: 908
呼符: 8
体力: 2266.66 / 141
友情点: 0 / 2941630`
*連続ログイン2日目
※ログインが途切れるか、7日到達すると
1日目から再開されます*
`聖晶石 X 1
7月交換券(2024) X 1
`*「FGO Expo ～Fate/Grand Order Fes. 2024 9th Anniversary～」 開催直前カウントダウン ログインボーナス*
*開催期間中、1日1回 9日間日替りでログインボーナスをプレゼント！*
`叡智の業火 X 5
`_2024-07-26 19:30:58_
--------
*c4ae8cdfc66973e53c8a1970545a3e2b*
`登陆天数: 324天 / 1571天
等级: 142
石头: 653
呼符: 8
体力: 2261.84 / 140
友情点: 0 / 15735230`
*連続ログイン2日目
※ログインが途切れるか、7日到達すると
1日目から再開されます*
`聖晶石 X 1
7月交換券(2024) X 1
`*「FGO Expo ～Fate/Grand Order Fes. 2024 9th Anniversary～」 開催直前カウントダウン ログインボーナス*
*開催期間中、1日1回 9日間日替りでログインボーナスをプレゼント！*
`叡智の業火 X 5
`_2024-07-26 19:31:07_
--------
*95433763b3466b0dae7f217d4c6c91be*
`登陆天数: 112天 / 1444天
等级: 140
石头: 389
呼符: 1
体力: 2261.8633333333332 / 140
友情点: 0 / 1430245`
*連続ログイン7日間到達おめでとうございます！
明日は1日目からリスタートされます。*
`獣の足跡 X 1
呼符 X 1
7月交換券(2024) X 1
`*「FGO Expo ～Fate/Grand Order Fes. 2024 9th Anniversary～」 開催直前カウントダウン ログインボーナス*
*開催期間中、1日1回 9日間日替りでログインボーナスをプレゼント！*
`叡智の業火 X 5
`_2024-07-26 19:31:16_
--------
