【登录信息】
*c4ae8cdfc66973e53c8a1970545a3e2b*
`登陆天数: 325天 / 1703天
等级: 143
石头: 507
呼符: 8
体力: 2554.6966666666667 / 141
友情点: 95 / 3207400`
*連続ログイン3日目
※ログインが途切れるか、7日到達すると
1日目から再開されます*
`叡智の業火 X 1
7月交換券(2024) X 1
`*「FGO Expo ～Fate/Grand Order Fes. 2024 9th Anniversary～」 開催直前カウントダウン ログインボーナス*
*開催期間中、1日1回 9日間日替りでログインボーナスをプレゼント！*
`QP X 2000000
`_2024-07-27 19:30:42_
--------
*7f4f754f260fe60c4393be1e8f740163*
`登陆天数: 325天 / 1700天
等级: 143
石头: 908
呼符: 8
体力: 2554.6366666666668 / 141
友情点: 10 / 2941640`
*連続ログイン3日目
※ログインが途切れるか、7日到達すると
1日目から再開されます*
`叡智の業火 X 1
7月交換券(2024) X 1
`*「FGO Expo ～Fate/Grand Order Fes. 2024 9th Anniversary～」 開催直前カウントダウン ログインボーナス*
*開催期間中、1日1回 9日間日替りでログインボーナスをプレゼント！*
`QP X 2000000
`_2024-07-27 19:30:51_
--------
*c4ae8cdfc66973e53c8a1970545a3e2b*
`登陆天数: 325天 / 1572天
等级: 142
石头: 653
呼符: 8
体力: 2549.8166666666666 / 140
友情点: 0 / 15735230`
*連続ログイン3日目
※ログインが途切れるか、7日到達すると
1日目から再開されます*
`叡智の業火 X 1
7月交換券(2024) X 1
`*「FGO Expo ～Fate/Grand Order Fes. 2024 9th Anniversary～」 開催直前カウントダウン ログインボーナス*
*開催期間中、1日1回 9日間日替りでログインボーナスをプレゼント！*
`QP X 2000000
`_2024-07-27 19:31:00_
--------
*95433763b3466b0dae7f217d4c6c91be*
`登陆天数: 113天 / 1445天
等级: 140
石头: 389
呼符: 1
体力: 2549.8366666666666 / 140
友情点: 0 / 1430245`
*連続ログイン1日目
※ログインが途切れるか、7日到達すると
1日目から再開されます*
`フレンドポイント X 2000
7月交換券(2024) X 1
`*「FGO Expo ～Fate/Grand Order Fes. 2024 9th Anniversary～」 開催直前カウントダウン ログインボーナス*
*開催期間中、1日1回 9日間日替りでログインボーナスをプレゼント！*
`QP X 2000000
`_2024-07-27 19:31:09_
--------
