【登录信息】
*c4ae8cdfc66973e53c8a1970545a3e2b*
`登陆天数: 326天 / 1704天
等级: 143
石头: 507
呼符: 8
体力: 2842.74 / 141
友情点: 250 / 3207650`
*連続ログイン4日目
※ログインが途切れるか、7日到達すると
1日目から再開されます*
`聖晶石 X 1
7月交換券(2024) X 1
`*「FGO Expo ～Fate/Grand Order Fes. 2024 9th Anniversary～」 開催直前カウントダウン ログインボーナス*
*開催期間中、1日1回 9日間日替りでログインボーナスをプレゼント！*
`星見のティーポット X 1
`_2024-07-28 19:30:55_
--------
*7f4f754f260fe60c4393be1e8f740163*
`登陆天数: 326天 / 1701天
等级: 143
石头: 908
呼符: 8
体力: 2842.68 / 141
友情点: 0 / 2941640`
*連続ログイン4日目
※ログインが途切れるか、7日到達すると
1日目から再開されます*
`聖晶石 X 1
7月交換券(2024) X 1
`*「FGO Expo ～Fate/Grand Order Fes. 2024 9th Anniversary～」 開催直前カウントダウン ログインボーナス*
*開催期間中、1日1回 9日間日替りでログインボーナスをプレゼント！*
`星見のティーポット X 1
`_2024-07-28 19:31:04_
--------
*c4ae8cdfc66973e53c8a1970545a3e2b*
`登陆天数: 326天 / 1573天
等级: 142
石头: 653
呼符: 8
体力: 2837.86 / 140
友情点: 0 / 15735230`
*連続ログイン4日目
※ログインが途切れるか、7日到達すると
1日目から再開されます*
`聖晶石 X 1
7月交換券(2024) X 1
`*「FGO Expo ～Fate/Grand Order Fes. 2024 9th Anniversary～」 開催直前カウントダウン ログインボーナス*
*開催期間中、1日1回 9日間日替りでログインボーナスをプレゼント！*
`星見のティーポット X 1
`_2024-07-28 19:31:13_
--------
*95433763b3466b0dae7f217d4c6c91be*
`登陆天数: 114天 / 1446天
等级: 140
石头: 389
呼符: 1
体力: 2837.883333333333 / 140
友情点: 0 / 1430245`
*連続ログイン2日目
※ログインが途切れるか、7日到達すると
1日目から再開されます*
`聖晶石 X 1
7月交換券(2024) X 1
`*「FGO Expo ～Fate/Grand Order Fes. 2024 9th Anniversary～」 開催直前カウントダウン ログインボーナス*
*開催期間中、1日1回 9日間日替りでログインボーナスをプレゼント！*
`星見のティーポット X 1
`_2024-07-28 19:31:22_
--------
