【登录信息】
*c4ae8cdfc66973e53c8a1970545a3e2b*
`登陆天数: 327天 / 1705天
等级: 143
石头: 507
呼符: 8
体力: 3130.7733333333335 / 141
友情点: 0 / 3207650`
*連続ログイン5日目
※ログインが途切れるか、7日到達すると
1日目から再開されます*
`叡智の業火 X 2
7月交換券(2024) X 1
`*「FGO Expo ～Fate/Grand Order Fes. 2024 9th Anniversary～」 開催直前カウントダウン ログインボーナス*
*開催期間中、1日1回 9日間日替りでログインボーナスをプレゼント！*
`叡智の業火 X 10
`_2024-07-29 19:31:06_
--------
*7f4f754f260fe60c4393be1e8f740163*
`登陆天数: 327天 / 1702天
等级: 143
石头: 908
呼符: 8
体力: 3130.71 / 141
友情点: 0 / 2941640`
*連続ログイン5日目
※ログインが途切れるか、7日到達すると
1日目から再開されます*
`叡智の業火 X 2
7月交換券(2024) X 1
`*「FGO Expo ～Fate/Grand Order Fes. 2024 9th Anniversary～」 開催直前カウントダウン ログインボーナス*
*開催期間中、1日1回 9日間日替りでログインボーナスをプレゼント！*
`叡智の業火 X 10
`_2024-07-29 19:31:14_
--------
*c4ae8cdfc66973e53c8a1970545a3e2b*
`登陆天数: 327天 / 1574天
等级: 142
石头: 653
呼符: 8
体力: 3125.89 / 140
友情点: 0 / 15735230`
*連続ログイン5日目
※ログインが途切れるか、7日到達すると
1日目から再開されます*
`叡智の業火 X 2
7月交換券(2024) X 1
`*「FGO Expo ～Fate/Grand Order Fes. 2024 9th Anniversary～」 開催直前カウントダウン ログインボーナス*
*開催期間中、1日1回 9日間日替りでログインボーナスをプレゼント！*
`叡智の業火 X 10
`_2024-07-29 19:31:22_
--------
*95433763b3466b0dae7f217d4c6c91be*
`登陆天数: 115天 / 1447天
等级: 140
石头: 389
呼符: 1
体力: 3125.91 / 140
友情点: 10 / 1430255`
*連続ログイン3日目
※ログインが途切れるか、7日到達すると
1日目から再開されます*
`叡智の業火 X 1
7月交換券(2024) X 1
`*「FGO Expo ～Fate/Grand Order Fes. 2024 9th Anniversary～」 開催直前カウントダウン ログインボーナス*
*開催期間中、1日1回 9日間日替りでログインボーナスをプレゼント！*
`叡智の業火 X 10
`_2024-07-29 19:31:31_
--------
