【登录信息】
*c4ae8cdfc66973e53c8a1970545a3e2b*
`登陆天数: 328天 / 1706天
等级: 143
石头: 507
呼符: 8
体力: 3418.693333333333 / 141
友情点: 35 / 3207685`
*連続ログイン6日目
※ログインが途切れるか、7日到達すると
1日目から再開されます*
`聖晶石 X 2
7月交換券(2024) X 1
`*「FGO Expo ～Fate/Grand Order Fes. 2024 9th Anniversary～」 開催直前カウントダウン ログインボーナス*
*開催期間中、1日1回 9日間日替りでログインボーナスをプレゼント！*
`QP X 3000000
`_2024-07-30 19:30:42_
--------
*7f4f754f260fe60c4393be1e8f740163*
`登陆天数: 328天 / 1703天
等级: 143
石头: 908
呼符: 8
体力: 3418.63 / 141
友情点: 10 / 2941650`
*連続ログイン6日目
※ログインが途切れるか、7日到達すると
1日目から再開されます*
`聖晶石 X 2
7月交換券(2024) X 1
`*「FGO Expo ～Fate/Grand Order Fes. 2024 9th Anniversary～」 開催直前カウントダウン ログインボーナス*
*開催期間中、1日1回 9日間日替りでログインボーナスをプレゼント！*
`QP X 3000000
`_2024-07-30 19:30:50_
--------
*c4ae8cdfc66973e53c8a1970545a3e2b*
`登陆天数: 328天 / 1575天
等级: 142
石头: 653
呼符: 8
体力: 3413.81 / 140
友情点: 0 / 15735230`
*連続ログイン6日目
※ログインが途切れるか、7日到達すると
1日目から再開されます*
`聖晶石 X 2
7月交換券(2024) X 1
`*「FGO Expo ～Fate/Grand Order Fes. 2024 9th Anniversary～」 開催直前カウントダウン ログインボーナス*
*開催期間中、1日1回 9日間日替りでログインボーナスをプレゼント！*
`QP X 3000000
`_2024-07-30 19:30:59_
--------
*95433763b3466b0dae7f217d4c6c91be*
`登陆天数: 116天 / 1448天
等级: 140
石头: 389
呼符: 1
体力: 3413.83 / 140
友情点: 0 / 1430255`
*連続ログイン4日目
※ログインが途切れるか、7日到達すると
1日目から再開されます*
`聖晶石 X 1
7月交換券(2024) X 1
`*「FGO Expo ～Fate/Grand Order Fes. 2024 9th Anniversary～」 開催直前カウントダウン ログインボーナス*
*開催期間中、1日1回 9日間日替りでログインボーナスをプレゼント！*
`QP X 3000000
`_2024-07-30 19:31:07_
--------
