【登录信息】
*c4ae8cdfc66973e53c8a1970545a3e2b*
`登陆天数: 99天 / 1477天
等级: 139
石头: 965
呼符: 30
体力: 28.239999999999995 / 140
友情点: 60 / 2321630`
_2023-12-15 04:30:00_
--------
*7f4f754f260fe60c4393be1e8f740163*
`登陆天数: 99天 / 1474天
等级: 139
石头: 764
呼符: 32
体力: 28.25333333333333 / 140
友情点: 0 / 1814580`
_2023-12-15 04:30:08_
--------
*c4ae8cdfc66973e53c8a1970545a3e2b*
`登陆天数: 99天 / 1346天
等级: 137
石头: 1458
呼符: 29
体力: 28.310000000000002 / 140
友情点: 0 / 13454560`
_2023-12-15 04:30:16_
--------
*95433763b3466b0dae7f217d4c6c91be*
`登陆天数: 102天 / 1220天
等级: 136
石头: 535
呼符: 36
体力: 27.346666666666664 / 139
友情点: 70 / 844060`
_2023-12-15 04:30:24_
--------
