【登录信息】
*c4ae8cdfc66973e53c8a1970545a3e2b*
`登陆天数: 100天 / 1478天
等级: 139
石头: 965
呼符: 30
体力: 89.32333333333332 / 140
友情点: 0 / 2321935`
*連続ログイン2日目
※ログインが途切れるか、7日到達すると
1日目から再開されます*
`聖晶石 X 1
12月交換券(2023) X 1
`*激走！川中島24時 ぐだぐだ超五稜郭 殺しのサインはM51
開幕記念 ログインボーナス*
*開催期間中、1日1回 最大21回ログインボーナスをプレゼント！*
`白銀の果実 X 1
`_2023-12-15 19:35:25_
--------
*7f4f754f260fe60c4393be1e8f740163*
`登陆天数: 100天 / 1475天
等级: 139
石头: 764
呼符: 32
体力: 89.34 / 140
友情点: 0 / 1814655`
*連続ログイン2日目
※ログインが途切れるか、7日到達すると
1日目から再開されます*
`聖晶石 X 1
12月交換券(2023) X 1
`*激走！川中島24時 ぐだぐだ超五稜郭 殺しのサインはM51
開幕記念 ログインボーナス*
*開催期間中、1日1回 最大21回ログインボーナスをプレゼント！*
`白銀の果実 X 1
`_2023-12-15 19:35:33_
--------
*c4ae8cdfc66973e53c8a1970545a3e2b*
`登陆天数: 100天 / 1347天
等级: 137
石头: 1458
呼符: 29
体力: 89.39666666666668 / 140
友情点: 0 / 13454635`
*連続ログイン2日目
※ログインが途切れるか、7日到達すると
1日目から再開されます*
`聖晶石 X 1
12月交換券(2023) X 1
`*激走！川中島24時 ぐだぐだ超五稜郭 殺しのサインはM51
開幕記念 ログインボーナス*
*開催期間中、1日1回 最大21回ログインボーナスをプレゼント！*
`白銀の果実 X 1
`_2023-12-15 19:35:42_
--------
*95433763b3466b0dae7f217d4c6c91be*
`登陆天数: 103天 / 1221天
等级: 136
石头: 535
呼符: 36
体力: 88.44 / 139
友情点: 40 / 844245`
*連続ログイン5日目
※ログインが途切れるか、7日到達すると
1日目から再開されます*
`叡智の業火 X 2
12月交換券(2023) X 1
`*激走！川中島24時 ぐだぐだ超五稜郭 殺しのサインはM51
開幕記念 ログインボーナス*
*開催期間中、1日1回 最大21回ログインボーナスをプレゼント！*
`白銀の果実 X 1
`_2023-12-15 19:35:50_
--------
