【登录信息】
*c4ae8cdfc66973e53c8a1970545a3e2b*
`登陆天数: 101天 / 1479天
等级: 139
石头: 966
呼符: 30
体力: 96.95666666666666 / 140
友情点: 80 / 2322705`
*連続ログイン3日目
※ログインが途切れるか、7日到達すると
1日目から再開されます*
`叡智の業火 X 1
12月交換券(2023) X 1
`*激走！川中島24時 ぐだぐだ超五稜郭 殺しのサインはM51
開幕記念 ログインボーナス*
*開催期間中、1日1回 最大21回ログインボーナスをプレゼント！*
`白銀の果実 X 1
`_2023-12-16 19:35:36_
--------
*7f4f754f260fe60c4393be1e8f740163*
`登陆天数: 101天 / 1476天
等级: 139
石头: 764
呼符: 32
体力: 91.11666666666667 / 140
友情点: 0 / 1814730`
*連続ログイン3日目
※ログインが途切れるか、7日到達すると
1日目から再開されます*
`叡智の業火 X 1
12月交換券(2023) X 1
`*激走！川中島24時 ぐだぐだ超五稜郭 殺しのサインはM51
開幕記念 ログインボーナス*
*開催期間中、1日1回 最大21回ログインボーナスをプレゼント！*
`白銀の果実 X 1
`_2023-12-16 19:35:44_
--------
*c4ae8cdfc66973e53c8a1970545a3e2b*
`登陆天数: 101天 / 1348天
等级: 137
石头: 1458
呼符: 29
体力: 135.86 / 140
友情点: 0 / 13454710`
*連続ログイン3日目
※ログインが途切れるか、7日到達すると
1日目から再開されます*
`叡智の業火 X 1
12月交換券(2023) X 1
`*激走！川中島24時 ぐだぐだ超五稜郭 殺しのサインはM51
開幕記念 ログインボーナス*
*開催期間中、1日1回 最大21回ログインボーナスをプレゼント！*
`白銀の果実 X 1
`_2023-12-16 19:35:53_
--------
*95433763b3466b0dae7f217d4c6c91be*
`登陆天数: 104天 / 1222天
等级: 136
石头: 535
呼符: 36
体力: 134.91333333333333 / 139
友情点: 80 / 844680`
*連続ログイン6日目
※ログインが途切れるか、7日到達すると
1日目から再開されます*
`聖晶石 X 2
12月交換券(2023) X 1
`*激走！川中島24時 ぐだぐだ超五稜郭 殺しのサインはM51
開幕記念 ログインボーナス*
*開催期間中、1日1回 最大21回ログインボーナスをプレゼント！*
`白銀の果実 X 1
`_2023-12-16 19:36:01_
--------
