【登录信息】
*c4ae8cdfc66973e53c8a1970545a3e2b*
`登陆天数: 102天 / 1480天
等级: 139
石头: 966
呼符: 32
体力: 104.65666666666667 / 140
友情点: 70 / 2323300`
*連続ログイン4日目
※ログインが途切れるか、7日到達すると
1日目から再開されます*
`聖晶石 X 1
12月交換券(2023) X 1
`*激走！川中島24時 ぐだぐだ超五稜郭 殺しのサインはM51
開幕記念 ログインボーナス*
*開催期間中、1日1回 最大21回ログインボーナスをプレゼント！*
`白銀の果実 X 1
`_2023-12-17 19:35:17_
--------
*7f4f754f260fe60c4393be1e8f740163*
`登陆天数: 102天 / 1477天
等级: 139
石头: 768
呼符: 33
体力: 104.69666666666666 / 140
友情点: 0 / 1826955`
*連続ログイン4日目
※ログインが途切れるか、7日到達すると
1日目から再開されます*
`聖晶石 X 1
12月交換券(2023) X 1
`*激走！川中島24時 ぐだぐだ超五稜郭 殺しのサインはM51
開幕記念 ログインボーナス*
*開催期間中、1日1回 最大21回ログインボーナスをプレゼント！*
`白銀の果実 X 1
`_2023-12-17 19:35:26_
--------
*c4ae8cdfc66973e53c8a1970545a3e2b*
`登陆天数: 102天 / 1349天
等级: 137
石头: 1458
呼符: 29
体力: 103.98333333333333 / 140
友情点: 0 / 13454785`
*連続ログイン4日目
※ログインが途切れるか、7日到達すると
1日目から再開されます*
`聖晶石 X 1
12月交換券(2023) X 1
`*激走！川中島24時 ぐだぐだ超五稜郭 殺しのサインはM51
開幕記念 ログインボーナス*
*開催期間中、1日1回 最大21回ログインボーナスをプレゼント！*
`白銀の果実 X 1
`_2023-12-17 19:35:35_
--------
*95433763b3466b0dae7f217d4c6c91be*
`登陆天数: 105天 / 1223天
等级: 136
石头: 546
呼符: 36
体力: 102.99666666666667 / 139
友情点: 0 / 845205`
*連続ログイン7日間到達おめでとうございます！
明日は1日目からリスタートされます。*
`獣の足跡 X 1
呼符 X 1
12月交換券(2023) X 1
`*激走！川中島24時 ぐだぐだ超五稜郭 殺しのサインはM51
開幕記念 ログインボーナス*
*開催期間中、1日1回 最大21回ログインボーナスをプレゼント！*
`白銀の果実 X 1
`_2023-12-17 19:35:43_
--------
