【登录信息】
*c4ae8cdfc66973e53c8a1970545a3e2b*
`登陆天数: 103天 / 1481天
等级: 139
石头: 966
呼符: 32
体力: 97.31666666666666 / 140
友情点: 555 / 2324225`
*連続ログイン5日目
※ログインが途切れるか、7日到達すると
1日目から再開されます*
`叡智の業火 X 2
12月交換券(2023) X 1
`*激走！川中島24時 ぐだぐだ超五稜郭 殺しのサインはM51
開幕記念 ログインボーナス*
*開催期間中、1日1回 最大21回ログインボーナスをプレゼント！*
`白銀の果実 X 1
`_2023-12-18 19:35:32_
--------
*7f4f754f260fe60c4393be1e8f740163*
`登陆天数: 103天 / 1478天
等级: 139
石头: 768
呼符: 33
体力: 97.28333333333333 / 140
友情点: 0 / 1827080`
*連続ログイン5日目
※ログインが途切れるか、7日到達すると
1日目から再開されます*
`叡智の業火 X 2
12月交換券(2023) X 1
`*激走！川中島24時 ぐだぐだ超五稜郭 殺しのサインはM51
開幕記念 ログインボーナス*
*開催期間中、1日1回 最大21回ログインボーナスをプレゼント！*
`白銀の果実 X 1
`_2023-12-18 19:35:40_
--------
*c4ae8cdfc66973e53c8a1970545a3e2b*
`登陆天数: 103天 / 1350天
等级: 137
石头: 1458
呼符: 29
体力: 96.57333333333332 / 140
友情点: 0 / 13454860`
*連続ログイン5日目
※ログインが途切れるか、7日到達すると
1日目から再開されます*
`叡智の業火 X 2
12月交換券(2023) X 1
`*激走！川中島24時 ぐだぐだ超五稜郭 殺しのサインはM51
開幕記念 ログインボーナス*
*開催期間中、1日1回 最大21回ログインボーナスをプレゼント！*
`白銀の果実 X 1
`_2023-12-18 19:35:49_
--------
*95433763b3466b0dae7f217d4c6c91be*
`登陆天数: 106天 / 1224天
等级: 136
石头: 546
呼符: 37
体力: 95.61 / 139
友情点: 10 / 845905`
*連続ログイン1日目
※ログインが途切れるか、7日到達すると
1日目から再開されます*
`フレンドポイント X 2000
12月交換券(2023) X 1
`*激走！川中島24時 ぐだぐだ超五稜郭 殺しのサインはM51
開幕記念 ログインボーナス*
*開催期間中、1日1回 最大21回ログインボーナスをプレゼント！*
`白銀の果実 X 1
`_2023-12-18 19:35:57_
--------
