【登录信息】
*c4ae8cdfc66973e53c8a1970545a3e2b*
`登陆天数: 104天 / 1482天
等级: 139
石头: 966
呼符: 32
体力: 109.54666666666667 / 140
友情点: 20 / 2324475`
*連続ログイン6日目
※ログインが途切れるか、7日到達すると
1日目から再開されます*
`聖晶石 X 2
12月交換券(2023) X 1
`_2023-12-19 19:35:21_
--------
*7f4f754f260fe60c4393be1e8f740163*
`登陆天数: 104天 / 1479天
等级: 139
石头: 768
呼符: 33
体力: 109.58333333333333 / 140
友情点: 0 / 1827155`
*連続ログイン6日目
※ログインが途切れるか、7日到達すると
1日目から再開されます*
`聖晶石 X 2
12月交換券(2023) X 1
`_2023-12-19 19:35:29_
--------
*c4ae8cdfc66973e53c8a1970545a3e2b*
`登陆天数: 104天 / 1351天
等级: 137
石头: 1458
呼符: 29
体力: 109.06666666666666 / 140
友情点: 0 / 13454935`
*連続ログイン6日目
※ログインが途切れるか、7日到達すると
1日目から再開されます*
`聖晶石 X 2
12月交換券(2023) X 1
`_2023-12-19 19:35:36_
--------
*95433763b3466b0dae7f217d4c6c91be*
`登陆天数: 107天 / 1225天
等级: 136
石头: 546
呼符: 37
体力: 108.06 / 139
友情点: 20 / 846145`
*連続ログイン2日目
※ログインが途切れるか、7日到達すると
1日目から再開されます*
`聖晶石 X 1
12月交換券(2023) X 1
`_2023-12-19 19:35:44_
--------
