【登录信息】
*c4ae8cdfc66973e53c8a1970545a3e2b*
`登陆天数: 105天 / 1483天
等级: 139
石头: 966
呼符: 32
体力: 80.70666666666666 / 140
友情点: 245 / 1838885`
*連続ログイン7日間到達おめでとうございます！
明日は1日目からリスタートされます。*
`獣の足跡 X 1
呼符 X 1
12月交換券(2023) X 1
`*雪原のメリー・クリスマス2023 ～7days / 8years Snow Carol～開幕記念 ログインボーナス*
*開催期間中、1日1回 最大10回ログインボーナスをプレゼント！*
`白銀の果実 X 1
`_2023-12-20 19:35:18_
--------
*7f4f754f260fe60c4393be1e8f740163*
`登陆天数: 105天 / 1480天
等级: 139
石头: 776
呼符: 33
体力: 80.61666666666667 / 140
友情点: 0 / 1703715`
*連続ログイン7日間到達おめでとうございます！
明日は1日目からリスタートされます。*
`獣の足跡 X 1
呼符 X 1
12月交換券(2023) X 1
`*雪原のメリー・クリスマス2023 ～7days / 8years Snow Carol～開幕記念 ログインボーナス*
*開催期間中、1日1回 最大10回ログインボーナスをプレゼント！*
`白銀の果実 X 1
`_2023-12-20 19:35:26_
--------
*c4ae8cdfc66973e53c8a1970545a3e2b*
`登陆天数: 105天 / 1352天
等级: 137
石头: 1458
呼符: 29
体力: 79.94333333333333 / 140
友情点: 0 / 13407460`
*連続ログイン7日間到達おめでとうございます！
明日は1日目からリスタートされます。*
`獣の足跡 X 1
呼符 X 1
12月交換券(2023) X 1
`*雪原のメリー・クリスマス2023 ～7days / 8years Snow Carol～開幕記念 ログインボーナス*
*開催期間中、1日1回 最大10回ログインボーナスをプレゼント！*
`白銀の果実 X 1
`_2023-12-20 19:35:34_
--------
*95433763b3466b0dae7f217d4c6c91be*
`登陆天数: 108天 / 1226天
等级: 136
石头: 546
呼符: 37
体力: 78.97333333333333 / 139
友情点: 30 / 846820`
*連続ログイン3日目
※ログインが途切れるか、7日到達すると
1日目から再開されます*
`叡智の業火 X 1
12月交換券(2023) X 1
`*雪原のメリー・クリスマス2023 ～7days / 8years Snow Carol～開幕記念 ログインボーナス*
*開催期間中、1日1回 最大10回ログインボーナスをプレゼント！*
`白銀の果実 X 1
`_2023-12-20 19:35:43_
--------
