【登录信息】
*c4ae8cdfc66973e53c8a1970545a3e2b*
`登陆天数: 106天 / 1484天
等级: 139
石头: 967
呼符: 32
体力: 75.3 / 140
友情点: 75 / 1839735`
*連続ログイン1日目
※ログインが途切れるか、7日到達すると
1日目から再開されます*
`フレンドポイント X 2000
12月交換券(2023) X 1
`*雪原のメリー・クリスマス2023 ～7days / 8years Snow Carol～開幕記念 ログインボーナス*
*開催期間中、1日1回 最大10回ログインボーナスをプレゼント！*
`白銀の果実 X 1
`_2023-12-21 19:35:19_
--------
*7f4f754f260fe60c4393be1e8f740163*
`登陆天数: 106天 / 1481天
等级: 139
石头: 777
呼符: 33
体力: 75.30666666666667 / 140
友情点: 0 / 1704100`
*連続ログイン1日目
※ログインが途切れるか、7日到達すると
1日目から再開されます*
`フレンドポイント X 2000
12月交換券(2023) X 1
`*雪原のメリー・クリスマス2023 ～7days / 8years Snow Carol～開幕記念 ログインボーナス*
*開催期間中、1日1回 最大10回ログインボーナスをプレゼント！*
`白銀の果実 X 1
`_2023-12-21 19:35:28_
--------
*c4ae8cdfc66973e53c8a1970545a3e2b*
`登陆天数: 106天 / 1353天
等级: 137
石头: 1459
呼符: 29
体力: 73.5 / 140
友情点: 0 / 13418960`
*連続ログイン1日目
※ログインが途切れるか、7日到達すると
1日目から再開されます*
`フレンドポイント X 2000
12月交換券(2023) X 1
`*雪原のメリー・クリスマス2023 ～7days / 8years Snow Carol～開幕記念 ログインボーナス*
*開催期間中、1日1回 最大10回ログインボーナスをプレゼント！*
`白銀の果実 X 1
`_2023-12-21 19:35:36_
--------
*95433763b3466b0dae7f217d4c6c91be*
`登陆天数: 109天 / 1227天
等级: 136
石头: 553
呼符: 37
体力: 72.49666666666667 / 139
友情点: 20 / 849170`
*連続ログイン4日目
※ログインが途切れるか、7日到達すると
1日目から再開されます*
`聖晶石 X 1
12月交換券(2023) X 1
`*雪原のメリー・クリスマス2023 ～7days / 8years Snow Carol～開幕記念 ログインボーナス*
*開催期間中、1日1回 最大10回ログインボーナスをプレゼント！*
`白銀の果実 X 1
`_2023-12-21 19:35:44_
--------
