【登录信息】
*c4ae8cdfc66973e53c8a1970545a3e2b*
`登陆天数: 107天 / 1485天
等级: 139
石头: 968
呼符: 33
体力: 115.15666666666667 / 140
友情点: 0 / 1843860`
*連続ログイン2日目
※ログインが途切れるか、7日到達すると
1日目から再開されます*
`聖晶石 X 1
12月交換券(2023) X 1
`*雪原のメリー・クリスマス2023 ～7days / 8years Snow Carol～開幕記念 ログインボーナス*
*開催期間中、1日1回 最大10回ログインボーナスをプレゼント！*
`白銀の果実 X 1
`_2023-12-22 19:35:03_
--------
*7f4f754f260fe60c4393be1e8f740163*
`登陆天数: 107天 / 1482天
等级: 139
石头: 778
呼符: 33
体力: 115.24666666666667 / 140
友情点: 0 / 1704435`
*連続ログイン2日目
※ログインが途切れるか、7日到達すると
1日目から再開されます*
`聖晶石 X 1
12月交換券(2023) X 1
`*雪原のメリー・クリスマス2023 ～7days / 8years Snow Carol～開幕記念 ログインボーナス*
*開催期間中、1日1回 最大10回ログインボーナスをプレゼント！*
`白銀の果実 X 1
`_2023-12-22 19:35:11_
--------
*c4ae8cdfc66973e53c8a1970545a3e2b*
`登陆天数: 107天 / 1354天
等级: 137
石头: 1465
呼符: 29
体力: 113.05333333333334 / 140
友情点: 0 / 13419310`
*連続ログイン2日目
※ログインが途切れるか、7日到達すると
1日目から再開されます*
`聖晶石 X 1
12月交換券(2023) X 1
`*雪原のメリー・クリスマス2023 ～7days / 8years Snow Carol～開幕記念 ログインボーナス*
*開催期間中、1日1回 最大10回ログインボーナスをプレゼント！*
`白銀の果実 X 1
`_2023-12-22 19:35:19_
--------
*95433763b3466b0dae7f217d4c6c91be*
`登陆天数: 110天 / 1228天
等级: 136
石头: 555
呼符: 37
体力: 112.38666666666667 / 139
友情点: 20 / 849850`
*連続ログイン5日目
※ログインが途切れるか、7日到達すると
1日目から再開されます*
`叡智の業火 X 2
12月交換券(2023) X 1
`*雪原のメリー・クリスマス2023 ～7days / 8years Snow Carol～開幕記念 ログインボーナス*
*開催期間中、1日1回 最大10回ログインボーナスをプレゼント！*
`白銀の果実 X 1
`_2023-12-22 19:35:28_
--------
