【登录信息】
*c4ae8cdfc66973e53c8a1970545a3e2b*
`登陆天数: 108天 / 1486天
等级: 139
石头: 969
呼符: 33
体力: 93.95666666666666 / 140
友情点: 0 / 1844325`
*連続ログイン3日目
※ログインが途切れるか、7日到達すると
1日目から再開されます*
`叡智の業火 X 1
12月交換券(2023) X 1
`*雪原のメリー・クリスマス2023 ～7days / 8years Snow Carol～開幕記念 ログインボーナス*
*開催期間中、1日1回 最大10回ログインボーナスをプレゼント！*
`白銀の果実 X 1
`_2023-12-23 19:35:19_
--------
*7f4f754f260fe60c4393be1e8f740163*
`登陆天数: 108天 / 1483天
等级: 139
石头: 779
呼符: 33
体力: 93.98666666666666 / 140
友情点: 0 / 1704810`
*連続ログイン3日目
※ログインが途切れるか、7日到達すると
1日目から再開されます*
`叡智の業火 X 1
12月交換券(2023) X 1
`*雪原のメリー・クリスマス2023 ～7days / 8years Snow Carol～開幕記念 ログインボーナス*
*開催期間中、1日1回 最大10回ログインボーナスをプレゼント！*
`白銀の果実 X 1
`_2023-12-23 19:35:27_
--------
*c4ae8cdfc66973e53c8a1970545a3e2b*
`登陆天数: 108天 / 1355天
等级: 137
石头: 1470
呼符: 30
体力: 85.38 / 140
友情点: 0 / 13535215`
*連続ログイン3日目
※ログインが途切れるか、7日到達すると
1日目から再開されます*
`叡智の業火 X 1
12月交換券(2023) X 1
`*雪原のメリー・クリスマス2023 ～7days / 8years Snow Carol～開幕記念 ログインボーナス*
*開催期間中、1日1回 最大10回ログインボーナスをプレゼント！*
`白銀の果実 X 1
`_2023-12-23 19:35:35_
--------
*95433763b3466b0dae7f217d4c6c91be*
`登陆天数: 111天 / 1229天
等级: 136
石头: 556
呼符: 37
体力: 91.67 / 139
友情点: 20 / 850355`
*連続ログイン6日目
※ログインが途切れるか、7日到達すると
1日目から再開されます*
`聖晶石 X 2
12月交換券(2023) X 1
`*雪原のメリー・クリスマス2023 ～7days / 8years Snow Carol～開幕記念 ログインボーナス*
*開催期間中、1日1回 最大10回ログインボーナスをプレゼント！*
`白銀の果実 X 1
`_2023-12-23 19:35:43_
--------
