【登录信息】
*c4ae8cdfc66973e53c8a1970545a3e2b*
`登陆天数: 109天 / 1487天
等级: 139
石头: 974
呼符: 33
体力: 110.40666666666667 / 140
友情点: 35 / 1846135`
*連続ログイン4日目
※ログインが途切れるか、7日到達すると
1日目から再開されます*
`聖晶石 X 1
12月交換券(2023) X 1
`*ネモ〔サンタ〕からのクリスマスプレゼント*
*開催期間中、初回ログインで「聖晶石×10」をプレゼント！*
`聖晶石 X 10
`_2023-12-24 19:35:04_
--------
*7f4f754f260fe60c4393be1e8f740163*
`登陆天数: 109天 / 1484天
等级: 139
石头: 784
呼符: 33
体力: 109.22333333333333 / 140
友情点: 0 / 1706455`
*連続ログイン4日目
※ログインが途切れるか、7日到達すると
1日目から再開されます*
`聖晶石 X 1
12月交換券(2023) X 1
`*ネモ〔サンタ〕からのクリスマスプレゼント*
*開催期間中、初回ログインで「聖晶石×10」をプレゼント！*
`聖晶石 X 10
`_2023-12-24 19:35:12_
--------
*c4ae8cdfc66973e53c8a1970545a3e2b*
`登陆天数: 109天 / 1356天
等级: 137
石头: 1484
呼符: 30
体力: 85.13 / 140
友情点: 0 / 13842990`
*連続ログイン4日目
※ログインが途切れるか、7日到達すると
1日目から再開されます*
`聖晶石 X 1
12月交換券(2023) X 1
`*ネモ〔サンタ〕からのクリスマスプレゼント*
*開催期間中、初回ログインで「聖晶石×10」をプレゼント！*
`聖晶石 X 10
`_2023-12-24 19:35:20_
--------
*95433763b3466b0dae7f217d4c6c91be*
`登陆天数: 112天 / 1230天
等级: 136
石头: 559
呼符: 37
体力: 129.15 / 139
友情点: 25 / 850940`
*連続ログイン7日間到達おめでとうございます！
明日は1日目からリスタートされます。*
`獣の足跡 X 1
呼符 X 1
12月交換券(2023) X 1
`*ネモ〔サンタ〕からのクリスマスプレゼント*
*開催期間中、初回ログインで「聖晶石×10」をプレゼント！*
`聖晶石 X 10
`_2023-12-24 19:35:28_
--------
