【登录信息】
*c4ae8cdfc66973e53c8a1970545a3e2b*
`登陆天数: 110天 / 1488天
等级: 139
石头: 975
呼符: 33
体力: 132.07666666666665 / 140
友情点: 20 / 1848895`
*連続ログイン5日目
※ログインが途切れるか、7日到達すると
1日目から再開されます*
`叡智の業火 X 2
12月交換券(2023) X 1
`*雪原のメリー・クリスマス2023 ～7days / 8years Snow Carol～開幕記念 ログインボーナス*
*開催期間中、1日1回 最大10回ログインボーナスをプレゼント！*
`白銀の果実 X 1
`_2023-12-25 19:35:33_
--------
*7f4f754f260fe60c4393be1e8f740163*
`登陆天数: 110天 / 1485天
等级: 139
石头: 797
呼符: 34
体力: 132.09 / 140
友情点: 0 / 1706805`
*連続ログイン5日目
※ログインが途切れるか、7日到達すると
1日目から再開されます*
`叡智の業火 X 2
12月交換券(2023) X 1
`*雪原のメリー・クリスマス2023 ～7days / 8years Snow Carol～開幕記念 ログインボーナス*
*開催期間中、1日1回 最大10回ログインボーナスをプレゼント！*
`白銀の果実 X 1
`_2023-12-25 19:35:41_
--------
*c4ae8cdfc66973e53c8a1970545a3e2b*
`登陆天数: 110天 / 1357天
等级: 137
石头: 1485
呼符: 31
体力: 130.7 / 140
友情点: 0 / 13843265`
*連続ログイン5日目
※ログインが途切れるか、7日到達すると
1日目から再開されます*
`叡智の業火 X 2
12月交換券(2023) X 1
`*雪原のメリー・クリスマス2023 ～7days / 8years Snow Carol～開幕記念 ログインボーナス*
*開催期間中、1日1回 最大10回ログインボーナスをプレゼント！*
`白銀の果実 X 1
`_2023-12-25 19:35:50_
--------
*95433763b3466b0dae7f217d4c6c91be*
`登陆天数: 113天 / 1231天
等级: 136
石头: 560
呼符: 37
体力: 129.74 / 139
友情点: 0 / 851535`
*連続ログイン1日目
※ログインが途切れるか、7日到達すると
1日目から再開されます*
`フレンドポイント X 2000
12月交換券(2023) X 1
`*雪原のメリー・クリスマス2023 ～7days / 8years Snow Carol～開幕記念 ログインボーナス*
*開催期間中、1日1回 最大10回ログインボーナスをプレゼント！*
`白銀の果実 X 1
`_2023-12-25 19:35:58_
--------
