【登录信息】
*c4ae8cdfc66973e53c8a1970545a3e2b*
`登陆天数: 111天 / 1489天
等级: 139
石头: 978
呼符: 33
体力: 135.27666666666667 / 140
友情点: 1075 / 1851600`
*連続ログイン6日目
※ログインが途切れるか、7日到達すると
1日目から再開されます*
`聖晶石 X 2
12月交換券(2023) X 1
`*「FGO カルデア・サテライトステーション 2023-2024」京都会場開催直前 ログインボーナス*
*開催期間中、1日1回 最大3回 ログインボーナスをプレゼント！*
`サテライトステーション23-24 X 1
黄金の果実 X 1
`_2023-12-26 19:35:15_
--------
*7f4f754f260fe60c4393be1e8f740163*
`登陆天数: 111天 / 1486天
等级: 139
石头: 800
呼符: 34
体力: 115.99333333333334 / 140
友情点: 0 / 2117680`
*連続ログイン6日目
※ログインが途切れるか、7日到達すると
1日目から再開されます*
`聖晶石 X 2
12月交換券(2023) X 1
`*「FGO カルデア・サテライトステーション 2023-2024」京都会場開催直前 ログインボーナス*
*開催期間中、1日1回 最大3回 ログインボーナスをプレゼント！*
`サテライトステーション23-24 X 1
黄金の果実 X 1
`_2023-12-26 19:35:24_
--------
*c4ae8cdfc66973e53c8a1970545a3e2b*
`登陆天数: 111天 / 1358天
等级: 138
石头: 1486
呼符: 31
体力: 117.26666666666667 / 140
友情点: 0 / 13845690`
*連続ログイン6日目
※ログインが途切れるか、7日到達すると
1日目から再開されます*
`聖晶石 X 2
12月交換券(2023) X 1
`*「FGO カルデア・サテライトステーション 2023-2024」京都会場開催直前 ログインボーナス*
*開催期間中、1日1回 最大3回 ログインボーナスをプレゼント！*
`サテライトステーション23-24 X 1
黄金の果実 X 1
`_2023-12-26 19:35:32_
--------
*95433763b3466b0dae7f217d4c6c91be*
`登陆天数: 114天 / 1232天
等级: 137
石头: 565
呼符: 37
体力: 118.26666666666667 / 140
友情点: 10 / 853090`
*連続ログイン2日目
※ログインが途切れるか、7日到達すると
1日目から再開されます*
`聖晶石 X 1
12月交換券(2023) X 1
`*「FGO カルデア・サテライトステーション 2023-2024」京都会場開催直前 ログインボーナス*
*開催期間中、1日1回 最大3回 ログインボーナスをプレゼント！*
`サテライトステーション23-24 X 1
黄金の果実 X 1
`_2023-12-26 19:35:40_
--------
