【登录信息】
*c4ae8cdfc66973e53c8a1970545a3e2b*
`登陆天数: 112天 / 1490天
等级: 140
石头: 987
呼符: 34
体力: 112.02666666666667 / 140
友情点: 2960 / 2936460`
*連続ログイン7日間到達おめでとうございます！
明日は1日目からリスタートされます。*
`獣の足跡 X 1
呼符 X 1
12月交換券(2023) X 1
`*「FGO カルデア・サテライトステーション 2023-2024」京都会場開催直前 ログインボーナス*
*開催期間中、1日1回 最大3回 ログインボーナスをプレゼント！*
`黄金の果実 X 1
`_2023-12-27 19:35:22_
--------
*7f4f754f260fe60c4393be1e8f740163*
`登陆天数: 112天 / 1487天
等级: 140
石头: 810
呼符: 34
体力: 106.43 / 140
友情点: 0 / 2730030`
*連続ログイン7日間到達おめでとうございます！
明日は1日目からリスタートされます。*
`獣の足跡 X 1
呼符 X 1
12月交換券(2023) X 1
`*「FGO カルデア・サテライトステーション 2023-2024」京都会場開催直前 ログインボーナス*
*開催期間中、1日1回 最大3回 ログインボーナスをプレゼント！*
`黄金の果実 X 1
`_2023-12-27 19:35:29_
--------
*c4ae8cdfc66973e53c8a1970545a3e2b*
`登陆天数: 112天 / 1359天
等级: 138
石头: 1498
呼符: 31
体力: 100.56 / 140
友情点: 0 / 13850965`
*連続ログイン7日間到達おめでとうございます！
明日は1日目からリスタートされます。*
`獣の足跡 X 1
呼符 X 1
12月交換券(2023) X 1
`*「FGO カルデア・サテライトステーション 2023-2024」京都会場開催直前 ログインボーナス*
*開催期間中、1日1回 最大3回 ログインボーナスをプレゼント！*
`黄金の果実 X 1
`_2023-12-27 19:35:37_
--------
*95433763b3466b0dae7f217d4c6c91be*
`登陆天数: 115天 / 1233天
等级: 137
石头: 566
呼符: 38
体力: 96.64333333333333 / 140
友情点: 40 / 1116045`
*連続ログイン3日目
※ログインが途切れるか、7日到達すると
1日目から再開されます*
`叡智の業火 X 1
12月交換券(2023) X 1
`*「FGO カルデア・サテライトステーション 2023-2024」京都会場開催直前 ログインボーナス*
*開催期間中、1日1回 最大3回 ログインボーナスをプレゼント！*
`黄金の果実 X 1
`_2023-12-27 19:35:45_
--------
