【登录信息】
*c4ae8cdfc66973e53c8a1970545a3e2b*
`登陆天数: 113天 / 1491天
等级: 140
石头: 987
呼符: 35
体力: 104.77000000000001 / 140
友情点: 275 / 2965760`
*連続ログイン1日目
※ログインが途切れるか、7日到達すると
1日目から再開されます*
`フレンドポイント X 2000
12月交換券(2023) X 1
`*「FGO カルデア・サテライトステーション 2023-2024」京都会場開催直前 ログインボーナス*
*開催期間中、1日1回 最大3回 ログインボーナスをプレゼント！*
`黄金の果実 X 1
`_2023-12-28 19:35:33_
--------
*7f4f754f260fe60c4393be1e8f740163*
`登陆天数: 113天 / 1488天
等级: 140
石头: 810
呼符: 35
体力: 139.81666666666666 / 140
友情点: 275 / 2752140`
*連続ログイン1日目
※ログインが途切れるか、7日到達すると
1日目から再開されます*
`フレンドポイント X 2000
12月交換券(2023) X 1
`*「FGO カルデア・サテライトステーション 2023-2024」京都会場開催直前 ログインボーナス*
*開催期間中、1日1回 最大3回 ログインボーナスをプレゼント！*
`黄金の果実 X 1
`_2023-12-28 19:35:41_
--------
*c4ae8cdfc66973e53c8a1970545a3e2b*
`登陆天数: 113天 / 1360天
等级: 139
石头: 1530
呼符: 32
体力: 103.25 / 140
友情点: 0 / 15630290`
*連続ログイン1日目
※ログインが途切れるか、7日到達すると
1日目から再開されます*
`フレンドポイント X 2000
12月交換券(2023) X 1
`*「FGO カルデア・サテライトステーション 2023-2024」京都会場開催直前 ログインボーナス*
*開催期間中、1日1回 最大3回 ログインボーナスをプレゼント！*
`黄金の果実 X 1
`_2023-12-28 19:35:49_
--------
*95433763b3466b0dae7f217d4c6c91be*
`登陆天数: 116天 / 1234天
等级: 137
石头: 579
呼符: 39
体力: 118.03 / 140
友情点: 0 / 1117900`
*連続ログイン4日目
※ログインが途切れるか、7日到達すると
1日目から再開されます*
`聖晶石 X 1
12月交換券(2023) X 1
`*「FGO カルデア・サテライトステーション 2023-2024」京都会場開催直前 ログインボーナス*
*開催期間中、1日1回 最大3回 ログインボーナスをプレゼント！*
`黄金の果実 X 1
`_2023-12-28 19:35:57_
--------
