【登录信息】
*c4ae8cdfc66973e53c8a1970545a3e2b*
`登陆天数: 114天 / 1492天
等级: 140
石头: 987
呼符: 35
体力: 87.21000000000001 / 140
友情点: 285 / 2966735`
*連続ログイン2日目
※ログインが途切れるか、7日到達すると
1日目から再開されます*
`聖晶石 X 1
12月交換券(2023) X 1
`*「FGO カルデア・サテライトステーション 2023-2024」京都会場開催記念 3万リポスト達成プレゼント*
*開催期間中、初回ログインで「聖晶石×6」をプレゼント！*
`聖晶石 X 6
`_2023-12-29 19:35:29_
--------
*7f4f754f260fe60c4393be1e8f740163*
`登陆天数: 114天 / 1489天
等级: 140
石头: 810
呼符: 35
体力: 87.79666666666667 / 140
友情点: 0 / 2752290`
*連続ログイン2日目
※ログインが途切れるか、7日到達すると
1日目から再開されます*
`聖晶石 X 1
12月交換券(2023) X 1
`*「FGO カルデア・サテライトステーション 2023-2024」京都会場開催記念 3万リポスト達成プレゼント*
*開催期間中、初回ログインで「聖晶石×6」をプレゼント！*
`聖晶石 X 6
`_2023-12-29 19:35:38_
--------
*c4ae8cdfc66973e53c8a1970545a3e2b*
`登陆天数: 114天 / 1361天
等级: 139
石头: 1530
呼符: 32
体力: 70.08666666666667 / 140
友情点: 0 / 15638210`
*連続ログイン2日目
※ログインが途切れるか、7日到達すると
1日目から再開されます*
`聖晶石 X 1
12月交換券(2023) X 1
`*「FGO カルデア・サテライトステーション 2023-2024」京都会場開催記念 3万リポスト達成プレゼント*
*開催期間中、初回ログインで「聖晶石×6」をプレゼント！*
`聖晶石 X 6
`_2023-12-29 19:35:46_
--------
*95433763b3466b0dae7f217d4c6c91be*
`登陆天数: 117天 / 1235天
等级: 137
石头: 579
呼符: 39
体力: 65.11 / 140
友情点: 40 / 1118990`
*連続ログイン5日目
※ログインが途切れるか、7日到達すると
1日目から再開されます*
`叡智の業火 X 2
12月交換券(2023) X 1
`*「FGO カルデア・サテライトステーション 2023-2024」京都会場開催記念 3万リポスト達成プレゼント*
*開催期間中、初回ログインで「聖晶石×6」をプレゼント！*
`聖晶石 X 6
`_2023-12-29 19:35:54_
--------
