【登录信息】
*c4ae8cdfc66973e53c8a1970545a3e2b*
`登陆天数: 115天 / 1493天
等级: 140
石头: 987
呼符: 35
体力: 90.34 / 140
友情点: 460 / 2968235`
*連続ログイン3日目
※ログインが途切れるか、7日到達すると
1日目から再開されます*
`叡智の業火 X 1
12月交換券(2023) X 1
`*Fate Project 大晦日TVスペシャル2023 放送カウントダウンログインボーナス*
*開催期間中、1日1回 3日間日替りでログインボーナスをプレゼント！*
`黄金の果実 X 1
呼符 X 1
`_2023-12-30 19:35:11_
--------
*7f4f754f260fe60c4393be1e8f740163*
`登陆天数: 115天 / 1490天
等级: 140
石头: 810
呼符: 35
体力: 95.09666666666666 / 140
友情点: 0 / 2752440`
*連続ログイン3日目
※ログインが途切れるか、7日到達すると
1日目から再開されます*
`叡智の業火 X 1
12月交換券(2023) X 1
`*Fate Project 大晦日TVスペシャル2023 放送カウントダウンログインボーナス*
*開催期間中、1日1回 3日間日替りでログインボーナスをプレゼント！*
`黄金の果実 X 1
呼符 X 1
`_2023-12-30 19:35:20_
--------
*c4ae8cdfc66973e53c8a1970545a3e2b*
`登陆天数: 115天 / 1362天
等级: 139
石头: 1530
呼符: 32
体力: 88.38333333333333 / 140
友情点: 0 / 15638435`
*連続ログイン3日目
※ログインが途切れるか、7日到達すると
1日目から再開されます*
`叡智の業火 X 1
12月交換券(2023) X 1
`*Fate Project 大晦日TVスペシャル2023 放送カウントダウンログインボーナス*
*開催期間中、1日1回 3日間日替りでログインボーナスをプレゼント！*
`黄金の果実 X 1
呼符 X 1
`_2023-12-30 19:35:29_
--------
*95433763b3466b0dae7f217d4c6c91be*
`登陆天数: 118天 / 1236天
等级: 137
石头: 579
呼符: 39
体力: 88.45666666666666 / 140
友情点: 20 / 1119250`
*連続ログイン6日目
※ログインが途切れるか、7日到達すると
1日目から再開されます*
`聖晶石 X 2
12月交換券(2023) X 1
`*Fate Project 大晦日TVスペシャル2023 放送カウントダウンログインボーナス*
*開催期間中、1日1回 3日間日替りでログインボーナスをプレゼント！*
`黄金の果実 X 1
呼符 X 1
`_2023-12-30 19:35:37_
--------
