【登录信息】
*c4ae8cdfc66973e53c8a1970545a3e2b*
`登陆天数: 360天 / 1738天
等级: 143
石头: 242
呼符: 1
体力: 1660.2033333333334 / 141
友情点: 0 / 3369545`
*連続ログイン3日目
※ログインが途切れるか、7日到達すると
1日目から再開されます*
`叡智の業火 X 1
9月交換券(2024) X 1
`*奏章Ⅲ 新霊長後継戦 アーキタイプ・インセプション 開幕記念 ログインボーナス*
*開催期間中、1日1回 最大78回 ログインボーナスをプレゼント！*
`白銀の果実 X 1
`_2024-09-01 02:41:47_
--------
*7f4f754f260fe60c4393be1e8f740163*
`登陆天数: 360天 / 1735天
等级: 143
石头: 131
呼符: 7
体力: 1660.2333333333333 / 141
友情点: 0 / 3064390`
*連続ログイン3日目
※ログインが途切れるか、7日到達すると
1日目から再開されます*
`叡智の業火 X 1
9月交換券(2024) X 1
`*奏章Ⅲ 新霊長後継戦 アーキタイプ・インセプション 開幕記念 ログインボーナス*
*開催期間中、1日1回 最大78回 ログインボーナスをプレゼント！*
`白銀の果実 X 1
`_2024-09-01 02:41:55_
--------
*c4ae8cdfc66973e53c8a1970545a3e2b*
`登陆天数: 360天 / 1607天
等级: 142
石头: 264
呼符: 1
体力: 1657.4266666666667 / 140
友情点: 0 / 15881175`
*連続ログイン3日目
※ログインが途切れるか、7日到達すると
1日目から再開されます*
`叡智の業火 X 1
9月交換券(2024) X 1
`*奏章Ⅲ 新霊長後継戦 アーキタイプ・インセプション 開幕記念 ログインボーナス*
*開催期間中、1日1回 最大78回 ログインボーナスをプレゼント！*
`白銀の果実 X 1
`_2024-09-01 02:42:04_
--------
*95433763b3466b0dae7f217d4c6c91be*
`登陆天数: 148天 / 1480天
等级: 140
石头: 9
呼符: 1
体力: 1657.45 / 140
友情点: 0 / 1620050`
*連続ログイン1日目
※ログインが途切れるか、7日到達すると
1日目から再開されます*
`フレンドポイント X 2000
9月交換券(2024) X 1
`*奏章Ⅲ 新霊長後継戦 アーキタイプ・インセプション 開幕記念 ログインボーナス*
*開催期間中、1日1回 最大78回 ログインボーナスをプレゼント！*
`白銀の果実 X 1
`_2024-09-01 02:42:12_
--------
