【登录信息】
*c4ae8cdfc66973e53c8a1970545a3e2b*
`登陆天数: 361天 / 1739天
等级: 143
石头: 242
呼符: 1
体力: 1946.5666666666666 / 141
友情点: 100 / 3369645`
*連続ログイン4日目
※ログインが途切れるか、7日到達すると
1日目から再開されます*
`聖晶石 X 1
9月交換券(2024) X 1
`*使用期限付コンティニューアイテムプレゼント！*
*開催期間中、初回ログインでコンティニューアイテム「霊脈石×3」をプレゼント！*
`霊脈石 X 3
`_2024-09-02 02:33:36_
--------
*7f4f754f260fe60c4393be1e8f740163*
`登陆天数: 361天 / 1736天
等级: 143
石头: 131
呼符: 7
体力: 1946.6 / 141
友情点: 0 / 3064390`
*連続ログイン4日目
※ログインが途切れるか、7日到達すると
1日目から再開されます*
`聖晶石 X 1
9月交換券(2024) X 1
`*使用期限付コンティニューアイテムプレゼント！*
*開催期間中、初回ログインでコンティニューアイテム「霊脈石×3」をプレゼント！*
`霊脈石 X 3
`_2024-09-02 02:33:44_
--------
*c4ae8cdfc66973e53c8a1970545a3e2b*
`登陆天数: 361天 / 1608天
等级: 142
石头: 264
呼符: 1
体力: 1943.7933333333333 / 140
友情点: 0 / 15881175`
*連続ログイン4日目
※ログインが途切れるか、7日到達すると
1日目から再開されます*
`聖晶石 X 1
9月交換券(2024) X 1
`*使用期限付コンティニューアイテムプレゼント！*
*開催期間中、初回ログインでコンティニューアイテム「霊脈石×3」をプレゼント！*
`霊脈石 X 3
`_2024-09-02 02:33:53_
--------
*95433763b3466b0dae7f217d4c6c91be*
`登陆天数: 149天 / 1481天
等级: 140
石头: 9
呼符: 1
体力: 1943.8166666666666 / 140
友情点: 0 / 1620050`
*連続ログイン2日目
※ログインが途切れるか、7日到達すると
1日目から再開されます*
`聖晶石 X 1
9月交換券(2024) X 1
`*使用期限付コンティニューアイテムプレゼント！*
*開催期間中、初回ログインでコンティニューアイテム「霊脈石×3」をプレゼント！*
`霊脈石 X 3
`_2024-09-02 02:34:02_
--------
