【登录信息】
*c4ae8cdfc66973e53c8a1970545a3e2b*
`登陆天数: 363天 / 1741天
等级: 143
石头: 242
呼符: 1
体力: 2521.99 / 141
友情点: 50 / 3369795`
*連続ログイン6日目
※ログインが途切れるか、7日到達すると
1日目から再開されます*
`聖晶石 X 2
9月交換券(2024) X 1
`*奏章Ⅲ 新霊長後継戦 アーキタイプ・インセプション 開幕記念 ログインボーナス*
*開催期間中、1日1回 最大78回 ログインボーナスをプレゼント！*
`黄金の果実 X 1
`_2024-09-04 02:30:43_
--------
*7f4f754f260fe60c4393be1e8f740163*
`登陆天数: 363天 / 1738天
等级: 143
石头: 131
呼符: 7
体力: 2522.0233333333335 / 141
友情点: 0 / 3064390`
*連続ログイン6日目
※ログインが途切れるか、7日到達すると
1日目から再開されます*
`聖晶石 X 2
9月交換券(2024) X 1
`*奏章Ⅲ 新霊長後継戦 アーキタイプ・インセプション 開幕記念 ログインボーナス*
*開催期間中、1日1回 最大78回 ログインボーナスをプレゼント！*
`黄金の果実 X 1
`_2024-09-04 02:30:52_
--------
*c4ae8cdfc66973e53c8a1970545a3e2b*
`登陆天数: 363天 / 1610天
等级: 142
石头: 264
呼符: 1
体力: 2519.2166666666667 / 140
友情点: 0 / 15881175`
*連続ログイン6日目
※ログインが途切れるか、7日到達すると
1日目から再開されます*
`聖晶石 X 2
9月交換券(2024) X 1
`*奏章Ⅲ 新霊長後継戦 アーキタイプ・インセプション 開幕記念 ログインボーナス*
*開催期間中、1日1回 最大78回 ログインボーナスをプレゼント！*
`黄金の果実 X 1
`_2024-09-04 02:31:01_
--------
*95433763b3466b0dae7f217d4c6c91be*
`登陆天数: 151天 / 1483天
等级: 140
石头: 9
呼符: 1
体力: 2519.2433333333333 / 140
友情点: 0 / 1620050`
*連続ログイン4日目
※ログインが途切れるか、7日到達すると
1日目から再開されます*
`聖晶石 X 1
9月交換券(2024) X 1
`*奏章Ⅲ 新霊長後継戦 アーキタイプ・インセプション 開幕記念 ログインボーナス*
*開催期間中、1日1回 最大78回 ログインボーナスをプレゼント！*
`黄金の果実 X 1
`_2024-09-04 02:31:09_
--------
