【登录信息】
*c4ae8cdfc66973e53c8a1970545a3e2b*
`登陆天数: 366天 / 1744天
等级: 143
石头: 242
呼符: 1
体力: 3385.6266666666666 / 141
友情点: 50 / 3369920`
*連続ログイン2日目
※ログインが途切れるか、7日到達すると
1日目から再開されます*
`聖晶石 X 1
9月交換券(2024) X 1
`*「奏章Ⅲ 新霊長後継戦 アーキタイプ・インセプション」(中編)開幕直前カウントダウンログインボーナス*
*開催期間中、1日1回 6日間日替わりでログインボーナスをプレゼント！*
`叡智の業火 X 10
`_2024-09-07 02:28:54_
--------
*7f4f754f260fe60c4393be1e8f740163*
`登陆天数: 366天 / 1741天
等级: 143
石头: 131
呼符: 7
体力: 3385.6566666666668 / 141
友情点: 0 / 3064390`
*連続ログイン2日目
※ログインが途切れるか、7日到達すると
1日目から再開されます*
`聖晶石 X 1
9月交換券(2024) X 1
`*「奏章Ⅲ 新霊長後継戦 アーキタイプ・インセプション」(中編)開幕直前カウントダウンログインボーナス*
*開催期間中、1日1回 6日間日替わりでログインボーナスをプレゼント！*
`叡智の業火 X 10
`_2024-09-07 02:29:02_
--------
*c4ae8cdfc66973e53c8a1970545a3e2b*
`登陆天数: 366天 / 1613天
等级: 142
石头: 264
呼符: 1
体力: 3382.846666666667 / 140
友情点: 0 / 15881175`
*連続ログイン2日目
※ログインが途切れるか、7日到達すると
1日目から再開されます*
`聖晶石 X 1
9月交換券(2024) X 1
`*「奏章Ⅲ 新霊長後継戦 アーキタイプ・インセプション」(中編)開幕直前カウントダウンログインボーナス*
*開催期間中、1日1回 6日間日替わりでログインボーナスをプレゼント！*
`叡智の業火 X 10
`_2024-09-07 02:29:10_
--------
*95433763b3466b0dae7f217d4c6c91be*
`登陆天数: 154天 / 1486天
等级: 140
石头: 9
呼符: 1
体力: 3382.8733333333334 / 140
友情点: 0 / 1620050`
*連続ログイン7日間到達おめでとうございます！
明日は1日目からリスタートされます。*
`獣の足跡 X 1
呼符 X 1
9月交換券(2024) X 1
`*「奏章Ⅲ 新霊長後継戦 アーキタイプ・インセプション」(中編)開幕直前カウントダウンログインボーナス*
*開催期間中、1日1回 6日間日替わりでログインボーナスをプレゼント！*
`叡智の業火 X 10
`_2024-09-07 02:29:19_
--------
