【登录信息】
*c4ae8cdfc66973e53c8a1970545a3e2b*
`登陆天数: 368天 / 1746天
等级: 143
石头: 242
呼符: 1
体力: 3962.8566666666666 / 141
友情点: 75 / 3370095`
*連続ログイン4日目
※ログインが途切れるか、7日到達すると
1日目から再開されます*
`聖晶石 X 1
9月交換券(2024) X 1
`*「奏章Ⅲ 新霊長後継戦 アーキタイプ・インセプション」(中編)開幕直前カウントダウンログインボーナス*
*開催期間中、1日1回 6日間日替わりでログインボーナスをプレゼント！*
`英霊結晶・星のフォウくん X 10
`_2024-09-09 02:35:03_
--------
*7f4f754f260fe60c4393be1e8f740163*
`登陆天数: 368天 / 1743天
等级: 143
石头: 131
呼符: 7
体力: 3962.8933333333334 / 141
友情点: 0 / 3064390`
*連続ログイン4日目
※ログインが途切れるか、7日到達すると
1日目から再開されます*
`聖晶石 X 1
9月交換券(2024) X 1
`*「奏章Ⅲ 新霊長後継戦 アーキタイプ・インセプション」(中編)開幕直前カウントダウンログインボーナス*
*開催期間中、1日1回 6日間日替わりでログインボーナスをプレゼント！*
`英霊結晶・星のフォウくん X 10
`_2024-09-09 02:35:12_
--------
*c4ae8cdfc66973e53c8a1970545a3e2b*
`登陆天数: 368天 / 1615天
等级: 142
石头: 264
呼符: 1
体力: 3960.0866666666666 / 140
友情点: 0 / 15881175`
*連続ログイン4日目
※ログインが途切れるか、7日到達すると
1日目から再開されます*
`聖晶石 X 1
9月交換券(2024) X 1
`*「奏章Ⅲ 新霊長後継戦 アーキタイプ・インセプション」(中編)開幕直前カウントダウンログインボーナス*
*開催期間中、1日1回 6日間日替わりでログインボーナスをプレゼント！*
`英霊結晶・星のフォウくん X 10
`_2024-09-09 02:35:21_
--------
*95433763b3466b0dae7f217d4c6c91be*
`登陆天数: 156天 / 1488天
等级: 140
石头: 9
呼符: 1
体力: 3960.1133333333332 / 140
友情点: 0 / 1620050`
*連続ログイン2日目
※ログインが途切れるか、7日到達すると
1日目から再開されます*
`聖晶石 X 1
9月交換券(2024) X 1
`*「奏章Ⅲ 新霊長後継戦 アーキタイプ・インセプション」(中編)開幕直前カウントダウンログインボーナス*
*開催期間中、1日1回 6日間日替わりでログインボーナスをプレゼント！*
`英霊結晶・星のフォウくん X 10
`_2024-09-09 02:35:30_
--------
