【登录信息】
*c4ae8cdfc66973e53c8a1970545a3e2b*
`登陆天数: 369天 / 1747天
等级: 143
石头: 242
呼符: 1
体力: 4250.443333333334 / 141
友情点: 0 / 3370095`
*連続ログイン5日目
※ログインが途切れるか、7日到達すると
1日目から再開されます*
`叡智の業火 X 2
9月交換券(2024) X 1
`*「奏章Ⅲ 新霊長後継戦 アーキタイプ・インセプション」(中編)開幕直前カウントダウンログインボーナス*
*開催期間中、1日1回 6日間日替わりでログインボーナスをプレゼント！*
`英霊結晶・太陽のフォウくん X 10
`_2024-09-10 02:32:58_
--------
*7f4f754f260fe60c4393be1e8f740163*
`登陆天数: 369天 / 1744天
等级: 143
石头: 131
呼符: 7
体力: 4250.4766666666665 / 141
友情点: 0 / 3064390`
*連続ログイン5日目
※ログインが途切れるか、7日到達すると
1日目から再開されます*
`叡智の業火 X 2
9月交換券(2024) X 1
`*「奏章Ⅲ 新霊長後継戦 アーキタイプ・インセプション」(中編)開幕直前カウントダウンログインボーナス*
*開催期間中、1日1回 6日間日替わりでログインボーナスをプレゼント！*
`英霊結晶・太陽のフォウくん X 10
`_2024-09-10 02:33:07_
--------
*c4ae8cdfc66973e53c8a1970545a3e2b*
`登陆天数: 369天 / 1616天
等级: 142
石头: 264
呼符: 1
体力: 4247.67 / 140
友情点: 0 / 15881175`
*連続ログイン5日目
※ログインが途切れるか、7日到達すると
1日目から再開されます*
`叡智の業火 X 2
9月交換券(2024) X 1
`*「奏章Ⅲ 新霊長後継戦 アーキタイプ・インセプション」(中編)開幕直前カウントダウンログインボーナス*
*開催期間中、1日1回 6日間日替わりでログインボーナスをプレゼント！*
`英霊結晶・太陽のフォウくん X 10
`_2024-09-10 02:33:16_
--------
*95433763b3466b0dae7f217d4c6c91be*
`登陆天数: 157天 / 1489天
等级: 140
石头: 9
呼符: 1
体力: 4247.696666666667 / 140
友情点: 0 / 1620050`
*連続ログイン3日目
※ログインが途切れるか、7日到達すると
1日目から再開されます*
`叡智の業火 X 1
9月交換券(2024) X 1
`*「奏章Ⅲ 新霊長後継戦 アーキタイプ・インセプション」(中編)開幕直前カウントダウンログインボーナス*
*開催期間中、1日1回 6日間日替わりでログインボーナスをプレゼント！*
`英霊結晶・太陽のフォウくん X 10
`_2024-09-10 02:33:25_
--------
