【登录信息】
*c4ae8cdfc66973e53c8a1970545a3e2b*
`登陆天数: 370天 / 1748天
等级: 143
石头: 242
呼符: 1
体力: 4538.116666666667 / 141
友情点: 0 / 3370095`
*連続ログイン6日目
※ログインが途切れるか、7日到達すると
1日目から再開されます*
`聖晶石 X 2
9月交換券(2024) X 1
`*「奏章Ⅲ 新霊長後継戦 アーキタイプ・インセプション」(中編)開幕直前カウントダウンログインボーナス*
*開催期間中、1日1回 6日間日替わりでログインボーナスをプレゼント！*
`獣の足跡 X 1
`_2024-09-11 02:31:21_
--------
*7f4f754f260fe60c4393be1e8f740163*
`登陆天数: 370天 / 1745天
等级: 143
石头: 131
呼符: 7
体力: 4538.1466666666665 / 141
友情点: 10 / 3064400`
*連続ログイン6日目
※ログインが途切れるか、7日到達すると
1日目から再開されます*
`聖晶石 X 2
9月交換券(2024) X 1
`*「奏章Ⅲ 新霊長後継戦 アーキタイプ・インセプション」(中編)開幕直前カウントダウンログインボーナス*
*開催期間中、1日1回 6日間日替わりでログインボーナスをプレゼント！*
`獣の足跡 X 1
`_2024-09-11 02:31:29_
--------
*c4ae8cdfc66973e53c8a1970545a3e2b*
`登陆天数: 370天 / 1617天
等级: 142
石头: 264
呼符: 1
体力: 4535.34 / 140
友情点: 0 / 15881175`
*連続ログイン6日目
※ログインが途切れるか、7日到達すると
1日目から再開されます*
`聖晶石 X 2
9月交換券(2024) X 1
`*「奏章Ⅲ 新霊長後継戦 アーキタイプ・インセプション」(中編)開幕直前カウントダウンログインボーナス*
*開催期間中、1日1回 6日間日替わりでログインボーナスをプレゼント！*
`獣の足跡 X 1
`_2024-09-11 02:31:38_
--------
*95433763b3466b0dae7f217d4c6c91be*
`登陆天数: 158天 / 1490天
等级: 140
石头: 9
呼符: 1
体力: 4535.366666666667 / 140
友情点: 0 / 1620050`
*連続ログイン4日目
※ログインが途切れるか、7日到達すると
1日目から再開されます*
`聖晶石 X 1
9月交換券(2024) X 1
`*「奏章Ⅲ 新霊長後継戦 アーキタイプ・インセプション」(中編)開幕直前カウントダウンログインボーナス*
*開催期間中、1日1回 6日間日替わりでログインボーナスをプレゼント！*
`獣の足跡 X 1
`_2024-09-11 02:31:46_
--------
