【登录信息】
*c4ae8cdfc66973e53c8a1970545a3e2b*
`登陆天数: 375天 / 1753天
等级: 143
石头: 242
呼符: 1
体力: 5980.203333333333 / 141
友情点: 200 / 3370520`
*連続ログイン4日目
※ログインが途切れるか、7日到達すると
1日目から再開されます*
`聖晶石 X 1
9月交換券(2024) X 1
`*奏章Ⅲ 新霊長後継戦 アーキタイプ・インセプション 開幕記念 ログインボーナス*
*開催期間中、1日1回 最大78回 ログインボーナスをプレゼント！*
`白銀の果実 X 1
`_2024-09-16 02:41:46_
--------
*7f4f754f260fe60c4393be1e8f740163*
`登陆天数: 375天 / 1750天
等级: 143
石头: 131
呼符: 7
体力: 5980.233333333334 / 141
友情点: 0 / 3064400`
*連続ログイン4日目
※ログインが途切れるか、7日到達すると
1日目から再開されます*
`聖晶石 X 1
9月交換券(2024) X 1
`*奏章Ⅲ 新霊長後継戦 アーキタイプ・インセプション 開幕記念 ログインボーナス*
*開催期間中、1日1回 最大78回 ログインボーナスをプレゼント！*
`白銀の果実 X 1
`_2024-09-16 02:41:55_
--------
*c4ae8cdfc66973e53c8a1970545a3e2b*
`登陆天数: 375天 / 1622天
等级: 142
石头: 264
呼符: 1
体力: 5977.426666666666 / 140
友情点: 0 / 15881175`
*連続ログイン4日目
※ログインが途切れるか、7日到達すると
1日目から再開されます*
`聖晶石 X 1
9月交換券(2024) X 1
`*奏章Ⅲ 新霊長後継戦 アーキタイプ・インセプション 開幕記念 ログインボーナス*
*開催期間中、1日1回 最大78回 ログインボーナスをプレゼント！*
`白銀の果実 X 1
`_2024-09-16 02:42:04_
--------
*95433763b3466b0dae7f217d4c6c91be*
`登陆天数: 163天 / 1495天
等级: 140
石头: 9
呼符: 1
体力: 5977.45 / 140
友情点: 10 / 1620060`
*連続ログイン2日目
※ログインが途切れるか、7日到達すると
1日目から再開されます*
`聖晶石 X 1
9月交換券(2024) X 1
`*奏章Ⅲ 新霊長後継戦 アーキタイプ・インセプション 開幕記念 ログインボーナス*
*開催期間中、1日1回 最大78回 ログインボーナスをプレゼント！*
`白銀の果実 X 1
`_2024-09-16 02:42:12_
--------
