【登录信息】
*c4ae8cdfc66973e53c8a1970545a3e2b*
`登陆天数: 376天 / 1754天
等级: 143
石头: 242
呼符: 1
体力: 6260.986666666667 / 141
友情点: 160 / 3370680`
*連続ログイン5日目
※ログインが途切れるか、7日到達すると
1日目から再開されます*
`叡智の業火 X 2
9月交換券(2024) X 1
`*奏章Ⅲ 新霊長後継戦 アーキタイプ・インセプション 開幕記念 ログインボーナス*
*開催期間中、1日1回 最大78回 ログインボーナスをプレゼント！*
`白銀の果実 X 1
`_2024-09-17 02:05:42_
--------
*7f4f754f260fe60c4393be1e8f740163*
`登陆天数: 376天 / 1751天
等级: 143
石头: 131
呼符: 7
体力: 6261.02 / 141
友情点: 0 / 3064400`
*連続ログイン5日目
※ログインが途切れるか、7日到達すると
1日目から再開されます*
`叡智の業火 X 2
9月交換券(2024) X 1
`*奏章Ⅲ 新霊長後継戦 アーキタイプ・インセプション 開幕記念 ログインボーナス*
*開催期間中、1日1回 最大78回 ログインボーナスをプレゼント！*
`白銀の果実 X 1
`_2024-09-17 02:05:50_
--------
*c4ae8cdfc66973e53c8a1970545a3e2b*
`登陆天数: 376天 / 1623天
等级: 142
石头: 264
呼符: 1
体力: 6258.21 / 140
友情点: 0 / 15881175`
*連続ログイン5日目
※ログインが途切れるか、7日到達すると
1日目から再開されます*
`叡智の業火 X 2
9月交換券(2024) X 1
`*奏章Ⅲ 新霊長後継戦 アーキタイプ・インセプション 開幕記念 ログインボーナス*
*開催期間中、1日1回 最大78回 ログインボーナスをプレゼント！*
`白銀の果実 X 1
`_2024-09-17 02:05:59_
--------
*95433763b3466b0dae7f217d4c6c91be*
`登陆天数: 164天 / 1496天
等级: 140
石头: 9
呼符: 1
体力: 6258.233333333334 / 140
友情点: 0 / 1620060`
*連続ログイン3日目
※ログインが途切れるか、7日到達すると
1日目から再開されます*
`叡智の業火 X 1
9月交換券(2024) X 1
`*奏章Ⅲ 新霊長後継戦 アーキタイプ・インセプション 開幕記念 ログインボーナス*
*開催期間中、1日1回 最大78回 ログインボーナスをプレゼント！*
`白銀の果実 X 1
`_2024-09-17 02:06:07_
--------
