【登录信息】
*c4ae8cdfc66973e53c8a1970545a3e2b*
`登陆天数: 377天 / 1755天
等级: 143
石头: 242
呼符: 1
体力: 6554.466666666666 / 141
友情点: 160 / 3370840`
*連続ログイン6日目
※ログインが途切れるか、7日到達すると
1日目から再開されます*
`聖晶石 X 2
9月交換券(2024) X 1
`*「奏章Ⅲ 新霊長後継戦 アーキタイプ・インセプション」(後編)
開幕直前&攻略応援特別ログインボーナス*
*開催期間中、1日1回 最大8回 ログインボーナスをプレゼント！*
`黄金の果実 X 2
`_2024-09-18 02:33:06_
--------
*7f4f754f260fe60c4393be1e8f740163*
`登陆天数: 377天 / 1752天
等级: 143
石头: 131
呼符: 7
体力: 6554.496666666667 / 141
友情点: 0 / 3064400`
*連続ログイン6日目
※ログインが途切れるか、7日到達すると
1日目から再開されます*
`聖晶石 X 2
9月交換券(2024) X 1
`*「奏章Ⅲ 新霊長後継戦 アーキタイプ・インセプション」(後編)
開幕直前&攻略応援特別ログインボーナス*
*開催期間中、1日1回 最大8回 ログインボーナスをプレゼント！*
`黄金の果実 X 2
`_2024-09-18 02:33:14_
--------
*c4ae8cdfc66973e53c8a1970545a3e2b*
`登陆天数: 377天 / 1624天
等级: 142
石头: 264
呼符: 1
体力: 6551.69 / 140
友情点: 0 / 15881175`
*連続ログイン6日目
※ログインが途切れるか、7日到達すると
1日目から再開されます*
`聖晶石 X 2
9月交換券(2024) X 1
`*「奏章Ⅲ 新霊長後継戦 アーキタイプ・インセプション」(後編)
開幕直前&攻略応援特別ログインボーナス*
*開催期間中、1日1回 最大8回 ログインボーナスをプレゼント！*
`黄金の果実 X 2
`_2024-09-18 02:33:22_
--------
*95433763b3466b0dae7f217d4c6c91be*
`登陆天数: 165天 / 1497天
等级: 140
石头: 9
呼符: 1
体力: 6551.713333333333 / 140
友情点: 0 / 1620060`
*連続ログイン4日目
※ログインが途切れるか、7日到達すると
1日目から再開されます*
`聖晶石 X 1
9月交換券(2024) X 1
`*「奏章Ⅲ 新霊長後継戦 アーキタイプ・インセプション」(後編)
開幕直前&攻略応援特別ログインボーナス*
*開催期間中、1日1回 最大8回 ログインボーナスをプレゼント！*
`黄金の果実 X 2
`_2024-09-18 02:33:31_
--------
