【登录信息】
*c4ae8cdfc66973e53c8a1970545a3e2b*
`登陆天数: 378天 / 1756天
等级: 143
石头: 242
呼符: 1
体力: 6842.86 / 141
友情点: 100 / 3370940`
*連続ログイン7日間到達おめでとうございます！
明日は1日目からリスタートされます。*
`獣の足跡 X 1
呼符 X 1
9月交換券(2024) X 1
`*「奏章Ⅲ 新霊長後継戦 アーキタイプ・インセプション」(後編)
開幕直前&攻略応援特別ログインボーナス*
*開催期間中、1日1回 最大8回 ログインボーナスをプレゼント！*
`叡智の業火 X 10
`_2024-09-19 02:35:04_
--------
*7f4f754f260fe60c4393be1e8f740163*
`登陆天数: 378天 / 1753天
等级: 143
石头: 131
呼符: 7
体力: 6842.89 / 141
友情点: 0 / 3064400`
*連続ログイン7日間到達おめでとうございます！
明日は1日目からリスタートされます。*
`獣の足跡 X 1
呼符 X 1
9月交換券(2024) X 1
`*「奏章Ⅲ 新霊長後継戦 アーキタイプ・インセプション」(後編)
開幕直前&攻略応援特別ログインボーナス*
*開催期間中、1日1回 最大8回 ログインボーナスをプレゼント！*
`叡智の業火 X 10
`_2024-09-19 02:35:12_
--------
*c4ae8cdfc66973e53c8a1970545a3e2b*
`登陆天数: 378天 / 1625天
等级: 142
石头: 264
呼符: 1
体力: 6840.083333333333 / 140
友情点: 0 / 15881175`
*連続ログイン7日間到達おめでとうございます！
明日は1日目からリスタートされます。*
`獣の足跡 X 1
呼符 X 1
9月交換券(2024) X 1
`*「奏章Ⅲ 新霊長後継戦 アーキタイプ・インセプション」(後編)
開幕直前&攻略応援特別ログインボーナス*
*開催期間中、1日1回 最大8回 ログインボーナスをプレゼント！*
`叡智の業火 X 10
`_2024-09-19 02:35:21_
--------
*95433763b3466b0dae7f217d4c6c91be*
`登陆天数: 166天 / 1498天
等级: 140
石头: 9
呼符: 1
体力: 6840.106666666667 / 140
友情点: 0 / 1620060`
*連続ログイン5日目
※ログインが途切れるか、7日到達すると
1日目から再開されます*
`叡智の業火 X 2
9月交換券(2024) X 1
`*「奏章Ⅲ 新霊長後継戦 アーキタイプ・インセプション」(後編)
開幕直前&攻略応援特別ログインボーナス*
*開催期間中、1日1回 最大8回 ログインボーナスをプレゼント！*
`叡智の業火 X 10
`_2024-09-19 02:35:29_
--------
