【登录信息】
*c4ae8cdfc66973e53c8a1970545a3e2b*
`登陆天数: 379天 / 1757天
等级: 143
石头: 242
呼符: 1
体力: 7130.886666666666 / 141
友情点: 35 / 3370975`
*連続ログイン1日目
※ログインが途切れるか、7日到達すると
1日目から再開されます*
`フレンドポイント X 2000
9月交換券(2024) X 1
`*「奏章Ⅲ 新霊長後継戦 アーキタイプ・インセプション」(後編)
開幕直前&攻略応援特別ログインボーナス*
*開催期間中、1日1回 最大8回 ログインボーナスをプレゼント！*
`QP X 3000000
`_2024-09-20 02:35:11_
--------
*7f4f754f260fe60c4393be1e8f740163*
`登陆天数: 379天 / 1754天
等级: 143
石头: 131
呼符: 7
体力: 7130.92 / 141
友情点: 0 / 3064400`
*連続ログイン1日目
※ログインが途切れるか、7日到達すると
1日目から再開されます*
`フレンドポイント X 2000
9月交換券(2024) X 1
`*「奏章Ⅲ 新霊長後継戦 アーキタイプ・インセプション」(後編)
開幕直前&攻略応援特別ログインボーナス*
*開催期間中、1日1回 最大8回 ログインボーナスをプレゼント！*
`QP X 3000000
`_2024-09-20 02:35:20_
--------
*c4ae8cdfc66973e53c8a1970545a3e2b*
`登陆天数: 379天 / 1626天
等级: 142
石头: 264
呼符: 1
体力: 7128.113333333334 / 140
友情点: 0 / 15881175`
*連続ログイン1日目
※ログインが途切れるか、7日到達すると
1日目から再開されます*
`フレンドポイント X 2000
9月交換券(2024) X 1
`*「奏章Ⅲ 新霊長後継戦 アーキタイプ・インセプション」(後編)
開幕直前&攻略応援特別ログインボーナス*
*開催期間中、1日1回 最大8回 ログインボーナスをプレゼント！*
`QP X 3000000
`_2024-09-20 02:35:29_
--------
*95433763b3466b0dae7f217d4c6c91be*
`登陆天数: 167天 / 1499天
等级: 140
石头: 9
呼符: 1
体力: 7128.14 / 140
友情点: 0 / 1620060`
*連続ログイン6日目
※ログインが途切れるか、7日到達すると
1日目から再開されます*
`聖晶石 X 2
9月交換券(2024) X 1
`*「奏章Ⅲ 新霊長後継戦 アーキタイプ・インセプション」(後編)
開幕直前&攻略応援特別ログインボーナス*
*開催期間中、1日1回 最大8回 ログインボーナスをプレゼント！*
`QP X 3000000
`_2024-09-20 02:35:38_
--------
