【登录信息】
*c4ae8cdfc66973e53c8a1970545a3e2b*
`登陆天数: 381天 / 1759天
等级: 143
石头: 242
呼符: 1
体力: 7708.126666666667 / 141
友情点: 50 / 3371050`
*連続ログイン3日目
※ログインが途切れるか、7日到達すると
1日目から再開されます*
`叡智の業火 X 1
9月交換券(2024) X 1
`*「奏章Ⅲ 新霊長後継戦 アーキタイプ・インセプション」(後編)
開幕直前&攻略応援特別ログインボーナス*
*開催期間中、1日1回 最大8回 ログインボーナスをプレゼント！*
`英霊結晶・太陽のフォウくん X 10
`_2024-09-22 02:41:24_
--------
*7f4f754f260fe60c4393be1e8f740163*
`登陆天数: 381天 / 1756天
等级: 143
石头: 131
呼符: 7
体力: 7708.16 / 141
友情点: 0 / 3064400`
*連続ログイン3日目
※ログインが途切れるか、7日到達すると
1日目から再開されます*
`叡智の業火 X 1
9月交換券(2024) X 1
`*「奏章Ⅲ 新霊長後継戦 アーキタイプ・インセプション」(後編)
開幕直前&攻略応援特別ログインボーナス*
*開催期間中、1日1回 最大8回 ログインボーナスをプレゼント！*
`英霊結晶・太陽のフォウくん X 10
`_2024-09-22 02:41:32_
--------
*c4ae8cdfc66973e53c8a1970545a3e2b*
`登陆天数: 381天 / 1628天
等级: 142
石头: 264
呼符: 1
体力: 7705.3533333333335 / 140
友情点: 0 / 15881175`
*連続ログイン3日目
※ログインが途切れるか、7日到達すると
1日目から再開されます*
`叡智の業火 X 1
9月交換券(2024) X 1
`*「奏章Ⅲ 新霊長後継戦 アーキタイプ・インセプション」(後編)
開幕直前&攻略応援特別ログインボーナス*
*開催期間中、1日1回 最大8回 ログインボーナスをプレゼント！*
`英霊結晶・太陽のフォウくん X 10
`_2024-09-22 02:41:41_
--------
*95433763b3466b0dae7f217d4c6c91be*
`登陆天数: 169天 / 1501天
等级: 140
石头: 9
呼符: 1
体力: 7705.376666666667 / 140
友情点: 0 / 1620060`
*連続ログイン1日目
※ログインが途切れるか、7日到達すると
1日目から再開されます*
`フレンドポイント X 2000
9月交換券(2024) X 1
`*「奏章Ⅲ 新霊長後継戦 アーキタイプ・インセプション」(後編)
開幕直前&攻略応援特別ログインボーナス*
*開催期間中、1日1回 最大8回 ログインボーナスをプレゼント！*
`英霊結晶・太陽のフォウくん X 10
`_2024-09-22 02:41:50_
--------
