【登录信息】
*c4ae8cdfc66973e53c8a1970545a3e2b*
`登陆天数: 382天 / 1760天
等级: 143
石头: 242
呼符: 1
体力: 7995.49 / 141
友情点: 0 / 3371050`
*連続ログイン4日目
※ログインが途切れるか、7日到達すると
1日目から再開されます*
`聖晶石 X 1
9月交換券(2024) X 1
`*「京都国際マンガ・アニメフェア2024」出展記念 初回ログインボーナス*
*開催期間中、初回ログインで「聖晶石×10」をプレゼント！*
`聖晶石 X 10
`_2024-09-23 02:38:13_
--------
*7f4f754f260fe60c4393be1e8f740163*
`登陆天数: 382天 / 1757天
等级: 143
石头: 131
呼符: 7
体力: 7995.5233333333335 / 141
友情点: 0 / 3064400`
*連続ログイン4日目
※ログインが途切れるか、7日到達すると
1日目から再開されます*
`聖晶石 X 1
9月交換券(2024) X 1
`*「京都国際マンガ・アニメフェア2024」出展記念 初回ログインボーナス*
*開催期間中、初回ログインで「聖晶石×10」をプレゼント！*
`聖晶石 X 10
`_2024-09-23 02:38:21_
--------
*c4ae8cdfc66973e53c8a1970545a3e2b*
`登陆天数: 382天 / 1629天
等级: 142
石头: 264
呼符: 1
体力: 7992.716666666666 / 140
友情点: 0 / 15881175`
*連続ログイン4日目
※ログインが途切れるか、7日到達すると
1日目から再開されます*
`聖晶石 X 1
9月交換券(2024) X 1
`*「京都国際マンガ・アニメフェア2024」出展記念 初回ログインボーナス*
*開催期間中、初回ログインで「聖晶石×10」をプレゼント！*
`聖晶石 X 10
`_2024-09-23 02:38:30_
--------
*95433763b3466b0dae7f217d4c6c91be*
`登陆天数: 170天 / 1502天
等级: 140
石头: 9
呼符: 1
体力: 7992.74 / 140
友情点: 0 / 1620060`
*連続ログイン2日目
※ログインが途切れるか、7日到達すると
1日目から再開されます*
`聖晶石 X 1
9月交換券(2024) X 1
`*「京都国際マンガ・アニメフェア2024」出展記念 初回ログインボーナス*
*開催期間中、初回ログインで「聖晶石×10」をプレゼント！*
`聖晶石 X 10
`_2024-09-23 02:38:39_
--------
