【登录信息】
*c4ae8cdfc66973e53c8a1970545a3e2b*
`登陆天数: 384天 / 1762天
等级: 143
石头: 242
呼符: 1
体力: 8571.79 / 141
友情点: 25 / 3371075`
*連続ログイン6日目
※ログインが途切れるか、7日到達すると
1日目から再開されます*
`聖晶石 X 2
9月交換券(2024) X 1
`*「奏章Ⅲ 新霊長後継戦 アーキタイプ・インセプション」(後編)
開幕直前&攻略応援特別ログインボーナス*
*開催期間中、1日1回 最大8回 ログインボーナスをプレゼント！*
`星見のティーポット X 3
`_2024-09-25 02:39:43_
--------
*7f4f754f260fe60c4393be1e8f740163*
`登陆天数: 384天 / 1759天
等级: 143
石头: 131
呼符: 7
体力: 8571.82 / 141
友情点: 0 / 3064400`
*連続ログイン6日目
※ログインが途切れるか、7日到達すると
1日目から再開されます*
`聖晶石 X 2
9月交換券(2024) X 1
`*「奏章Ⅲ 新霊長後継戦 アーキタイプ・インセプション」(後編)
開幕直前&攻略応援特別ログインボーナス*
*開催期間中、1日1回 最大8回 ログインボーナスをプレゼント！*
`星見のティーポット X 3
`_2024-09-25 02:39:51_
--------
*c4ae8cdfc66973e53c8a1970545a3e2b*
`登陆天数: 384天 / 1631天
等级: 142
石头: 264
呼符: 1
体力: 8569.013333333334 / 140
友情点: 0 / 15881175`
*連続ログイン6日目
※ログインが途切れるか、7日到達すると
1日目から再開されます*
`聖晶石 X 2
9月交換券(2024) X 1
`*「奏章Ⅲ 新霊長後継戦 アーキタイプ・インセプション」(後編)
開幕直前&攻略応援特別ログインボーナス*
*開催期間中、1日1回 最大8回 ログインボーナスをプレゼント！*
`星見のティーポット X 3
`_2024-09-25 02:39:59_
--------
*95433763b3466b0dae7f217d4c6c91be*
`登陆天数: 172天 / 1504天
等级: 140
石头: 9
呼符: 1
体力: 8569.036666666667 / 140
友情点: 0 / 1620060`
*連続ログイン4日目
※ログインが途切れるか、7日到達すると
1日目から再開されます*
`聖晶石 X 1
9月交換券(2024) X 1
`*「奏章Ⅲ 新霊長後継戦 アーキタイプ・インセプション」(後編)
開幕直前&攻略応援特別ログインボーナス*
*開催期間中、1日1回 最大8回 ログインボーナスをプレゼント！*
`星見のティーポット X 3
`_2024-09-25 02:40:08_
--------
