【登录信息】
*c4ae8cdfc66973e53c8a1970545a3e2b*
`登陆天数: 385天 / 1763天
等级: 143
石头: 242
呼符: 1
体力: 8859.33 / 141
友情点: 75 / 3371150`
*連続ログイン7日間到達おめでとうございます！
明日は1日目からリスタートされます。*
`獣の足跡 X 1
呼符 X 1
9月交換券(2024) X 1
`*奏章Ⅲ 新霊長後継戦 アーキタイプ・インセプション 開幕記念 ログインボーナス*
*開催期間中、1日1回 最大78回 ログインボーナスをプレゼント！*
`白銀の果実 X 1
`_2024-09-26 02:37:24_
--------
*7f4f754f260fe60c4393be1e8f740163*
`登陆天数: 385天 / 1760天
等级: 143
石头: 131
呼符: 7
体力: 8859.36 / 141
友情点: 0 / 3064400`
*連続ログイン7日間到達おめでとうございます！
明日は1日目からリスタートされます。*
`獣の足跡 X 1
呼符 X 1
9月交換券(2024) X 1
`*奏章Ⅲ 新霊長後継戦 アーキタイプ・インセプション 開幕記念 ログインボーナス*
*開催期間中、1日1回 最大78回 ログインボーナスをプレゼント！*
`白銀の果実 X 1
`_2024-09-26 02:37:33_
--------
*c4ae8cdfc66973e53c8a1970545a3e2b*
`登陆天数: 385天 / 1632天
等级: 142
石头: 264
呼符: 1
体力: 8856.55 / 140
友情点: 25 / 15881200`
*連続ログイン7日間到達おめでとうございます！
明日は1日目からリスタートされます。*
`獣の足跡 X 1
呼符 X 1
9月交換券(2024) X 1
`*奏章Ⅲ 新霊長後継戦 アーキタイプ・インセプション 開幕記念 ログインボーナス*
*開催期間中、1日1回 最大78回 ログインボーナスをプレゼント！*
`白銀の果実 X 1
`_2024-09-26 02:37:41_
--------
*95433763b3466b0dae7f217d4c6c91be*
`登陆天数: 173天 / 1505天
等级: 140
石头: 9
呼符: 1
体力: 8856.576666666666 / 140
友情点: 10 / 1620070`
*連続ログイン5日目
※ログインが途切れるか、7日到達すると
1日目から再開されます*
`叡智の業火 X 2
9月交換券(2024) X 1
`*奏章Ⅲ 新霊長後継戦 アーキタイプ・インセプション 開幕記念 ログインボーナス*
*開催期間中、1日1回 最大78回 ログインボーナスをプレゼント！*
`白銀の果実 X 1
`_2024-09-26 02:37:50_
--------
