【登录信息】
*c4ae8cdfc66973e53c8a1970545a3e2b*
`登陆天数: 386天 / 1764天
等级: 143
石头: 242
呼符: 1
体力: 9147.593333333334 / 141
友情点: 0 / 3371150`
*連続ログイン1日目
※ログインが途切れるか、7日到達すると
1日目から再開されます*
`フレンドポイント X 2000
9月交換券(2024) X 1
`*奏章Ⅲ 新霊長後継戦 アーキタイプ・インセプション 開幕記念 ログインボーナス*
*開催期間中、1日1回 最大78回 ログインボーナスをプレゼント！*
`白銀の果実 X 1
`_2024-09-27 02:38:44_
--------
*7f4f754f260fe60c4393be1e8f740163*
`登陆天数: 386天 / 1761天
等级: 143
石头: 131
呼符: 7
体力: 9147.626666666667 / 141
友情点: 0 / 3064400`
*連続ログイン1日目
※ログインが途切れるか、7日到達すると
1日目から再開されます*
`フレンドポイント X 2000
9月交換券(2024) X 1
`*奏章Ⅲ 新霊長後継戦 アーキタイプ・インセプション 開幕記念 ログインボーナス*
*開催期間中、1日1回 最大78回 ログインボーナスをプレゼント！*
`白銀の果実 X 1
`_2024-09-27 02:38:52_
--------
*c4ae8cdfc66973e53c8a1970545a3e2b*
`登陆天数: 386天 / 1633天
等级: 142
石头: 264
呼符: 1
体力: 9144.816666666668 / 140
友情点: 0 / 15881200`
*連続ログイン1日目
※ログインが途切れるか、7日到達すると
1日目から再開されます*
`フレンドポイント X 2000
9月交換券(2024) X 1
`*奏章Ⅲ 新霊長後継戦 アーキタイプ・インセプション 開幕記念 ログインボーナス*
*開催期間中、1日1回 最大78回 ログインボーナスをプレゼント！*
`白銀の果実 X 1
`_2024-09-27 02:39:01_
--------
*95433763b3466b0dae7f217d4c6c91be*
`登陆天数: 174天 / 1506天
等级: 140
石头: 9
呼符: 1
体力: 9144.84 / 140
友情点: 0 / 1620070`
*連続ログイン6日目
※ログインが途切れるか、7日到達すると
1日目から再開されます*
`聖晶石 X 2
9月交換券(2024) X 1
`*奏章Ⅲ 新霊長後継戦 アーキタイプ・インセプション 開幕記念 ログインボーナス*
*開催期間中、1日1回 最大78回 ログインボーナスをプレゼント！*
`白銀の果実 X 1
`_2024-09-27 02:39:09_
--------
