【登录信息】
*c4ae8cdfc66973e53c8a1970545a3e2b*
`登陆天数: 387天 / 1765天
等级: 143
石头: 242
呼符: 1
体力: 9435.05 / 141
友情点: 60 / 3371210`
*連続ログイン2日目
※ログインが途切れるか、7日到達すると
1日目から再開されます*
`聖晶石 X 1
9月交換券(2024) X 1
`*奏章Ⅲ 新霊長後継戦 アーキタイプ・インセプション 開幕記念 ログインボーナス*
*開催期間中、1日1回 最大78回 ログインボーナスをプレゼント！*
`白銀の果実 X 1
`_2024-09-28 02:36:01_
--------
*7f4f754f260fe60c4393be1e8f740163*
`登陆天数: 387天 / 1762天
等级: 143
石头: 131
呼符: 7
体力: 9435.083333333334 / 141
友情点: 0 / 3064400`
*連続ログイン2日目
※ログインが途切れるか、7日到達すると
1日目から再開されます*
`聖晶石 X 1
9月交換券(2024) X 1
`*奏章Ⅲ 新霊長後継戦 アーキタイプ・インセプション 開幕記念 ログインボーナス*
*開催期間中、1日1回 最大78回 ログインボーナスをプレゼント！*
`白銀の果実 X 1
`_2024-09-28 02:36:09_
--------
*c4ae8cdfc66973e53c8a1970545a3e2b*
`登陆天数: 387天 / 1634天
等级: 142
石头: 264
呼符: 1
体力: 9432.276666666667 / 140
友情点: 0 / 15881200`
*連続ログイン2日目
※ログインが途切れるか、7日到達すると
1日目から再開されます*
`聖晶石 X 1
9月交換券(2024) X 1
`*奏章Ⅲ 新霊長後継戦 アーキタイプ・インセプション 開幕記念 ログインボーナス*
*開催期間中、1日1回 最大78回 ログインボーナスをプレゼント！*
`白銀の果実 X 1
`_2024-09-28 02:36:18_
--------
*95433763b3466b0dae7f217d4c6c91be*
`登陆天数: 175天 / 1507天
等级: 140
石头: 9
呼符: 1
体力: 9432.303333333333 / 140
友情点: 0 / 1620070`
*連続ログイン7日間到達おめでとうございます！
明日は1日目からリスタートされます。*
`獣の足跡 X 1
呼符 X 1
9月交換券(2024) X 1
`*奏章Ⅲ 新霊長後継戦 アーキタイプ・インセプション 開幕記念 ログインボーナス*
*開催期間中、1日1回 最大78回 ログインボーナスをプレゼント！*
`白銀の果実 X 1
`_2024-09-28 02:36:27_
--------
