【登录信息】
*c4ae8cdfc66973e53c8a1970545a3e2b*
`登陆天数: 388天 / 1766天
等级: 143
石头: 242
呼符: 1
体力: 9724.503333333334 / 141
友情点: 0 / 3371210`
*連続ログイン3日目
※ログインが途切れるか、7日到達すると
1日目から再開されます*
`叡智の業火 X 1
9月交換券(2024) X 1
`*奏章Ⅲ 新霊長後継戦 アーキタイプ・インセプション 開幕記念 ログインボーナス*
*開催期間中、1日1回 最大78回 ログインボーナスをプレゼント！*
`白銀の果実 X 1
`_2024-09-29 02:43:16_
--------
*7f4f754f260fe60c4393be1e8f740163*
`登陆天数: 388天 / 1763天
等级: 143
石头: 131
呼符: 7
体力: 9724.536666666667 / 141
友情点: 0 / 3064400`
*連続ログイン3日目
※ログインが途切れるか、7日到達すると
1日目から再開されます*
`叡智の業火 X 1
9月交換券(2024) X 1
`*奏章Ⅲ 新霊長後継戦 アーキタイプ・インセプション 開幕記念 ログインボーナス*
*開催期間中、1日1回 最大78回 ログインボーナスをプレゼント！*
`白銀の果実 X 1
`_2024-09-29 02:43:25_
--------
*c4ae8cdfc66973e53c8a1970545a3e2b*
`登陆天数: 388天 / 1635天
等级: 142
石头: 264
呼符: 1
体力: 9721.73 / 140
友情点: 0 / 15881200`
*連続ログイン3日目
※ログインが途切れるか、7日到達すると
1日目から再開されます*
`叡智の業火 X 1
9月交換券(2024) X 1
`*奏章Ⅲ 新霊長後継戦 アーキタイプ・インセプション 開幕記念 ログインボーナス*
*開催期間中、1日1回 最大78回 ログインボーナスをプレゼント！*
`白銀の果実 X 1
`_2024-09-29 02:43:34_
--------
*95433763b3466b0dae7f217d4c6c91be*
`登陆天数: 176天 / 1508天
等级: 140
石头: 9
呼符: 1
体力: 9721.756666666666 / 140
友情点: 0 / 1620070`
*連続ログイン1日目
※ログインが途切れるか、7日到達すると
1日目から再開されます*
`フレンドポイント X 2000
9月交換券(2024) X 1
`*奏章Ⅲ 新霊長後継戦 アーキタイプ・インセプション 開幕記念 ログインボーナス*
*開催期間中、1日1回 最大78回 ログインボーナスをプレゼント！*
`白銀の果実 X 1
`_2024-09-29 02:43:43_
--------
