【登录信息】
*c4ae8cdfc66973e53c8a1970545a3e2b*
`登陆天数: 390天 / 1768天
等级: 143
石头: 242
呼符: 1
体力: 10301.323333333334 / 141
友情点: 0 / 3371260`
*連続ログイン5日目
※ログインが途切れるか、7日到達すると
1日目から再開されます*
`叡智の業火 X 2
10月交換券(2024) X 1
`*奏章Ⅲ 新霊長後継戦 アーキタイプ・インセプション 開幕記念 ログインボーナス*
*開催期間中、1日1回 最大78回 ログインボーナスをプレゼント！*
`白銀の果実 X 1
`_2024-10-01 02:47:22_
--------
*7f4f754f260fe60c4393be1e8f740163*
`登陆天数: 390天 / 1765天
等级: 143
石头: 131
呼符: 7
体力: 10301.353333333333 / 141
友情点: 0 / 3064400`
*連続ログイン5日目
※ログインが途切れるか、7日到達すると
1日目から再開されます*
`叡智の業火 X 2
10月交換券(2024) X 1
`*奏章Ⅲ 新霊長後継戦 アーキタイプ・インセプション 開幕記念 ログインボーナス*
*開催期間中、1日1回 最大78回 ログインボーナスをプレゼント！*
`白銀の果実 X 1
`_2024-10-01 02:47:31_
--------
*c4ae8cdfc66973e53c8a1970545a3e2b*
`登陆天数: 390天 / 1637天
等级: 142
石头: 264
呼符: 1
体力: 10298.543333333333 / 140
友情点: 0 / 15881200`
*連続ログイン5日目
※ログインが途切れるか、7日到達すると
1日目から再開されます*
`叡智の業火 X 2
10月交換券(2024) X 1
`*奏章Ⅲ 新霊長後継戦 アーキタイプ・インセプション 開幕記念 ログインボーナス*
*開催期間中、1日1回 最大78回 ログインボーナスをプレゼント！*
`白銀の果実 X 1
`_2024-10-01 02:47:39_
--------
*95433763b3466b0dae7f217d4c6c91be*
`登陆天数: 178天 / 1510天
等级: 140
石头: 9
呼符: 1
体力: 10298.57 / 140
友情点: 0 / 1620170`
*連続ログイン3日目
※ログインが途切れるか、7日到達すると
1日目から再開されます*
`叡智の業火 X 1
10月交換券(2024) X 1
`*奏章Ⅲ 新霊長後継戦 アーキタイプ・インセプション 開幕記念 ログインボーナス*
*開催期間中、1日1回 最大78回 ログインボーナスをプレゼント！*
`白銀の果実 X 1
`_2024-10-01 02:47:48_
--------
