【登录信息】
*c4ae8cdfc66973e53c8a1970545a3e2b*
`登陆天数: 391天 / 1769天
等级: 143
石头: 242
呼符: 1
体力: 10587.346666666666 / 141
友情点: 25 / 3371285`
*連続ログイン6日目
※ログインが途切れるか、7日到達すると
1日目から再開されます*
`聖晶石 X 2
10月交換券(2024) X 1
`*使用期限付コンティニューアイテムプレゼント！*
*開催期間中、初回ログインでコンティニューアイテム「霊脈石×3」をプレゼント！*
`霊脈石 X 3
`_2024-10-02 02:37:30_
--------
*7f4f754f260fe60c4393be1e8f740163*
`登陆天数: 391天 / 1766天
等级: 143
石头: 131
呼符: 7
体力: 10587.38 / 141
友情点: 0 / 3064400`
*連続ログイン6日目
※ログインが途切れるか、7日到達すると
1日目から再開されます*
`聖晶石 X 2
10月交換券(2024) X 1
`*使用期限付コンティニューアイテムプレゼント！*
*開催期間中、初回ログインでコンティニューアイテム「霊脈石×3」をプレゼント！*
`霊脈石 X 3
`_2024-10-02 02:37:39_
--------
*c4ae8cdfc66973e53c8a1970545a3e2b*
`登陆天数: 391天 / 1638天
等级: 142
石头: 264
呼符: 1
体力: 10584.57 / 140
友情点: 25 / 15881225`
*連続ログイン6日目
※ログインが途切れるか、7日到達すると
1日目から再開されます*
`聖晶石 X 2
10月交換券(2024) X 1
`*使用期限付コンティニューアイテムプレゼント！*
*開催期間中、初回ログインでコンティニューアイテム「霊脈石×3」をプレゼント！*
`霊脈石 X 3
`_2024-10-02 02:37:47_
--------
*95433763b3466b0dae7f217d4c6c91be*
`登陆天数: 179天 / 1511天
等级: 140
石头: 9
呼符: 1
体力: 10584.596666666666 / 140
友情点: 0 / 1620170`
*連続ログイン4日目
※ログインが途切れるか、7日到達すると
1日目から再開されます*
`聖晶石 X 1
10月交換券(2024) X 1
`*使用期限付コンティニューアイテムプレゼント！*
*開催期間中、初回ログインでコンティニューアイテム「霊脈石×3」をプレゼント！*
`霊脈石 X 3
`_2024-10-02 02:37:56_
--------
