【登录信息】
*c4ae8cdfc66973e53c8a1970545a3e2b*
`登陆天数: 392天 / 1770天
等级: 143
石头: 242
呼符: 1
体力: 10875.486666666666 / 141
友情点: 50 / 3371335`
*連続ログイン7日間到達おめでとうございます！
明日は1日目からリスタートされます。*
`獣の足跡 X 1
呼符 X 1
10月交換券(2024) X 1
`*奏章Ⅲ 新霊長後継戦 アーキタイプ・インセプション 開幕記念 ログインボーナス*
*開催期間中、1日1回 最大78回 ログインボーナスをプレゼント！*
`白銀の果実 X 1
`_2024-10-03 02:38:12_
--------
*7f4f754f260fe60c4393be1e8f740163*
`登陆天数: 392天 / 1767天
等级: 143
石头: 131
呼符: 7
体力: 10875.516666666666 / 141
友情点: 0 / 3064400`
*連続ログイン7日間到達おめでとうございます！
明日は1日目からリスタートされます。*
`獣の足跡 X 1
呼符 X 1
10月交換券(2024) X 1
`*奏章Ⅲ 新霊長後継戦 アーキタイプ・インセプション 開幕記念 ログインボーナス*
*開催期間中、1日1回 最大78回 ログインボーナスをプレゼント！*
`白銀の果実 X 1
`_2024-10-03 02:38:20_
--------
*c4ae8cdfc66973e53c8a1970545a3e2b*
`登陆天数: 392天 / 1639天
等级: 142
石头: 264
呼符: 1
体力: 10872.71 / 140
友情点: 0 / 15881225`
*連続ログイン7日間到達おめでとうございます！
明日は1日目からリスタートされます。*
`獣の足跡 X 1
呼符 X 1
10月交換券(2024) X 1
`*奏章Ⅲ 新霊長後継戦 アーキタイプ・インセプション 開幕記念 ログインボーナス*
*開催期間中、1日1回 最大78回 ログインボーナスをプレゼント！*
`白銀の果実 X 1
`_2024-10-03 02:38:29_
--------
*95433763b3466b0dae7f217d4c6c91be*
`登陆天数: 180天 / 1512天
等级: 140
石头: 9
呼符: 1
体力: 10872.736666666666 / 140
友情点: 0 / 1620170`
*連続ログイン5日目
※ログインが途切れるか、7日到達すると
1日目から再開されます*
`叡智の業火 X 2
10月交換券(2024) X 1
`*奏章Ⅲ 新霊長後継戦 アーキタイプ・インセプション 開幕記念 ログインボーナス*
*開催期間中、1日1回 最大78回 ログインボーナスをプレゼント！*
`白銀の果実 X 1
`_2024-10-03 02:38:37_
--------
