【登录信息】
*c4ae8cdfc66973e53c8a1970545a3e2b*
`登陆天数: 394天 / 1772天
等级: 143
石头: 242
呼符: 1
体力: 11451.003333333334 / 141
友情点: 25 / 3371360`
*連続ログイン2日目
※ログインが途切れるか、7日到達すると
1日目から再開されます*
`聖晶石 X 1
10月交換券(2024) X 1
`*3000万DL記念 特別回数ログインボーナス*
*開催期間中、1日1回 最大10回 回数ログインボーナスをプレゼント！*
`白銀の果実 X 30
`_2024-10-05 02:35:42_
--------
*7f4f754f260fe60c4393be1e8f740163*
`登陆天数: 394天 / 1769天
等级: 143
石头: 131
呼符: 7
体力: 11451.053333333333 / 141
友情点: 0 / 3064400`
*連続ログイン2日目
※ログインが途切れるか、7日到達すると
1日目から再開されます*
`聖晶石 X 1
10月交換券(2024) X 1
`*3000万DL記念 特別回数ログインボーナス*
*開催期間中、1日1回 最大10回 回数ログインボーナスをプレゼント！*
`白銀の果実 X 30
`_2024-10-05 02:35:55_
--------
*c4ae8cdfc66973e53c8a1970545a3e2b*
`登陆天数: 394天 / 1641天
等级: 142
石头: 264
呼符: 1
体力: 11448.263333333334 / 140
友情点: 0 / 15881225`
*連続ログイン2日目
※ログインが途切れるか、7日到達すると
1日目から再開されます*
`聖晶石 X 1
10月交換券(2024) X 1
`*3000万DL記念 特別回数ログインボーナス*
*開催期間中、1日1回 最大10回 回数ログインボーナスをプレゼント！*
`白銀の果実 X 30
`_2024-10-05 02:36:09_
--------
*95433763b3466b0dae7f217d4c6c91be*
`登陆天数: 182天 / 1514天
等级: 140
石头: 9
呼符: 1
体力: 11448.306666666667 / 140
友情点: 0 / 1620170`
*連続ログイン7日間到達おめでとうございます！
明日は1日目からリスタートされます。*
`獣の足跡 X 1
呼符 X 1
10月交換券(2024) X 1
`*3000万DL記念 特別回数ログインボーナス*
*開催期間中、1日1回 最大10回 回数ログインボーナスをプレゼント！*
`白銀の果実 X 30
`_2024-10-05 02:36:24_
--------
