【登录信息】
*c4ae8cdfc66973e53c8a1970545a3e2b*
`登陆天数: 395天 / 1773天
等级: 143
石头: 242
呼符: 1
体力: 11740.433333333332 / 141
友情点: 510 / 3371870`
*連続ログイン3日目
※ログインが途切れるか、7日到達すると
1日目から再開されます*
`叡智の業火 X 1
10月交換券(2024) X 1
`*3000万DL記念 特別回数ログインボーナス*
*開催期間中、1日1回 最大10回 回数ログインボーナスをプレゼント！*
`叡智の業火 X 30
`_2024-10-06 02:42:56_
--------
*7f4f754f260fe60c4393be1e8f740163*
`登陆天数: 395天 / 1770天
等级: 143
石头: 131
呼符: 7
体力: 11740.466666666667 / 141
友情点: 25 / 3064425`
*連続ログイン3日目
※ログインが途切れるか、7日到達すると
1日目から再開されます*
`叡智の業火 X 1
10月交換券(2024) X 1
`*3000万DL記念 特別回数ログインボーナス*
*開催期間中、1日1回 最大10回 回数ログインボーナスをプレゼント！*
`叡智の業火 X 30
`_2024-10-06 02:43:04_
--------
*c4ae8cdfc66973e53c8a1970545a3e2b*
`登陆天数: 395天 / 1642天
等级: 142
石头: 264
呼符: 1
体力: 11737.66 / 140
友情点: 0 / 15881225`
*連続ログイン3日目
※ログインが途切れるか、7日到達すると
1日目から再開されます*
`叡智の業火 X 1
10月交換券(2024) X 1
`*3000万DL記念 特別回数ログインボーナス*
*開催期間中、1日1回 最大10回 回数ログインボーナスをプレゼント！*
`叡智の業火 X 30
`_2024-10-06 02:43:13_
--------
*95433763b3466b0dae7f217d4c6c91be*
`登陆天数: 183天 / 1515天
等级: 140
石头: 9
呼符: 1
体力: 11737.683333333332 / 140
友情点: 0 / 1620170`
*連続ログイン1日目
※ログインが途切れるか、7日到達すると
1日目から再開されます*
`フレンドポイント X 2000
10月交換券(2024) X 1
`*3000万DL記念 特別回数ログインボーナス*
*開催期間中、1日1回 最大10回 回数ログインボーナスをプレゼント！*
`叡智の業火 X 30
`_2024-10-06 02:43:22_
--------
