【登录信息】
*c4ae8cdfc66973e53c8a1970545a3e2b*
`登陆天数: 396天 / 1774天
等级: 143
石头: 242
呼符: 1
体力: 12028.21 / 141
友情点: 25 / 3371895`
*連続ログイン4日目
※ログインが途切れるか、7日到達すると
1日目から再開されます*
`聖晶石 X 1
10月交換券(2024) X 1
`*3000万DL突破記念 10万リポスト達成プレゼント*
*開催期間中、初回ログインで「聖晶石×30」をプレゼント！*
`聖晶石 X 30
`_2024-10-07 02:41:49_
--------
*7f4f754f260fe60c4393be1e8f740163*
`登陆天数: 396天 / 1771天
等级: 143
石头: 131
呼符: 7
体力: 12028.24 / 141
友情点: 0 / 3064425`
*連続ログイン4日目
※ログインが途切れるか、7日到達すると
1日目から再開されます*
`聖晶石 X 1
10月交換券(2024) X 1
`*3000万DL突破記念 10万リポスト達成プレゼント*
*開催期間中、初回ログインで「聖晶石×30」をプレゼント！*
`聖晶石 X 30
`_2024-10-07 02:41:57_
--------
*c4ae8cdfc66973e53c8a1970545a3e2b*
`登陆天数: 396天 / 1643天
等级: 142
石头: 264
呼符: 1
体力: 12025.43 / 140
友情点: 0 / 15881225`
*連続ログイン4日目
※ログインが途切れるか、7日到達すると
1日目から再開されます*
`聖晶石 X 1
10月交換券(2024) X 1
`*3000万DL突破記念 10万リポスト達成プレゼント*
*開催期間中、初回ログインで「聖晶石×30」をプレゼント！*
`聖晶石 X 30
`_2024-10-07 02:42:05_
--------
*95433763b3466b0dae7f217d4c6c91be*
`登陆天数: 184天 / 1516天
等级: 140
石头: 9
呼符: 1
体力: 12025.453333333333 / 140
友情点: 0 / 1620170`
*連続ログイン2日目
※ログインが途切れるか、7日到達すると
1日目から再開されます*
`聖晶石 X 1
10月交換券(2024) X 1
`*3000万DL突破記念 10万リポスト達成プレゼント*
*開催期間中、初回ログインで「聖晶石×30」をプレゼント！*
`聖晶石 X 30
`_2024-10-07 02:42:13_
--------
