【登录信息】
*c4ae8cdfc66973e53c8a1970545a3e2b*
`登陆天数: 397天 / 1775天
等级: 143
石头: 242
呼符: 1
体力: 12316.186666666666 / 141
友情点: 75 / 3371970`
*連続ログイン5日目
※ログインが途切れるか、7日到達すると
1日目から再開されます*
`叡智の業火 X 2
10月交換券(2024) X 1
`*3000万DL記念 特別回数ログインボーナス*
*開催期間中、1日1回 最大10回 回数ログインボーナスをプレゼント！*
`QP X 30000000
`_2024-10-08 02:41:42_
--------
*7f4f754f260fe60c4393be1e8f740163*
`登陆天数: 397天 / 1772天
等级: 143
石头: 131
呼符: 7
体力: 12316.216666666667 / 141
友情点: 0 / 3064425`
*連続ログイン5日目
※ログインが途切れるか、7日到達すると
1日目から再開されます*
`叡智の業火 X 2
10月交換券(2024) X 1
`*3000万DL記念 特別回数ログインボーナス*
*開催期間中、1日1回 最大10回 回数ログインボーナスをプレゼント！*
`QP X 30000000
`_2024-10-08 02:41:50_
--------
*c4ae8cdfc66973e53c8a1970545a3e2b*
`登陆天数: 397天 / 1644天
等级: 142
石头: 264
呼符: 1
体力: 12313.41 / 140
友情点: 0 / 15881225`
*連続ログイン5日目
※ログインが途切れるか、7日到達すると
1日目から再開されます*
`叡智の業火 X 2
10月交換券(2024) X 1
`*3000万DL記念 特別回数ログインボーナス*
*開催期間中、1日1回 最大10回 回数ログインボーナスをプレゼント！*
`QP X 30000000
`_2024-10-08 02:41:58_
--------
*95433763b3466b0dae7f217d4c6c91be*
`登陆天数: 185天 / 1517天
等级: 140
石头: 9
呼符: 1
体力: 12313.433333333332 / 140
友情点: 0 / 1620170`
*連続ログイン3日目
※ログインが途切れるか、7日到達すると
1日目から再開されます*
`叡智の業火 X 1
10月交換券(2024) X 1
`*3000万DL記念 特別回数ログインボーナス*
*開催期間中、1日1回 最大10回 回数ログインボーナスをプレゼント！*
`QP X 30000000
`_2024-10-08 02:42:07_
--------
