【登录信息】
*c4ae8cdfc66973e53c8a1970545a3e2b*
`登陆天数: 398天 / 1776天
等级: 143
石头: 242
呼符: 1
体力: 12603.433333333332 / 141
友情点: 200 / 3372170`
*連続ログイン6日目
※ログインが途切れるか、7日到達すると
1日目から再開されます*
`聖晶石 X 2
10月交換券(2024) X 1
`*3000万DL記念 特別回数ログインボーナス*
*開催期間中、1日1回 最大10回 回数ログインボーナスをプレゼント！*
`英霊結晶・星のフォウくん X 30
英霊結晶・太陽のフォウくん X 30
`_2024-10-09 02:37:56_
--------
*7f4f754f260fe60c4393be1e8f740163*
`登陆天数: 398天 / 1773天
等级: 143
石头: 131
呼符: 7
体力: 12603.466666666667 / 141
友情点: 10 / 3064435`
*連続ログイン6日目
※ログインが途切れるか、7日到達すると
1日目から再開されます*
`聖晶石 X 2
10月交換券(2024) X 1
`*3000万DL記念 特別回数ログインボーナス*
*開催期間中、1日1回 最大10回 回数ログインボーナスをプレゼント！*
`英霊結晶・星のフォウくん X 30
英霊結晶・太陽のフォウくん X 30
`_2024-10-09 02:38:05_
--------
*c4ae8cdfc66973e53c8a1970545a3e2b*
`登陆天数: 398天 / 1645天
等级: 142
石头: 264
呼符: 1
体力: 12600.66 / 140
友情点: 0 / 15881225`
*連続ログイン6日目
※ログインが途切れるか、7日到達すると
1日目から再開されます*
`聖晶石 X 2
10月交換券(2024) X 1
`*3000万DL記念 特別回数ログインボーナス*
*開催期間中、1日1回 最大10回 回数ログインボーナスをプレゼント！*
`英霊結晶・星のフォウくん X 30
英霊結晶・太陽のフォウくん X 30
`_2024-10-09 02:38:14_
--------
*95433763b3466b0dae7f217d4c6c91be*
`登陆天数: 186天 / 1518天
等级: 140
石头: 9
呼符: 1
体力: 12600.686666666666 / 140
友情点: 0 / 1620170`
*連続ログイン4日目
※ログインが途切れるか、7日到達すると
1日目から再開されます*
`聖晶石 X 1
10月交換券(2024) X 1
`*3000万DL記念 特別回数ログインボーナス*
*開催期間中、1日1回 最大10回 回数ログインボーナスをプレゼント！*
`英霊結晶・星のフォウくん X 30
英霊結晶・太陽のフォウくん X 30
`_2024-10-09 02:38:23_
--------
