【登录信息】
*c4ae8cdfc66973e53c8a1970545a3e2b*
`登陆天数: 399天 / 1777天
等级: 143
石头: 242
呼符: 1
体力: 12891.526666666667 / 141
友情点: 125 / 3372295`
*連続ログイン7日間到達おめでとうございます！
明日は1日目からリスタートされます。*
`獣の足跡 X 1
呼符 X 1
10月交換券(2024) X 1
`*「10月開幕予定 期間限定イベント」直前ログインボーナス*
*開催期間中、1日1回 最大7回 ログインボーナスをプレゼント！*
`聖晶石 X 1
霊脈石 X 1
`_2024-10-10 02:38:24_
--------
*7f4f754f260fe60c4393be1e8f740163*
`登陆天数: 399天 / 1774天
等级: 143
石头: 131
呼符: 7
体力: 12891.56 / 141
友情点: 0 / 3064435`
*連続ログイン7日間到達おめでとうございます！
明日は1日目からリスタートされます。*
`獣の足跡 X 1
呼符 X 1
10月交換券(2024) X 1
`*「10月開幕予定 期間限定イベント」直前ログインボーナス*
*開催期間中、1日1回 最大7回 ログインボーナスをプレゼント！*
`聖晶石 X 1
霊脈石 X 1
`_2024-10-10 02:38:33_
--------
*c4ae8cdfc66973e53c8a1970545a3e2b*
`登陆天数: 399天 / 1646天
等级: 142
石头: 264
呼符: 1
体力: 12888.75 / 140
友情点: 0 / 15881225`
*連続ログイン7日間到達おめでとうございます！
明日は1日目からリスタートされます。*
`獣の足跡 X 1
呼符 X 1
10月交換券(2024) X 1
`*「10月開幕予定 期間限定イベント」直前ログインボーナス*
*開催期間中、1日1回 最大7回 ログインボーナスをプレゼント！*
`聖晶石 X 1
霊脈石 X 1
`_2024-10-10 02:38:41_
--------
*95433763b3466b0dae7f217d4c6c91be*
`登陆天数: 187天 / 1519天
等级: 140
石头: 9
呼符: 1
体力: 12888.776666666667 / 140
友情点: 0 / 1620170`
*連続ログイン5日目
※ログインが途切れるか、7日到達すると
1日目から再開されます*
`叡智の業火 X 2
10月交換券(2024) X 1
`*「10月開幕予定 期間限定イベント」直前ログインボーナス*
*開催期間中、1日1回 最大7回 ログインボーナスをプレゼント！*
`聖晶石 X 1
霊脈石 X 1
`_2024-10-10 02:38:49_
--------
