【登录信息】
*c4ae8cdfc66973e53c8a1970545a3e2b*
`登陆天数: 400天 / 1778天
等级: 143
石头: 242
呼符: 1
体力: 13179.323333333334 / 141
友情点: 0 / 3372295`
*連続ログイン1日目
※ログインが途切れるか、7日到達すると
1日目から再開されます*
`フレンドポイント X 2000
10月交換券(2024) X 1
`*「10月開幕予定 期間限定イベント」直前ログインボーナス*
*開催期間中、1日1回 最大7回 ログインボーナスをプレゼント！*
`黄金の果実 X 1
霊脈石 X 1
`_2024-10-11 02:37:22_
--------
*7f4f754f260fe60c4393be1e8f740163*
`登陆天数: 400天 / 1775天
等级: 143
石头: 131
呼符: 7
体力: 13179.353333333333 / 141
友情点: 10 / 3064795`
*連続ログイン1日目
※ログインが途切れるか、7日到達すると
1日目から再開されます*
`フレンドポイント X 2000
10月交換券(2024) X 1
`*「10月開幕予定 期間限定イベント」直前ログインボーナス*
*開催期間中、1日1回 最大7回 ログインボーナスをプレゼント！*
`黄金の果実 X 1
霊脈石 X 1
`_2024-10-11 02:37:31_
--------
*c4ae8cdfc66973e53c8a1970545a3e2b*
`登陆天数: 400天 / 1647天
等级: 142
石头: 264
呼符: 1
体力: 13176.546666666667 / 140
友情点: 0 / 15881225`
*連続ログイン1日目
※ログインが途切れるか、7日到達すると
1日目から再開されます*
`フレンドポイント X 2000
10月交換券(2024) X 1
`*「10月開幕予定 期間限定イベント」直前ログインボーナス*
*開催期間中、1日1回 最大7回 ログインボーナスをプレゼント！*
`黄金の果実 X 1
霊脈石 X 1
`_2024-10-11 02:37:39_
--------
*95433763b3466b0dae7f217d4c6c91be*
`登陆天数: 188天 / 1520天
等级: 140
石头: 9
呼符: 1
体力: 13176.57 / 140
友情点: 0 / 1620170`
*連続ログイン6日目
※ログインが途切れるか、7日到達すると
1日目から再開されます*
`聖晶石 X 2
10月交換券(2024) X 1
`*「10月開幕予定 期間限定イベント」直前ログインボーナス*
*開催期間中、1日1回 最大7回 ログインボーナスをプレゼント！*
`黄金の果実 X 1
霊脈石 X 1
`_2024-10-11 02:37:48_
--------
