【登录信息】
*c4ae8cdfc66973e53c8a1970545a3e2b*
`登陆天数: 402天 / 1780天
等级: 143
石头: 242
呼符: 1
体力: 13756.29 / 141
友情点: 35 / 3372500`
*連続ログイン3日目
※ログインが途切れるか、7日到達すると
1日目から再開されます*
`叡智の業火 X 1
10月交換券(2024) X 1
`*「10月開幕予定 期間限定イベント」直前ログインボーナス*
*開催期間中、1日1回 最大7回 ログインボーナスをプレゼント！*
`聖晶石 X 1
霊脈石 X 1
`_2024-10-13 02:42:13_
--------
*7f4f754f260fe60c4393be1e8f740163*
`登陆天数: 402天 / 1777天
等级: 143
石头: 131
呼符: 7
体力: 13756.32 / 141
友情点: 0 / 3064795`
*連続ログイン3日目
※ログインが途切れるか、7日到達すると
1日目から再開されます*
`叡智の業火 X 1
10月交換券(2024) X 1
`*「10月開幕予定 期間限定イベント」直前ログインボーナス*
*開催期間中、1日1回 最大7回 ログインボーナスをプレゼント！*
`聖晶石 X 1
霊脈石 X 1
`_2024-10-13 02:42:21_
--------
*c4ae8cdfc66973e53c8a1970545a3e2b*
`登陆天数: 402天 / 1649天
等级: 142
石头: 264
呼符: 1
体力: 13753.513333333334 / 140
友情点: 0 / 15881225`
*連続ログイン3日目
※ログインが途切れるか、7日到達すると
1日目から再開されます*
`叡智の業火 X 1
10月交換券(2024) X 1
`*「10月開幕予定 期間限定イベント」直前ログインボーナス*
*開催期間中、1日1回 最大7回 ログインボーナスをプレゼント！*
`聖晶石 X 1
霊脈石 X 1
`_2024-10-13 02:42:30_
--------
*95433763b3466b0dae7f217d4c6c91be*
`登陆天数: 190天 / 1522天
等级: 140
石头: 9
呼符: 1
体力: 13753.536666666667 / 140
友情点: 0 / 1620170`
*連続ログイン1日目
※ログインが途切れるか、7日到達すると
1日目から再開されます*
`フレンドポイント X 2000
10月交換券(2024) X 1
`*「10月開幕予定 期間限定イベント」直前ログインボーナス*
*開催期間中、1日1回 最大7回 ログインボーナスをプレゼント！*
`聖晶石 X 1
霊脈石 X 1
`_2024-10-13 02:42:38_
--------
