【登录信息】
*c4ae8cdfc66973e53c8a1970545a3e2b*
`登陆天数: 404天 / 1782天
等级: 143
石头: 242
呼符: 1
体力: 14331.833333333334 / 141
友情点: 125 / 3372650`
*連続ログイン5日目
※ログインが途切れるか、7日到達すると
1日目から再開されます*
`叡智の業火 X 2
10月交換券(2024) X 1
`*「10月開幕予定 期間限定イベント」直前ログインボーナス*
*開催期間中、1日1回 最大7回 ログインボーナスをプレゼント！*
`英霊結晶・太陽のフォウくん X 5
霊脈石 X 1
`_2024-10-15 02:39:55_
--------
*7f4f754f260fe60c4393be1e8f740163*
`登陆天数: 404天 / 1779天
等级: 143
石头: 131
呼符: 7
体力: 14331.866666666667 / 141
友情点: 85 / 3064880`
*連続ログイン5日目
※ログインが途切れるか、7日到達すると
1日目から再開されます*
`叡智の業火 X 2
10月交換券(2024) X 1
`*「10月開幕予定 期間限定イベント」直前ログインボーナス*
*開催期間中、1日1回 最大7回 ログインボーナスをプレゼント！*
`英霊結晶・太陽のフォウくん X 5
霊脈石 X 1
`_2024-10-15 02:40:04_
--------
*c4ae8cdfc66973e53c8a1970545a3e2b*
`登陆天数: 404天 / 1651天
等级: 142
石头: 264
呼符: 1
体力: 14329.06 / 140
友情点: 0 / 15881225`
*連続ログイン5日目
※ログインが途切れるか、7日到達すると
1日目から再開されます*
`叡智の業火 X 2
10月交換券(2024) X 1
`*「10月開幕予定 期間限定イベント」直前ログインボーナス*
*開催期間中、1日1回 最大7回 ログインボーナスをプレゼント！*
`英霊結晶・太陽のフォウくん X 5
霊脈石 X 1
`_2024-10-15 02:40:13_
--------
*95433763b3466b0dae7f217d4c6c91be*
`登陆天数: 192天 / 1524天
等级: 140
石头: 9
呼符: 1
体力: 14329.086666666666 / 140
友情点: 0 / 1620170`
*連続ログイン3日目
※ログインが途切れるか、7日到達すると
1日目から再開されます*
`叡智の業火 X 1
10月交換券(2024) X 1
`*「10月開幕予定 期間限定イベント」直前ログインボーナス*
*開催期間中、1日1回 最大7回 ログインボーナスをプレゼント！*
`英霊結晶・太陽のフォウくん X 5
霊脈石 X 1
`_2024-10-15 02:40:22_
--------
