【登录信息】
*c4ae8cdfc66973e53c8a1970545a3e2b*
`登陆天数: 405天 / 1783天
等级: 143
石头: 242
呼符: 1
体力: 14620.083333333334 / 141
友情点: 25 / 3372675`
*連続ログイン6日目
※ログインが途切れるか、7日到達すると
1日目から再開されます*
`聖晶石 X 2
10月交換券(2024) X 1
`*「10月開幕予定 期間限定イベント」直前ログインボーナス*
*開催期間中、1日1回 最大7回 ログインボーナスをプレゼント！*
`聖晶石 X 1
霊脈石 X 1
`_2024-10-16 02:41:10_
--------
*7f4f754f260fe60c4393be1e8f740163*
`登陆天数: 405天 / 1780天
等级: 143
石头: 131
呼符: 7
体力: 14620.113333333333 / 141
友情点: 0 / 3064880`
*連続ログイン6日目
※ログインが途切れるか、7日到達すると
1日目から再開されます*
`聖晶石 X 2
10月交換券(2024) X 1
`*「10月開幕予定 期間限定イベント」直前ログインボーナス*
*開催期間中、1日1回 最大7回 ログインボーナスをプレゼント！*
`聖晶石 X 1
霊脈石 X 1
`_2024-10-16 02:41:19_
--------
*c4ae8cdfc66973e53c8a1970545a3e2b*
`登陆天数: 405天 / 1652天
等级: 142
石头: 264
呼符: 1
体力: 14617.306666666667 / 140
友情点: 50 / 15881275`
*連続ログイン6日目
※ログインが途切れるか、7日到達すると
1日目から再開されます*
`聖晶石 X 2
10月交換券(2024) X 1
`*「10月開幕予定 期間限定イベント」直前ログインボーナス*
*開催期間中、1日1回 最大7回 ログインボーナスをプレゼント！*
`聖晶石 X 1
霊脈石 X 1
`_2024-10-16 02:41:28_
--------
*95433763b3466b0dae7f217d4c6c91be*
`登陆天数: 193天 / 1525天
等级: 140
石头: 9
呼符: 1
体力: 14617.333333333334 / 140
友情点: 0 / 1620170`
*連続ログイン4日目
※ログインが途切れるか、7日到達すると
1日目から再開されます*
`聖晶石 X 1
10月交換券(2024) X 1
`*「10月開幕予定 期間限定イベント」直前ログインボーナス*
*開催期間中、1日1回 最大7回 ログインボーナスをプレゼント！*
`聖晶石 X 1
霊脈石 X 1
`_2024-10-16 02:41:36_
--------
