【登录信息】
*c4ae8cdfc66973e53c8a1970545a3e2b*
`登陆天数: 406天 / 1784天
等级: 143
石头: 242
呼符: 1
体力: 14907.583333333334 / 141
友情点: 25 / 3372700`
*連続ログイン7日間到達おめでとうございます！
明日は1日目からリスタートされます。*
`獣の足跡 X 1
呼符 X 1
10月交換券(2024) X 1
`*Fate/Grand Order カルデア放送局 ライト版 ゲーム最新情報 配信記念 初回ログインボーナス*
*開催期間中、初回ログインで「聖晶石×14」をプレゼント！*
`聖晶石 X 14
`_2024-10-17 02:38:41_
--------
*7f4f754f260fe60c4393be1e8f740163*
`登陆天数: 406天 / 1781天
等级: 143
石头: 131
呼符: 7
体力: 14907.613333333333 / 141
友情点: 0 / 3064880`
*連続ログイン7日間到達おめでとうございます！
明日は1日目からリスタートされます。*
`獣の足跡 X 1
呼符 X 1
10月交換券(2024) X 1
`*Fate/Grand Order カルデア放送局 ライト版 ゲーム最新情報 配信記念 初回ログインボーナス*
*開催期間中、初回ログインで「聖晶石×14」をプレゼント！*
`聖晶石 X 14
`_2024-10-17 02:38:49_
--------
*c4ae8cdfc66973e53c8a1970545a3e2b*
`登陆天数: 406天 / 1653天
等级: 142
石头: 264
呼符: 1
体力: 14904.803333333333 / 140
友情点: 0 / 15881275`
*連続ログイン7日間到達おめでとうございます！
明日は1日目からリスタートされます。*
`獣の足跡 X 1
呼符 X 1
10月交換券(2024) X 1
`*Fate/Grand Order カルデア放送局 ライト版 ゲーム最新情報 配信記念 初回ログインボーナス*
*開催期間中、初回ログインで「聖晶石×14」をプレゼント！*
`聖晶石 X 14
`_2024-10-17 02:38:57_
--------
*95433763b3466b0dae7f217d4c6c91be*
`登陆天数: 194天 / 1526天
等级: 140
石头: 9
呼符: 1
体力: 14904.83 / 140
友情点: 0 / 1620170`
*連続ログイン5日目
※ログインが途切れるか、7日到達すると
1日目から再開されます*
`叡智の業火 X 2
10月交換券(2024) X 1
`*Fate/Grand Order カルデア放送局 ライト版 ゲーム最新情報 配信記念 初回ログインボーナス*
*開催期間中、初回ログインで「聖晶石×14」をプレゼント！*
`聖晶石 X 14
`_2024-10-17 02:39:05_
--------
