【登录信息】
*c4ae8cdfc66973e53c8a1970545a3e2b*
`登陆天数: 412天 / 1790天
等级: 143
石头: 242
呼符: 1
体力: 16635.536666666667 / 141
友情点: 0 / 3373150`
*連続ログイン6日目
※ログインが途切れるか、7日到達すると
1日目から再開されます*
`聖晶石 X 2
10月交換券(2024) X 1
`*妖精双六虫籠遊戯 まだ見ぬ完璧なあなたへ 開幕記念 ログインボーナス*
*開催期間中、1日1回 最大78回 ログインボーナスをプレゼント！*
`黄金の果実 X 1
`_2024-10-23 02:38:27_
--------
*7f4f754f260fe60c4393be1e8f740163*
`登陆天数: 412天 / 1787天
等级: 143
石头: 131
呼符: 7
体力: 16635.566666666666 / 141
友情点: 0 / 3065015`
*連続ログイン6日目
※ログインが途切れるか、7日到達すると
1日目から再開されます*
`聖晶石 X 2
10月交換券(2024) X 1
`*妖精双六虫籠遊戯 まだ見ぬ完璧なあなたへ 開幕記念 ログインボーナス*
*開催期間中、1日1回 最大78回 ログインボーナスをプレゼント！*
`黄金の果実 X 1
`_2024-10-23 02:38:35_
--------
*c4ae8cdfc66973e53c8a1970545a3e2b*
`登陆天数: 412天 / 1659天
等级: 142
石头: 264
呼符: 1
体力: 16632.76 / 140
友情点: 0 / 15881300`
*連続ログイン6日目
※ログインが途切れるか、7日到達すると
1日目から再開されます*
`聖晶石 X 2
10月交換券(2024) X 1
`*妖精双六虫籠遊戯 まだ見ぬ完璧なあなたへ 開幕記念 ログインボーナス*
*開催期間中、1日1回 最大78回 ログインボーナスをプレゼント！*
`黄金の果実 X 1
`_2024-10-23 02:38:43_
--------
*95433763b3466b0dae7f217d4c6c91be*
`登陆天数: 200天 / 1532天
等级: 140
石头: 9
呼符: 1
体力: 16632.783333333333 / 140
友情点: 0 / 1620170`
*連続ログイン4日目
※ログインが途切れるか、7日到達すると
1日目から再開されます*
`聖晶石 X 1
10月交換券(2024) X 1
`*妖精双六虫籠遊戯 まだ見ぬ完璧なあなたへ 開幕記念 ログインボーナス*
*開催期間中、1日1回 最大78回 ログインボーナスをプレゼント！*
`黄金の果実 X 1
`_2024-10-23 02:38:52_
--------
