【登录信息】
*c4ae8cdfc66973e53c8a1970545a3e2b*
`登陆天数: 413天 / 1791天
等级: 143
石头: 242
呼符: 1
体力: 16923.5 / 141
友情点: 0 / 3373150`
*連続ログイン7日間到達おめでとうございます！
明日は1日目からリスタートされます。*
`獣の足跡 X 1
呼符 X 1
10月交換券(2024) X 1
`*妖精双六虫籠遊戯 まだ見ぬ完璧なあなたへ 開幕記念 ログインボーナス*
*開催期間中、1日1回 最大78回 ログインボーナスをプレゼント！*
`白銀の果実 X 1
`_2024-10-24 02:38:15_
--------
*7f4f754f260fe60c4393be1e8f740163*
`登陆天数: 413天 / 1788天
等级: 143
石头: 131
呼符: 7
体力: 16923.533333333333 / 141
友情点: 0 / 3065015`
*連続ログイン7日間到達おめでとうございます！
明日は1日目からリスタートされます。*
`獣の足跡 X 1
呼符 X 1
10月交換券(2024) X 1
`*妖精双六虫籠遊戯 まだ見ぬ完璧なあなたへ 開幕記念 ログインボーナス*
*開催期間中、1日1回 最大78回 ログインボーナスをプレゼント！*
`白銀の果実 X 1
`_2024-10-24 02:38:25_
--------
*c4ae8cdfc66973e53c8a1970545a3e2b*
`登陆天数: 413天 / 1660天
等级: 142
石头: 264
呼符: 1
体力: 16920.726666666666 / 140
友情点: 0 / 15881300`
*連続ログイン7日間到達おめでとうございます！
明日は1日目からリスタートされます。*
`獣の足跡 X 1
呼符 X 1
10月交換券(2024) X 1
`*妖精双六虫籠遊戯 まだ見ぬ完璧なあなたへ 開幕記念 ログインボーナス*
*開催期間中、1日1回 最大78回 ログインボーナスをプレゼント！*
`白銀の果実 X 1
`_2024-10-24 02:38:33_
--------
*95433763b3466b0dae7f217d4c6c91be*
`登陆天数: 201天 / 1533天
等级: 140
石头: 9
呼符: 1
体力: 16920.753333333334 / 140
友情点: 0 / 1620170`
*連続ログイン5日目
※ログインが途切れるか、7日到達すると
1日目から再開されます*
`叡智の業火 X 2
10月交換券(2024) X 1
`*妖精双六虫籠遊戯 まだ見ぬ完璧なあなたへ 開幕記念 ログインボーナス*
*開催期間中、1日1回 最大78回 ログインボーナスをプレゼント！*
`白銀の果実 X 1
`_2024-10-24 02:38:42_
--------
