【登录信息】
*c4ae8cdfc66973e53c8a1970545a3e2b*
`登陆天数: 416天 / 1794天
等级: 143
石头: 242
呼符: 1
体力: 17788.62 / 141
友情点: 0 / 3373175`
*連続ログイン3日目
※ログインが途切れるか、7日到達すると
1日目から再開されます*
`叡智の業火 X 1
10月交換券(2024) X 1
`*妖精双六虫籠遊戯 まだ見ぬ完璧なあなたへ 開幕記念 ログインボーナス*
*開催期間中、1日1回 最大78回 ログインボーナスをプレゼント！*
`白銀の果実 X 1
`_2024-10-27 02:43:52_
--------
*7f4f754f260fe60c4393be1e8f740163*
`登陆天数: 416天 / 1791天
等级: 143
石头: 131
呼符: 7
体力: 17788.653333333332 / 141
友情点: 0 / 3065015`
*連続ログイン3日目
※ログインが途切れるか、7日到達すると
1日目から再開されます*
`叡智の業火 X 1
10月交換券(2024) X 1
`*妖精双六虫籠遊戯 まだ見ぬ完璧なあなたへ 開幕記念 ログインボーナス*
*開催期間中、1日1回 最大78回 ログインボーナスをプレゼント！*
`白銀の果実 X 1
`_2024-10-27 02:44:00_
--------
*c4ae8cdfc66973e53c8a1970545a3e2b*
`登陆天数: 416天 / 1663天
等级: 142
石头: 264
呼符: 1
体力: 17785.846666666668 / 140
友情点: 100 / 15881400`
*連続ログイン3日目
※ログインが途切れるか、7日到達すると
1日目から再開されます*
`叡智の業火 X 1
10月交換券(2024) X 1
`*妖精双六虫籠遊戯 まだ見ぬ完璧なあなたへ 開幕記念 ログインボーナス*
*開催期間中、1日1回 最大78回 ログインボーナスをプレゼント！*
`白銀の果実 X 1
`_2024-10-27 02:44:09_
--------
*95433763b3466b0dae7f217d4c6c91be*
`登陆天数: 204天 / 1536天
等级: 140
石头: 9
呼符: 1
体力: 17785.873333333333 / 140
友情点: 0 / 1620170`
*連続ログイン1日目
※ログインが途切れるか、7日到達すると
1日目から再開されます*
`フレンドポイント X 2000
10月交換券(2024) X 1
`*妖精双六虫籠遊戯 まだ見ぬ完璧なあなたへ 開幕記念 ログインボーナス*
*開催期間中、1日1回 最大78回 ログインボーナスをプレゼント！*
`白銀の果実 X 1
`_2024-10-27 02:44:18_
--------
