【登录信息】
*c4ae8cdfc66973e53c8a1970545a3e2b*
`登陆天数: 417天 / 1795天
等级: 143
石头: 242
呼符: 1
体力: 18076.61 / 141
友情点: 25 / 3373200`
*連続ログイン4日目
※ログインが途切れるか、7日到達すると
1日目から再開されます*
`聖晶石 X 1
10月交換券(2024) X 1
`*妖精双六虫籠遊戯 まだ見ぬ完璧なあなたへ 開幕記念 ログインボーナス*
*開催期間中、1日1回 最大78回 ログインボーナスをプレゼント！*
`白銀の果実 X 1
`_2024-10-28 02:43:49_
--------
*7f4f754f260fe60c4393be1e8f740163*
`登陆天数: 417天 / 1792天
等级: 143
石头: 131
呼符: 7
体力: 18076.643333333333 / 141
友情点: 25 / 3065040`
*連続ログイン4日目
※ログインが途切れるか、7日到達すると
1日目から再開されます*
`聖晶石 X 1
10月交換券(2024) X 1
`*妖精双六虫籠遊戯 まだ見ぬ完璧なあなたへ 開幕記念 ログインボーナス*
*開催期間中、1日1回 最大78回 ログインボーナスをプレゼント！*
`白銀の果実 X 1
`_2024-10-28 02:43:58_
--------
*c4ae8cdfc66973e53c8a1970545a3e2b*
`登陆天数: 417天 / 1664天
等级: 142
石头: 264
呼符: 1
体力: 18073.836666666666 / 140
友情点: 0 / 15881400`
*連続ログイン4日目
※ログインが途切れるか、7日到達すると
1日目から再開されます*
`聖晶石 X 1
10月交換券(2024) X 1
`*妖精双六虫籠遊戯 まだ見ぬ完璧なあなたへ 開幕記念 ログインボーナス*
*開催期間中、1日1回 最大78回 ログインボーナスをプレゼント！*
`白銀の果実 X 1
`_2024-10-28 02:44:06_
--------
*95433763b3466b0dae7f217d4c6c91be*
`登陆天数: 205天 / 1537天
等级: 140
石头: 9
呼符: 1
体力: 18073.86 / 140
友情点: 0 / 1620170`
*連続ログイン2日目
※ログインが途切れるか、7日到達すると
1日目から再開されます*
`聖晶石 X 1
10月交換券(2024) X 1
`*妖精双六虫籠遊戯 まだ見ぬ完璧なあなたへ 開幕記念 ログインボーナス*
*開催期間中、1日1回 最大78回 ログインボーナスをプレゼント！*
`白銀の果実 X 1
`_2024-10-28 02:44:15_
--------
