【登录信息】
*c4ae8cdfc66973e53c8a1970545a3e2b*
`登陆天数: 420天 / 1798天
等级: 143
石头: 242
呼符: 1
体力: 18940.093333333334 / 141
友情点: 25 / 3373285`
*連続ログイン7日間到達おめでとうございます！
明日は1日目からリスタートされます。*
`獣の足跡 X 1
呼符 X 1
10月交換券(2024) X 1
`*秋の戦力増強キャンペーン特別ログインボーナス！*
*開催期間中、1日1回 最大7回 ログインボーナスをプレゼント！*
`叡智の業火 X 3
`_2024-10-31 02:41:14_
--------
*7f4f754f260fe60c4393be1e8f740163*
`登陆天数: 420天 / 1795天
等级: 143
石头: 131
呼符: 7
体力: 18940.126666666667 / 141
友情点: 0 / 3065040`
*連続ログイン7日間到達おめでとうございます！
明日は1日目からリスタートされます。*
`獣の足跡 X 1
呼符 X 1
10月交換券(2024) X 1
`*秋の戦力増強キャンペーン特別ログインボーナス！*
*開催期間中、1日1回 最大7回 ログインボーナスをプレゼント！*
`叡智の業火 X 3
`_2024-10-31 02:41:22_
--------
*c4ae8cdfc66973e53c8a1970545a3e2b*
`登陆天数: 420天 / 1667天
等级: 142
石头: 264
呼符: 1
体力: 18937.316666666666 / 140
友情点: 0 / 15881400`
*連続ログイン7日間到達おめでとうございます！
明日は1日目からリスタートされます。*
`獣の足跡 X 1
呼符 X 1
10月交換券(2024) X 1
`*秋の戦力増強キャンペーン特別ログインボーナス！*
*開催期間中、1日1回 最大7回 ログインボーナスをプレゼント！*
`叡智の業火 X 3
`_2024-10-31 02:41:31_
--------
*95433763b3466b0dae7f217d4c6c91be*
`登陆天数: 208天 / 1540天
等级: 140
石头: 9
呼符: 1
体力: 18937.343333333334 / 140
友情点: 0 / 1620170`
*連続ログイン5日目
※ログインが途切れるか、7日到達すると
1日目から再開されます*
`叡智の業火 X 2
10月交換券(2024) X 1
`*秋の戦力増強キャンペーン特別ログインボーナス！*
*開催期間中、1日1回 最大7回 ログインボーナスをプレゼント！*
`叡智の業火 X 3
`_2024-10-31 02:41:40_
--------
