【登录信息】
*c4ae8cdfc66973e53c8a1970545a3e2b*
`登陆天数: 268天 / 1646天
等级: 143
石头: 1193
呼符: 0
体力: 101.21000000000001 / 141
友情点: 225 / 3145850`
*連続ログイン2日目
※ログインが途切れるか、7日到達すると
1日目から再開されます*
`聖晶石 X 1
6月交換券(2024) X 1
`*カルデア・サマーアドベンチャー！ アンケート復刻版 開幕記念 ログインボーナス*
*開催期間中、1日1回 最大21回 ログインボーナスをプレゼント！*
`白銀の果実 X 1
`_2024-05-31 19:35:30_
--------
*7f4f754f260fe60c4393be1e8f740163*
`登陆天数: 268天 / 1643天
等级: 142
石头: 1087
呼符: 0
体力: 100.10333333333332 / 140
友情点: 0 / 2885105`
*連続ログイン2日目
※ログインが途切れるか、7日到達すると
1日目から再開されます*
`聖晶石 X 1
6月交換券(2024) X 1
`*カルデア・サマーアドベンチャー！ アンケート復刻版 開幕記念 ログインボーナス*
*開催期間中、1日1回 最大21回 ログインボーナスをプレゼント！*
`白銀の果実 X 1
`_2024-05-31 19:35:38_
--------
*c4ae8cdfc66973e53c8a1970545a3e2b*
`登陆天数: 268天 / 1515天
等级: 142
石头: 899
呼符: 1
体力: 84.02333333333334 / 140
友情点: 0 / 15717695`
*連続ログイン2日目
※ログインが途切れるか、7日到達すると
1日目から再開されます*
`聖晶石 X 1
6月交換券(2024) X 1
`*カルデア・サマーアドベンチャー！ アンケート復刻版 開幕記念 ログインボーナス*
*開催期間中、1日1回 最大21回 ログインボーナスをプレゼント！*
`白銀の果実 X 1
`_2024-05-31 19:35:47_
--------
*95433763b3466b0dae7f217d4c6c91be*
`登陆天数: 56天 / 1388天
等级: 139
石头: 557
呼符: 0
体力: 84.07333333333332 / 140
友情点: 0 / 1409270`
*連続ログイン7日間到達おめでとうございます！
明日は1日目からリスタートされます。*
`獣の足跡 X 1
呼符 X 1
6月交換券(2024) X 1
`*カルデア・サマーアドベンチャー！ アンケート復刻版 開幕記念 ログインボーナス*
*開催期間中、1日1回 最大21回 ログインボーナスをプレゼント！*
`白銀の果実 X 1
`_2024-05-31 19:35:56_
--------
