【登录信息】
*c4ae8cdfc66973e53c8a1970545a3e2b*
`登陆天数: 269天 / 1647天
等级: 143
石头: 1193
呼符: 5
体力: 111.31666666666666 / 141
友情点: 475 / 3146750`
*連続ログイン3日目
※ログインが途切れるか、7日到達すると
1日目から再開されます*
`叡智の業火 X 1
6月交換券(2024) X 1
`*カルデア・サマーアドベンチャー！ アンケート復刻版 開幕記念 ログインボーナス*
*開催期間中、1日1回 最大21回 ログインボーナスをプレゼント！*
`白銀の果実 X 1
`_2024-06-01 19:35:53_
--------
*7f4f754f260fe60c4393be1e8f740163*
`登陆天数: 269天 / 1644天
等级: 142
石头: 1087
呼符: 5
体力: 110.23 / 140
友情点: 0 / 2885280`
*連続ログイン3日目
※ログインが途切れるか、7日到達すると
1日目から再開されます*
`叡智の業火 X 1
6月交換券(2024) X 1
`*カルデア・サマーアドベンチャー！ アンケート復刻版 開幕記念 ログインボーナス*
*開催期間中、1日1回 最大21回 ログインボーナスをプレゼント！*
`白銀の果実 X 1
`_2024-06-01 19:36:01_
--------
*c4ae8cdfc66973e53c8a1970545a3e2b*
`登陆天数: 269天 / 1516天
等级: 142
石头: 900
呼符: 6
体力: 108.23333333333333 / 140
友情点: 0 / 15717845`
*連続ログイン3日目
※ログインが途切れるか、7日到達すると
1日目から再開されます*
`叡智の業火 X 1
6月交換券(2024) X 1
`*カルデア・サマーアドベンチャー！ アンケート復刻版 開幕記念 ログインボーナス*
*開催期間中、1日1回 最大21回 ログインボーナスをプレゼント！*
`白銀の果実 X 1
`_2024-06-01 19:36:10_
--------
*95433763b3466b0dae7f217d4c6c91be*
`登陆天数: 57天 / 1389天
等级: 139
石头: 557
呼符: 5
体力: 108.37333333333333 / 140
友情点: 0 / 1409420`
*連続ログイン1日目
※ログインが途切れるか、7日到達すると
1日目から再開されます*
`フレンドポイント X 2000
6月交換券(2024) X 1
`*カルデア・サマーアドベンチャー！ アンケート復刻版 開幕記念 ログインボーナス*
*開催期間中、1日1回 最大21回 ログインボーナスをプレゼント！*
`白銀の果実 X 1
`_2024-06-01 19:36:18_
--------
