【登录信息】
*c4ae8cdfc66973e53c8a1970545a3e2b*
`登陆天数: 270天 / 1648天
等级: 143
石头: 1194
呼符: 5
体力: 101.07 / 141
友情点: 185 / 3149170`
*連続ログイン4日目
※ログインが途切れるか、7日到達すると
1日目から再開されます*
`聖晶石 X 1
6月交換券(2024) X 1
`*カルデア・サマーアドベンチャー！ アンケート復刻版 開幕記念 ログインボーナス*
*開催期間中、1日1回 最大21回 ログインボーナスをプレゼント！*
`白銀の果実 X 1
`_2024-06-02 19:35:12_
--------
*7f4f754f260fe60c4393be1e8f740163*
`登陆天数: 270天 / 1645天
等级: 142
石头: 1088
呼符: 5
体力: 100.72999999999999 / 140
友情点: 0 / 2885655`
*連続ログイン4日目
※ログインが途切れるか、7日到達すると
1日目から再開されます*
`聖晶石 X 1
6月交換券(2024) X 1
`*カルデア・サマーアドベンチャー！ アンケート復刻版 開幕記念 ログインボーナス*
*開催期間中、1日1回 最大21回 ログインボーナスをプレゼント！*
`白銀の果実 X 1
`_2024-06-02 19:35:20_
--------
*c4ae8cdfc66973e53c8a1970545a3e2b*
`登陆天数: 270天 / 1517天
等级: 142
石头: 902
呼符: 6
体力: 99.63333333333333 / 140
友情点: 0 / 15718145`
*連続ログイン4日目
※ログインが途切れるか、7日到達すると
1日目から再開されます*
`聖晶石 X 1
6月交換券(2024) X 1
`*カルデア・サマーアドベンチャー！ アンケート復刻版 開幕記念 ログインボーナス*
*開催期間中、1日1回 最大21回 ログインボーナスをプレゼント！*
`白銀の果実 X 1
`_2024-06-02 19:35:29_
--------
*95433763b3466b0dae7f217d4c6c91be*
`登陆天数: 58天 / 1390天
等级: 139
石头: 558
呼符: 5
体力: 99.11333333333334 / 140
友情点: 0 / 1409745`
*連続ログイン2日目
※ログインが途切れるか、7日到達すると
1日目から再開されます*
`聖晶石 X 1
6月交換券(2024) X 1
`*カルデア・サマーアドベンチャー！ アンケート復刻版 開幕記念 ログインボーナス*
*開催期間中、1日1回 最大21回 ログインボーナスをプレゼント！*
`白銀の果実 X 1
`_2024-06-02 19:35:38_
--------
