【登录信息】
*c4ae8cdfc66973e53c8a1970545a3e2b*
`登陆天数: 271天 / 1649天
等级: 143
石头: 1196
呼符: 5
体力: 94.30333333333334 / 141
友情点: 0 / 3149495`
*連続ログイン5日目
※ログインが途切れるか、7日到達すると
1日目から再開されます*
`叡智の業火 X 2
6月交換券(2024) X 1
`*カルデア・サマーアドベンチャー！ アンケート復刻版 開幕記念 ログインボーナス*
*開催期間中、1日1回 最大21回 ログインボーナスをプレゼント！*
`白銀の果実 X 1
`_2024-06-03 19:36:28_
--------
*7f4f754f260fe60c4393be1e8f740163*
`登陆天数: 271天 / 1646天
等级: 142
石头: 1090
呼符: 5
体力: 93.28333333333333 / 140
友情点: 0 / 2885880`
*連続ログイン5日目
※ログインが途切れるか、7日到達すると
1日目から再開されます*
`叡智の業火 X 2
6月交換券(2024) X 1
`*カルデア・サマーアドベンチャー！ アンケート復刻版 開幕記念 ログインボーナス*
*開催期間中、1日1回 最大21回 ログインボーナスをプレゼント！*
`白銀の果実 X 1
`_2024-06-03 19:36:36_
--------
*c4ae8cdfc66973e53c8a1970545a3e2b*
`登陆天数: 271天 / 1518天
等级: 142
石头: 902
呼符: 6
体力: 92.2 / 140
友情点: 0 / 15718220`
*連続ログイン5日目
※ログインが途切れるか、7日到達すると
1日目から再開されます*
`叡智の業火 X 2
6月交換券(2024) X 1
`*カルデア・サマーアドベンチャー！ アンケート復刻版 開幕記念 ログインボーナス*
*開催期間中、1日1回 最大21回 ログインボーナスをプレゼント！*
`白銀の果実 X 1
`_2024-06-03 19:36:45_
--------
*95433763b3466b0dae7f217d4c6c91be*
`登陆天数: 59天 / 1391天
等级: 139
石头: 560
呼符: 5
体力: 92.22999999999999 / 140
友情点: 0 / 1409820`
*連続ログイン3日目
※ログインが途切れるか、7日到達すると
1日目から再開されます*
`叡智の業火 X 1
6月交換券(2024) X 1
`*カルデア・サマーアドベンチャー！ アンケート復刻版 開幕記念 ログインボーナス*
*開催期間中、1日1回 最大21回 ログインボーナスをプレゼント！*
`白銀の果実 X 1
`_2024-06-03 19:36:53_
--------
