【登录信息】
*c4ae8cdfc66973e53c8a1970545a3e2b*
`登陆天数: 272天 / 1650天
等级: 143
石头: 1198
呼符: 5
体力: 86.94 / 141
友情点: 0 / 3150220`
*連続ログイン6日目
※ログインが途切れるか、7日到達すると
1日目から再開されます*
`聖晶石 X 2
6月交換券(2024) X 1
`*カルデア・サマーアドベンチャー！ アンケート復刻版 開幕記念 ログインボーナス*
*開催期間中、1日1回 最大21回 ログインボーナスをプレゼント！*
`白銀の果実 X 1
`_2024-06-04 19:35:29_
--------
*7f4f754f260fe60c4393be1e8f740163*
`登陆天数: 272天 / 1647天
等级: 142
石头: 1092
呼符: 5
体力: 82.75 / 140
友情点: 0 / 2886130`
*連続ログイン6日目
※ログインが途切れるか、7日到達すると
1日目から再開されます*
`聖晶石 X 2
6月交換券(2024) X 1
`*カルデア・サマーアドベンチャー！ アンケート復刻版 開幕記念 ログインボーナス*
*開催期間中、1日1回 最大21回 ログインボーナスをプレゼント！*
`白銀の果実 X 1
`_2024-06-04 19:35:38_
--------
*c4ae8cdfc66973e53c8a1970545a3e2b*
`登陆天数: 272天 / 1519天
等级: 142
石头: 902
呼符: 6
体力: 82.78 / 140
友情点: 0 / 15718370`
*連続ログイン6日目
※ログインが途切れるか、7日到達すると
1日目から再開されます*
`聖晶石 X 2
6月交換券(2024) X 1
`*カルデア・サマーアドベンチャー！ アンケート復刻版 開幕記念 ログインボーナス*
*開催期間中、1日1回 最大21回 ログインボーナスをプレゼント！*
`白銀の果実 X 1
`_2024-06-04 19:35:46_
--------
*95433763b3466b0dae7f217d4c6c91be*
`登陆天数: 60天 / 1392天
等级: 139
石头: 562
呼符: 5
体力: 237.70999999999998 / 140
友情点: 0 / 1409895`
*連続ログイン4日目
※ログインが途切れるか、7日到達すると
1日目から再開されます*
`聖晶石 X 1
6月交換券(2024) X 1
`*カルデア・サマーアドベンチャー！ アンケート復刻版 開幕記念 ログインボーナス*
*開催期間中、1日1回 最大21回 ログインボーナスをプレゼント！*
`白銀の果実 X 1
`_2024-06-04 19:35:54_
--------
