【登录信息】
*c4ae8cdfc66973e53c8a1970545a3e2b*
`登陆天数: 273天 / 1651天
等级: 143
石头: 1198
呼符: 5
体力: 135.01 / 141
友情点: 100 / 3150535`
*連続ログイン7日間到達おめでとうございます！
明日は1日目からリスタートされます。*
`獣の足跡 X 1
呼符 X 1
6月交換券(2024) X 1
`*カルデア・サマーアドベンチャー！ アンケート復刻版 開幕記念 ログインボーナス*
*開催期間中、1日1回 最大21回 ログインボーナスをプレゼント！*
`白銀の果実 X 1
`_2024-06-05 19:35:46_
--------
*7f4f754f260fe60c4393be1e8f740163*
`登陆天数: 273天 / 1648天
等级: 143
石头: 1092
呼符: 5
体力: 113.48666666666666 / 141
友情点: 0 / 2886440`
*連続ログイン7日間到達おめでとうございます！
明日は1日目からリスタートされます。*
`獣の足跡 X 1
呼符 X 1
6月交換券(2024) X 1
`*カルデア・サマーアドベンチャー！ アンケート復刻版 開幕記念 ログインボーナス*
*開催期間中、1日1回 最大21回 ログインボーナスをプレゼント！*
`白銀の果実 X 1
`_2024-06-05 19:35:55_
--------
*c4ae8cdfc66973e53c8a1970545a3e2b*
`登陆天数: 273天 / 1520天
等级: 142
石头: 902
呼符: 6
体力: 90.35333333333332 / 140
友情点: 0 / 15718590`
*連続ログイン7日間到達おめでとうございます！
明日は1日目からリスタートされます。*
`獣の足跡 X 1
呼符 X 1
6月交換券(2024) X 1
`*カルデア・サマーアドベンチャー！ アンケート復刻版 開幕記念 ログインボーナス*
*開催期間中、1日1回 最大21回 ログインボーナスをプレゼント！*
`白銀の果実 X 1
`_2024-06-05 19:36:03_
--------
*95433763b3466b0dae7f217d4c6c91be*
`登陆天数: 61天 / 1393天
等级: 139
石头: 562
呼符: 5
体力: 90.49333333333334 / 140
友情点: 0 / 1410130`
*連続ログイン5日目
※ログインが途切れるか、7日到達すると
1日目から再開されます*
`叡智の業火 X 2
6月交換券(2024) X 1
`*カルデア・サマーアドベンチャー！ アンケート復刻版 開幕記念 ログインボーナス*
*開催期間中、1日1回 最大21回 ログインボーナスをプレゼント！*
`白銀の果実 X 1
`_2024-06-05 19:36:12_
--------
