【登录信息】
*c4ae8cdfc66973e53c8a1970545a3e2b*
`登陆天数: 274天 / 1652天
等级: 143
石头: 1198
呼符: 5
体力: 113.15 / 141
友情点: 175 / 3151075`
*連続ログイン1日目
※ログインが途切れるか、7日到達すると
1日目から再開されます*
`フレンドポイント X 2000
6月交換券(2024) X 1
`_2024-06-06 19:36:38_
--------
*7f4f754f260fe60c4393be1e8f740163*
`登陆天数: 274天 / 1649天
等级: 143
石头: 1092
呼符: 5
体力: 113.18 / 141
友情点: 10 / 2886585`
*連続ログイン1日目
※ログインが途切れるか、7日到達すると
1日目から再開されます*
`フレンドポイント X 2000
6月交換券(2024) X 1
`_2024-06-06 19:36:46_
--------
*c4ae8cdfc66973e53c8a1970545a3e2b*
`登陆天数: 274天 / 1521天
等级: 142
石头: 902
呼符: 6
体力: 102.59666666666666 / 140
友情点: 0 / 15718740`
*連続ログイン1日目
※ログインが途切れるか、7日到達すると
1日目から再開されます*
`フレンドポイント X 2000
6月交換券(2024) X 1
`_2024-06-06 19:36:54_
--------
*95433763b3466b0dae7f217d4c6c91be*
`登陆天数: 62天 / 1394天
等级: 139
石头: 562
呼符: 5
体力: 102.55666666666667 / 140
友情点: 0 / 1410280`
*連続ログイン6日目
※ログインが途切れるか、7日到達すると
1日目から再開されます*
`聖晶石 X 2
6月交換券(2024) X 1
`_2024-06-06 19:37:03_
--------
