【登录信息】
*c4ae8cdfc66973e53c8a1970545a3e2b*
`登陆天数: 275天 / 1653天
等级: 143
石头: 1200
呼符: 5
体力: 116.23666666666666 / 141
友情点: 25 / 3151840`
*連続ログイン2日目
※ログインが途切れるか、7日到達すると
1日目から再開されます*
`聖晶石 X 1
6月交換券(2024) X 1
`*螺旋証明世界 リリムハーロット ～喝采なき薔薇～ アンケート復刻版
開幕記念 ログインボーナス*
*開催期間中、1日1回 最大21回 ログインボーナスをプレゼント！*
`白銀の果実 X 1
`_2024-06-07 19:35:14_
--------
*7f4f754f260fe60c4393be1e8f740163*
`登陆天数: 275天 / 1650天
等级: 143
石头: 1095
呼符: 5
体力: 116.18333333333334 / 141
友情点: 0 / 2887280`
*連続ログイン2日目
※ログインが途切れるか、7日到達すると
1日目から再開されます*
`聖晶石 X 1
6月交換券(2024) X 1
`*螺旋証明世界 リリムハーロット ～喝采なき薔薇～ アンケート復刻版
開幕記念 ログインボーナス*
*開催期間中、1日1回 最大21回 ログインボーナスをプレゼント！*
`白銀の果実 X 1
`_2024-06-07 19:35:22_
--------
*c4ae8cdfc66973e53c8a1970545a3e2b*
`登陆天数: 275天 / 1522天
等级: 142
石头: 700
呼符: 0
体力: 233.76999999999998 / 140
友情点: 0 / 15718815`
*連続ログイン2日目
※ログインが途切れるか、7日到達すると
1日目から再開されます*
`聖晶石 X 1
6月交換券(2024) X 1
`*螺旋証明世界 リリムハーロット ～喝采なき薔薇～ アンケート復刻版
開幕記念 ログインボーナス*
*開催期間中、1日1回 最大21回 ログインボーナスをプレゼント！*
`白銀の果実 X 1
`_2024-06-07 19:35:31_
--------
*95433763b3466b0dae7f217d4c6c91be*
`登陆天数: 63天 / 1395天
等级: 139
石头: 562
呼符: 5
体力: 233.66333333333333 / 140
友情点: 0 / 1410355`
*連続ログイン7日間到達おめでとうございます！
明日は1日目からリスタートされます。*
`獣の足跡 X 1
呼符 X 1
6月交換券(2024) X 1
`*螺旋証明世界 リリムハーロット ～喝采なき薔薇～ アンケート復刻版
開幕記念 ログインボーナス*
*開催期間中、1日1回 最大21回 ログインボーナスをプレゼント！*
`黄金の果実 X 1
`_2024-06-07 19:35:41_
--------
