【登录信息】
*c4ae8cdfc66973e53c8a1970545a3e2b*
`登陆天数: 276天 / 1654天
等级: 143
石头: 1200
呼符: 5
体力: 404.18333333333334 / 141
友情点: 0 / 3151840`
*連続ログイン3日目
※ログインが途切れるか、7日到達すると
1日目から再開されます*
`叡智の業火 X 1
6月交換券(2024) X 1
`*螺旋証明世界 リリムハーロット ～喝采なき薔薇～ アンケート復刻版
開幕記念 ログインボーナス*
*開催期間中、1日1回 最大21回 ログインボーナスをプレゼント！*
`白銀の果実 X 1
`_2024-06-08 19:34:58_
--------
*7f4f754f260fe60c4393be1e8f740163*
`登陆天数: 276天 / 1651天
等级: 143
石头: 1095
呼符: 5
体力: 404.13 / 141
友情点: 0 / 2887280`
*連続ログイン3日目
※ログインが途切れるか、7日到達すると
1日目から再開されます*
`叡智の業火 X 1
6月交換券(2024) X 1
`*螺旋証明世界 リリムハーロット ～喝采なき薔薇～ アンケート復刻版
開幕記念 ログインボーナス*
*開催期間中、1日1回 最大21回 ログインボーナスをプレゼント！*
`白銀の果実 X 1
`_2024-06-08 19:35:06_
--------
*c4ae8cdfc66973e53c8a1970545a3e2b*
`登陆天数: 276天 / 1523天
等级: 142
石头: 700
呼符: 0
体力: 521.7133333333334 / 140
友情点: 0 / 15718815`
*連続ログイン3日目
※ログインが途切れるか、7日到達すると
1日目から再開されます*
`叡智の業火 X 1
6月交換券(2024) X 1
`*螺旋証明世界 リリムハーロット ～喝采なき薔薇～ アンケート復刻版
開幕記念 ログインボーナス*
*開催期間中、1日1回 最大21回 ログインボーナスをプレゼント！*
`白銀の果実 X 1
`_2024-06-08 19:35:15_
--------
*95433763b3466b0dae7f217d4c6c91be*
`登陆天数: 64天 / 1396天
等级: 139
石头: 562
呼符: 5
体力: 521.6066666666667 / 140
友情点: 0 / 1410355`
*連続ログイン1日目
※ログインが途切れるか、7日到達すると
1日目から再開されます*
`フレンドポイント X 2000
6月交換券(2024) X 1
`*螺旋証明世界 リリムハーロット ～喝采なき薔薇～ アンケート復刻版
開幕記念 ログインボーナス*
*開催期間中、1日1回 最大21回 ログインボーナスをプレゼント！*
`白銀の果実 X 1
`_2024-06-08 19:35:23_
--------
