【登录信息】
*c4ae8cdfc66973e53c8a1970545a3e2b*
`登陆天数: 279天 / 1657天
等级: 143
石头: 1201
呼符: 5
体力: 761.5266666666666 / 141
友情点: 0 / 3151885`
*連続ログイン6日目
※ログインが途切れるか、7日到達すると
1日目から再開されます*
`聖晶石 X 2
6月交換券(2024) X 1
`*螺旋証明世界 リリムハーロット ～喝采なき薔薇～ アンケート復刻版
開幕記念 ログインボーナス*
*開催期間中、1日1回 最大21回 ログインボーナスをプレゼント！*
`白銀の果実 X 1
`_2024-06-11 19:36:09_
--------
*7f4f754f260fe60c4393be1e8f740163*
`登陆天数: 279天 / 1654天
等级: 143
石头: 1095
呼符: 5
体力: 761.5633333333334 / 141
友情点: 0 / 2887380`
*連続ログイン6日目
※ログインが途切れるか、7日到達すると
1日目から再開されます*
`聖晶石 X 2
6月交換券(2024) X 1
`*螺旋証明世界 リリムハーロット ～喝采なき薔薇～ アンケート復刻版
開幕記念 ログインボーナス*
*開催期間中、1日1回 最大21回 ログインボーナスをプレゼント！*
`白銀の果実 X 1
`_2024-06-11 19:36:18_
--------
*c4ae8cdfc66973e53c8a1970545a3e2b*
`登陆天数: 279天 / 1526天
等级: 142
石头: 700
呼符: 0
体力: 1385.95 / 140
友情点: 0 / 15718815`
*連続ログイン6日目
※ログインが途切れるか、7日到達すると
1日目から再開されます*
`聖晶石 X 2
6月交換券(2024) X 1
`*螺旋証明世界 リリムハーロット ～喝采なき薔薇～ アンケート復刻版
開幕記念 ログインボーナス*
*開催期間中、1日1回 最大21回 ログインボーナスをプレゼント！*
`白銀の果実 X 1
`_2024-06-11 19:36:26_
--------
*95433763b3466b0dae7f217d4c6c91be*
`登陆天数: 67天 / 1399天
等级: 139
石头: 562
呼符: 5
体力: 1385.8433333333332 / 140
友情点: 0 / 1410355`
*連続ログイン4日目
※ログインが途切れるか、7日到達すると
1日目から再開されます*
`聖晶石 X 1
6月交換券(2024) X 1
`*螺旋証明世界 リリムハーロット ～喝采なき薔薇～ アンケート復刻版
開幕記念 ログインボーナス*
*開催期間中、1日1回 最大21回 ログインボーナスをプレゼント！*
`白銀の果実 X 1
`_2024-06-11 19:36:35_
--------
