【登录信息】
*c4ae8cdfc66973e53c8a1970545a3e2b*
`登陆天数: 284天 / 1662天
等级: 143
石头: 1230
呼符: 6
体力: 157.52666666666667 / 141
友情点: 0 / 3165560`
*連続ログイン4日目
※ログインが途切れるか、7日到達すると
1日目から再開されます*
`聖晶石 X 1
6月交換券(2024) X 1
`*螺旋証明世界 リリムハーロット ～喝采なき薔薇～ アンケート復刻版
開幕記念 ログインボーナス*
*開催期間中、1日1回 最大21回 ログインボーナスをプレゼント！*
`白銀の果実 X 1
`_2024-06-16 19:34:55_
--------
*7f4f754f260fe60c4393be1e8f740163*
`登陆天数: 284天 / 1659天
等级: 143
石头: 1115
呼符: 6
体力: 176.56666666666666 / 141
友情点: 0 / 2900830`
*連続ログイン4日目
※ログインが途切れるか、7日到達すると
1日目から再開されます*
`聖晶石 X 1
6月交換券(2024) X 1
`*螺旋証明世界 リリムハーロット ～喝采なき薔薇～ アンケート復刻版
開幕記念 ログインボーナス*
*開催期間中、1日1回 最大21回 ログインボーナスをプレゼント！*
`白銀の果実 X 1
`_2024-06-16 19:35:04_
--------
*c4ae8cdfc66973e53c8a1970545a3e2b*
`登陆天数: 284天 / 1531天
等级: 142
石头: 684
呼符: 0
体力: 196.14333333333332 / 140
友情点: 0 / 15733190`
*連続ログイン4日目
※ログインが途切れるか、7日到達すると
1日目から再開されます*
`聖晶石 X 1
6月交換券(2024) X 1
`*螺旋証明世界 リリムハーロット ～喝采なき薔薇～ アンケート復刻版
開幕記念 ログインボーナス*
*開催期間中、1日1回 最大21回 ログインボーナスをプレゼント！*
`白銀の果実 X 1
`_2024-06-16 19:35:13_
--------
*95433763b3466b0dae7f217d4c6c91be*
`登陆天数: 72天 / 1404天
等级: 139
石头: 552
呼符: 0
体力: 187.66 / 140
友情点: 0 / 1424855`
*連続ログイン2日目
※ログインが途切れるか、7日到達すると
1日目から再開されます*
`聖晶石 X 1
6月交換券(2024) X 1
`*螺旋証明世界 リリムハーロット ～喝采なき薔薇～ アンケート復刻版
開幕記念 ログインボーナス*
*開催期間中、1日1回 最大21回 ログインボーナスをプレゼント！*
`白銀の果実 X 1
`_2024-06-16 19:35:22_
--------
