【登录信息】
*c4ae8cdfc66973e53c8a1970545a3e2b*
`登陆天数: 285天 / 1663天
等级: 143
石头: 1230
呼符: 6
体力: 189.93 / 141
友情点: 25 / 3165660`
*連続ログイン5日目
※ログインが途切れるか、7日到達すると
1日目から再開されます*
`叡智の業火 X 2
6月交換券(2024) X 1
`*螺旋証明世界 リリムハーロット ～喝采なき薔薇～ アンケート復刻版
開幕記念 ログインボーナス*
*開催期間中、1日1回 最大21回 ログインボーナスをプレゼント！*
`白銀の果実 X 1
`_2024-06-17 19:36:24_
--------
*7f4f754f260fe60c4393be1e8f740163*
`登陆天数: 285天 / 1660天
等级: 143
石头: 1124
呼符: 6
体力: 190.19333333333333 / 141
友情点: 0 / 2900905`
*連続ログイン5日目
※ログインが途切れるか、7日到達すると
1日目から再開されます*
`叡智の業火 X 2
6月交換券(2024) X 1
`*螺旋証明世界 リリムハーロット ～喝采なき薔薇～ アンケート復刻版
開幕記念 ログインボーナス*
*開催期間中、1日1回 最大21回 ログインボーナスをプレゼント！*
`白銀の果実 X 1
`_2024-06-17 19:36:33_
--------
*c4ae8cdfc66973e53c8a1970545a3e2b*
`登陆天数: 285天 / 1532天
等级: 142
石头: 684
呼符: 0
体力: 187.29666666666668 / 140
友情点: 0 / 15733615`
*連続ログイン5日目
※ログインが途切れるか、7日到達すると
1日目から再開されます*
`叡智の業火 X 2
6月交換券(2024) X 1
`*螺旋証明世界 リリムハーロット ～喝采なき薔薇～ アンケート復刻版
開幕記念 ログインボーナス*
*開催期間中、1日1回 最大21回 ログインボーナスをプレゼント！*
`白銀の果実 X 1
`_2024-06-17 19:36:42_
--------
*95433763b3466b0dae7f217d4c6c91be*
`登陆天数: 73天 / 1405天
等级: 139
石头: 552
呼符: 0
体力: 187.43 / 140
友情点: 10 / 1425125`
*連続ログイン3日目
※ログインが途切れるか、7日到達すると
1日目から再開されます*
`叡智の業火 X 1
6月交換券(2024) X 1
`*螺旋証明世界 リリムハーロット ～喝采なき薔薇～ アンケート復刻版
開幕記念 ログインボーナス*
*開催期間中、1日1回 最大21回 ログインボーナスをプレゼント！*
`白銀の果実 X 1
`_2024-06-17 19:36:52_
--------
