【登录信息】
*c4ae8cdfc66973e53c8a1970545a3e2b*
`登陆天数: 286天 / 1664天
等级: 143
石头: 1230
呼符: 6
体力: 196.89666666666668 / 141
友情点: 50 / 3166035`
*連続ログイン6日目
※ログインが途切れるか、7日到達すると
1日目から再開されます*
`聖晶石 X 2
6月交換券(2024) X 1
`*螺旋証明世界 リリムハーロット ～喝采なき薔薇～ アンケート復刻版
開幕記念 ログインボーナス*
*開催期間中、1日1回 最大21回 ログインボーナスをプレゼント！*
`白銀の果実 X 1
`_2024-06-18 19:37:12_
--------
*7f4f754f260fe60c4393be1e8f740163*
`登陆天数: 286天 / 1661天
等级: 143
石头: 1124
呼符: 6
体力: 196.92666666666668 / 141
友情点: 50 / 2901030`
*連続ログイン6日目
※ログインが途切れるか、7日到達すると
1日目から再開されます*
`聖晶石 X 2
6月交換券(2024) X 1
`*螺旋証明世界 リリムハーロット ～喝采なき薔薇～ アンケート復刻版
開幕記念 ログインボーナス*
*開催期間中、1日1回 最大21回 ログインボーナスをプレゼント！*
`白銀の果実 X 1
`_2024-06-18 19:37:21_
--------
*c4ae8cdfc66973e53c8a1970545a3e2b*
`登陆天数: 286天 / 1533天
等级: 142
石头: 684
呼符: 0
体力: 194.53 / 140
友情点: 0 / 15734065`
*連続ログイン6日目
※ログインが途切れるか、7日到達すると
1日目から再開されます*
`聖晶石 X 2
6月交換券(2024) X 1
`*螺旋証明世界 リリムハーロット ～喝采なき薔薇～ アンケート復刻版
開幕記念 ログインボーナス*
*開催期間中、1日1回 最大21回 ログインボーナスをプレゼント！*
`白銀の果実 X 1
`_2024-06-18 19:37:30_
--------
*95433763b3466b0dae7f217d4c6c91be*
`登陆天数: 74天 / 1406天
等级: 139
石头: 552
呼符: 0
体力: 194.56333333333333 / 140
友情点: 85 / 1425660`
*連続ログイン4日目
※ログインが途切れるか、7日到達すると
1日目から再開されます*
`聖晶石 X 1
6月交換券(2024) X 1
`*螺旋証明世界 リリムハーロット ～喝采なき薔薇～ アンケート復刻版
開幕記念 ログインボーナス*
*開催期間中、1日1回 最大21回 ログインボーナスをプレゼント！*
`白銀の果実 X 1
`_2024-06-18 19:37:39_
--------
