【登录信息】
*c4ae8cdfc66973e53c8a1970545a3e2b*
`登陆天数: 287天 / 1665天
等级: 143
石头: 1230
呼符: 6
体力: 484.5366666666667 / 141
友情点: 25 / 3166060`
*連続ログイン7日間到達おめでとうございます！
明日は1日目からリスタートされます。*
`獣の足跡 X 1
呼符 X 1
6月交換券(2024) X 1
`*「踊るドラゴン・キャッスル！ ～深海の姫君とふたつの宝玉～」
開幕直前特別ログインボーナス*
*開催期間中、1日1回 最大7回 ログインボーナスをプレゼント！*
`聖晶石 X 1
`_2024-06-19 19:35:23_
--------
*7f4f754f260fe60c4393be1e8f740163*
`登陆天数: 287天 / 1662天
等级: 143
石头: 1124
呼符: 6
体力: 484.56333333333333 / 141
友情点: 0 / 2901030`
*連続ログイン7日間到達おめでとうございます！
明日は1日目からリスタートされます。*
`獣の足跡 X 1
呼符 X 1
6月交換券(2024) X 1
`*「踊るドラゴン・キャッスル！ ～深海の姫君とふたつの宝玉～」
開幕直前特別ログインボーナス*
*開催期間中、1日1回 最大7回 ログインボーナスをプレゼント！*
`聖晶石 X 1
`_2024-06-19 19:35:32_
--------
*c4ae8cdfc66973e53c8a1970545a3e2b*
`登陆天数: 287天 / 1534天
等级: 142
石头: 684
呼符: 0
体力: 482.16333333333336 / 140
友情点: 0 / 15734065`
*連続ログイン7日間到達おめでとうございます！
明日は1日目からリスタートされます。*
`獣の足跡 X 1
呼符 X 1
6月交換券(2024) X 1
`*「踊るドラゴン・キャッスル！ ～深海の姫君とふたつの宝玉～」
開幕直前特別ログインボーナス*
*開催期間中、1日1回 最大7回 ログインボーナスをプレゼント！*
`聖晶石 X 1
`_2024-06-19 19:35:41_
--------
*95433763b3466b0dae7f217d4c6c91be*
`登陆天数: 75天 / 1407天
等级: 139
石头: 552
呼符: 0
体力: 482.2 / 140
友情点: 0 / 1425660`
*連続ログイン5日目
※ログインが途切れるか、7日到達すると
1日目から再開されます*
`叡智の業火 X 2
6月交換券(2024) X 1
`*「踊るドラゴン・キャッスル！ ～深海の姫君とふたつの宝玉～」
開幕直前特別ログインボーナス*
*開催期間中、1日1回 最大7回 ログインボーナスをプレゼント！*
`聖晶石 X 1
`_2024-06-19 19:35:50_
--------
