【登录信息】
*c4ae8cdfc66973e53c8a1970545a3e2b*
`登陆天数: 289天 / 1667天
等级: 143
石头: 1230
呼符: 6
体力: 1060.6 / 141
友情点: 20 / 3166080`
*連続ログイン2日目
※ログインが途切れるか、7日到達すると
1日目から再開されます*
`聖晶石 X 1
6月交換券(2024) X 1
`*幕間の物語キャンペーン 第20弾 特別ログインボーナス*
*開催期間中、1日1回 最大5回 特別ログインボーナスをプレゼント！*
`呼符 X 1
`_2024-06-21 19:35:43_
--------
*7f4f754f260fe60c4393be1e8f740163*
`登陆天数: 289天 / 1664天
等级: 143
石头: 1124
呼符: 6
体力: 1060.6233333333334 / 141
友情点: 0 / 2901030`
*連続ログイン2日目
※ログインが途切れるか、7日到達すると
1日目から再開されます*
`聖晶石 X 1
6月交換券(2024) X 1
`*幕間の物語キャンペーン 第20弾 特別ログインボーナス*
*開催期間中、1日1回 最大5回 特別ログインボーナスをプレゼント！*
`呼符 X 1
`_2024-06-21 19:35:51_
--------
*c4ae8cdfc66973e53c8a1970545a3e2b*
`登陆天数: 289天 / 1536天
等级: 142
石头: 684
呼符: 0
体力: 1058.2266666666667 / 140
友情点: 50 / 15734115`
*連続ログイン2日目
※ログインが途切れるか、7日到達すると
1日目から再開されます*
`聖晶石 X 1
6月交換券(2024) X 1
`*幕間の物語キャンペーン 第20弾 特別ログインボーナス*
*開催期間中、1日1回 最大5回 特別ログインボーナスをプレゼント！*
`呼符 X 1
`_2024-06-21 19:36:00_
--------
*95433763b3466b0dae7f217d4c6c91be*
`登陆天数: 77天 / 1409天
等级: 139
石头: 552
呼符: 0
体力: 1058.2566666666667 / 140
友情点: 0 / 1425660`
*連続ログイン7日間到達おめでとうございます！
明日は1日目からリスタートされます。*
`獣の足跡 X 1
呼符 X 1
6月交換券(2024) X 1
`*幕間の物語キャンペーン 第20弾 特別ログインボーナス*
*開催期間中、1日1回 最大5回 特別ログインボーナスをプレゼント！*
`呼符 X 1
`_2024-06-21 19:36:08_
--------
