【登录信息】
*c4ae8cdfc66973e53c8a1970545a3e2b*
`登陆天数: 290天 / 1668天
等级: 143
石头: 1230
呼符: 6
体力: 1348.57 / 141
友情点: 20 / 3166100`
*連続ログイン3日目
※ログインが途切れるか、7日到達すると
1日目から再開されます*
`叡智の業火 X 1
6月交換券(2024) X 1
`*幕間の物語キャンペーン 第20弾 特別ログインボーナス*
*開催期間中、1日1回 最大5回 特別ログインボーナスをプレゼント！*
`叡智の業火 X 3
`_2024-06-22 19:35:33_
--------
*7f4f754f260fe60c4393be1e8f740163*
`登陆天数: 290天 / 1665天
等级: 143
石头: 1124
呼符: 6
体力: 1348.5966666666666 / 141
友情点: 0 / 2901030`
*連続ログイン3日目
※ログインが途切れるか、7日到達すると
1日目から再開されます*
`叡智の業火 X 1
6月交換券(2024) X 1
`*幕間の物語キャンペーン 第20弾 特別ログインボーナス*
*開催期間中、1日1回 最大5回 特別ログインボーナスをプレゼント！*
`叡智の業火 X 3
`_2024-06-22 19:35:42_
--------
*c4ae8cdfc66973e53c8a1970545a3e2b*
`登陆天数: 290天 / 1537天
等级: 142
石头: 684
呼符: 0
体力: 1346.2 / 140
友情点: 0 / 15734115`
*連続ログイン3日目
※ログインが途切れるか、7日到達すると
1日目から再開されます*
`叡智の業火 X 1
6月交換券(2024) X 1
`*幕間の物語キャンペーン 第20弾 特別ログインボーナス*
*開催期間中、1日1回 最大5回 特別ログインボーナスをプレゼント！*
`叡智の業火 X 3
`_2024-06-22 19:35:51_
--------
*95433763b3466b0dae7f217d4c6c91be*
`登陆天数: 78天 / 1410天
等级: 139
石头: 552
呼符: 0
体力: 1346.2333333333333 / 140
友情点: 0 / 1425660`
*連続ログイン1日目
※ログインが途切れるか、7日到達すると
1日目から再開されます*
`フレンドポイント X 2000
6月交換券(2024) X 1
`*幕間の物語キャンペーン 第20弾 特別ログインボーナス*
*開催期間中、1日1回 最大5回 特別ログインボーナスをプレゼント！*
`叡智の業火 X 3
`_2024-06-22 19:36:00_
--------
