【登录信息】
*c4ae8cdfc66973e53c8a1970545a3e2b*
`登陆天数: 291天 / 1669天
等级: 143
石头: 1235
呼符: 6
体力: 218.99333333333334 / 141
友情点: 0 / 3166350`
*連続ログイン4日目
※ログインが途切れるか、7日到達すると
1日目から再開されます*
`聖晶石 X 1
6月交換券(2024) X 1
`*幕間の物語キャンペーン 第20弾 特別ログインボーナス*
*開催期間中、1日1回 最大5回 特別ログインボーナスをプレゼント！*
`叡智の業火 X 3
`_2024-06-23 19:35:14_
--------
*7f4f754f260fe60c4393be1e8f740163*
`登陆天数: 291天 / 1666天
等级: 143
石头: 1129
呼符: 6
体力: 218.99 / 141
友情点: 0 / 2901105`
*連続ログイン4日目
※ログインが途切れるか、7日到達すると
1日目から再開されます*
`聖晶石 X 1
6月交換券(2024) X 1
`*幕間の物語キャンペーン 第20弾 特別ログインボーナス*
*開催期間中、1日1回 最大5回 特別ログインボーナスをプレゼント！*
`叡智の業火 X 3
`_2024-06-23 19:35:23_
--------
*c4ae8cdfc66973e53c8a1970545a3e2b*
`登陆天数: 291天 / 1538天
等级: 142
石头: 670
呼符: 1
体力: 215.75666666666666 / 140
友情点: 0 / 15734715`
*連続ログイン4日目
※ログインが途切れるか、7日到達すると
1日目から再開されます*
`聖晶石 X 1
6月交換券(2024) X 1
`*幕間の物語キャンペーン 第20弾 特別ログインボーナス*
*開催期間中、1日1回 最大5回 特別ログインボーナスをプレゼント！*
`叡智の業火 X 3
`_2024-06-23 19:35:31_
--------
*95433763b3466b0dae7f217d4c6c91be*
`登陆天数: 79天 / 1411天
等级: 139
石头: 557
呼符: 0
体力: 215.78666666666666 / 140
友情点: 0 / 1426260`
*連続ログイン2日目
※ログインが途切れるか、7日到達すると
1日目から再開されます*
`聖晶石 X 1
6月交換券(2024) X 1
`*幕間の物語キャンペーン 第20弾 特別ログインボーナス*
*開催期間中、1日1回 最大5回 特別ログインボーナスをプレゼント！*
`叡智の業火 X 3
`_2024-06-23 19:35:40_
--------
