【登录信息】
*c4ae8cdfc66973e53c8a1970545a3e2b*
`登陆天数: 292天 / 1670天
等级: 143
石头: 1235
呼符: 6
体力: 77.72999999999999 / 141
友情点: 50 / 3167850`
*連続ログイン5日目
※ログインが途切れるか、7日到達すると
1日目から再開されます*
`叡智の業火 X 2
6月交換券(2024) X 1
`*幕間の物語キャンペーン 第20弾 特別ログインボーナス*
*開催期間中、1日1回 最大5回 特別ログインボーナスをプレゼント！*
`呼符 X 1
`_2024-06-24 19:35:18_
--------
*7f4f754f260fe60c4393be1e8f740163*
`登陆天数: 292天 / 1667天
等级: 143
石头: 1129
呼符: 6
体力: 77.82666666666667 / 141
友情点: 0 / 2902530`
*連続ログイン5日目
※ログインが途切れるか、7日到達すると
1日目から再開されます*
`叡智の業火 X 2
6月交換券(2024) X 1
`*幕間の物語キャンペーン 第20弾 特別ログインボーナス*
*開催期間中、1日1回 最大5回 特別ログインボーナスをプレゼント！*
`呼符 X 1
`_2024-06-24 19:35:27_
--------
*c4ae8cdfc66973e53c8a1970545a3e2b*
`登陆天数: 292天 / 1539天
等级: 142
石头: 670
呼符: 1
体力: 74.20666666666666 / 140
友情点: 50 / 15735790`
*連続ログイン5日目
※ログインが途切れるか、7日到達すると
1日目から再開されます*
`叡智の業火 X 2
6月交換券(2024) X 1
`*幕間の物語キャンペーン 第20弾 特別ログインボーナス*
*開催期間中、1日1回 最大5回 特別ログインボーナスをプレゼント！*
`呼符 X 1
`_2024-06-24 19:35:36_
--------
*95433763b3466b0dae7f217d4c6c91be*
`登陆天数: 80天 / 1412天
等级: 139
石头: 557
呼符: 0
体力: 74.24333333333334 / 140
友情点: 0 / 1427735`
*連続ログイン3日目
※ログインが途切れるか、7日到達すると
1日目から再開されます*
`叡智の業火 X 1
6月交換券(2024) X 1
`*幕間の物語キャンペーン 第20弾 特別ログインボーナス*
*開催期間中、1日1回 最大5回 特別ログインボーナスをプレゼント！*
`呼符 X 1
`_2024-06-24 19:35:45_
--------
