【登录信息】
*c4ae8cdfc66973e53c8a1970545a3e2b*
`登陆天数: 293天 / 1671天
等级: 143
石头: 1235
呼符: 7
体力: 217.29666666666668 / 141
友情点: 0 / 3169835`
*連続ログイン6日目
※ログインが途切れるか、7日到達すると
1日目から再開されます*
`聖晶石 X 2
6月交換券(2024) X 1
`*「踊るドラゴン・キャッスル！ ～深海の姫君とふたつの宝玉～」
開幕直前特別ログインボーナス*
*開催期間中、1日1回 最大7回 ログインボーナスをプレゼント！*
`聖晶石 X 1
`_2024-06-25 19:35:13_
--------
*7f4f754f260fe60c4393be1e8f740163*
`登陆天数: 293天 / 1668天
等级: 143
石头: 1129
呼符: 7
体力: 222.00333333333333 / 141
友情点: 35 / 2904890`
*連続ログイン6日目
※ログインが途切れるか、7日到達すると
1日目から再開されます*
`聖晶石 X 2
6月交換券(2024) X 1
`*「踊るドラゴン・キャッスル！ ～深海の姫君とふたつの宝玉～」
開幕直前特別ログインボーナス*
*開催期間中、1日1回 最大7回 ログインボーナスをプレゼント！*
`聖晶石 X 1
`_2024-06-25 19:35:22_
--------
*c4ae8cdfc66973e53c8a1970545a3e2b*
`登陆天数: 293天 / 1540天
等级: 142
石头: 670
呼符: 2
体力: 216.14 / 140
友情点: 0 / 15738490`
*連続ログイン6日目
※ログインが途切れるか、7日到達すると
1日目から再開されます*
`聖晶石 X 2
6月交換券(2024) X 1
`*「踊るドラゴン・キャッスル！ ～深海の姫君とふたつの宝玉～」
開幕直前特別ログインボーナス*
*開催期間中、1日1回 最大7回 ログインボーナスをプレゼント！*
`聖晶石 X 1
`_2024-06-25 19:35:30_
--------
*95433763b3466b0dae7f217d4c6c91be*
`登陆天数: 81天 / 1413天
等级: 139
石头: 557
呼符: 10
体力: 237.23000000000002 / 140
友情点: 0 / 1430235`
*連続ログイン4日目
※ログインが途切れるか、7日到達すると
1日目から再開されます*
`聖晶石 X 1
6月交換券(2024) X 1
`*「踊るドラゴン・キャッスル！ ～深海の姫君とふたつの宝玉～」
開幕直前特別ログインボーナス*
*開催期間中、1日1回 最大7回 ログインボーナスをプレゼント！*
`聖晶石 X 1
`_2024-06-25 19:35:39_
--------
