【登录信息】
*c4ae8cdfc66973e53c8a1970545a3e2b*
`登陆天数: 294天 / 1672天
等级: 143
石头: 1235
呼符: 7
体力: 249.51 / 141
友情点: 175 / 3166215`
*連続ログイン7日間到達おめでとうございます！
明日は1日目からリスタートされます。*
`獣の足跡 X 1
呼符 X 1
6月交換券(2024) X 1
`*螺旋証明世界 リリムハーロット ～喝采なき薔薇～ アンケート復刻版
開幕記念 ログインボーナス*
*開催期間中、1日1回 最大21回 ログインボーナスをプレゼント！*
`白銀の果実 X 1
`_2024-06-26 19:35:58_
--------
*7f4f754f260fe60c4393be1e8f740163*
`登陆天数: 294天 / 1669天
等级: 143
石头: 1129
呼符: 7
体力: 309.2966666666666 / 141
友情点: 150 / 2901115`
*連続ログイン7日間到達おめでとうございます！
明日は1日目からリスタートされます。*
`獣の足跡 X 1
呼符 X 1
6月交換券(2024) X 1
`*螺旋証明世界 リリムハーロット ～喝采なき薔薇～ アンケート復刻版
開幕記念 ログインボーナス*
*開催期間中、1日1回 最大21回 ログインボーナスをプレゼント！*
`白銀の果実 X 1
`_2024-06-26 19:36:06_
--------
*c4ae8cdfc66973e53c8a1970545a3e2b*
`登陆天数: 294天 / 1541天
等级: 142
石头: 670
呼符: 2
体力: 504.29333333333335 / 140
友情点: 0 / 15738490`
*連続ログイン7日間到達おめでとうございます！
明日は1日目からリスタートされます。*
`獣の足跡 X 1
呼符 X 1
6月交換券(2024) X 1
`*螺旋証明世界 リリムハーロット ～喝采なき薔薇～ アンケート復刻版
開幕記念 ログインボーナス*
*開催期間中、1日1回 最大21回 ログインボーナスをプレゼント！*
`白銀の果実 X 1
`_2024-06-26 19:36:15_
--------
*95433763b3466b0dae7f217d4c6c91be*
`登陆天数: 82天 / 1414天
等级: 139
石头: 557
呼符: 10
体力: 525.3833333333333 / 140
友情点: 0 / 1430235`
*連続ログイン5日目
※ログインが途切れるか、7日到達すると
1日目から再開されます*
`叡智の業火 X 2
6月交換券(2024) X 1
`*螺旋証明世界 リリムハーロット ～喝采なき薔薇～ アンケート復刻版
開幕記念 ログインボーナス*
*開催期間中、1日1回 最大21回 ログインボーナスをプレゼント！*
`白銀の果実 X 1
`_2024-06-26 19:36:24_
--------
