【登录信息】
*c4ae8cdfc66973e53c8a1970545a3e2b*
`登陆天数: 295天 / 1673天
等级: 143
石头: 1237
呼符: 7
体力: 327.49333333333334 / 141
友情点: 0 / 3166440`
*連続ログイン1日目
※ログインが途切れるか、7日到達すると
1日目から再開されます*
`フレンドポイント X 2000
6月交換券(2024) X 1
`_2024-06-27 19:37:00_
--------
*7f4f754f260fe60c4393be1e8f740163*
`登陆天数: 295天 / 1670天
等级: 143
石头: 1129
呼符: 7
体力: 597.5033333333333 / 141
友情点: 0 / 2901115`
*連続ログイン1日目
※ログインが途切れるか、7日到達すると
1日目から再開されます*
`フレンドポイント X 2000
6月交換券(2024) X 1
`_2024-06-27 19:37:09_
--------
*c4ae8cdfc66973e53c8a1970545a3e2b*
`登陆天数: 295天 / 1542天
等级: 142
石头: 670
呼符: 2
体力: 792.4966666666667 / 140
友情点: 0 / 15738490`
*連続ログイン1日目
※ログインが途切れるか、7日到達すると
1日目から再開されます*
`フレンドポイント X 2000
6月交換券(2024) X 1
`_2024-06-27 19:37:17_
--------
*95433763b3466b0dae7f217d4c6c91be*
`登陆天数: 83天 / 1415天
等级: 139
石头: 557
呼符: 10
体力: 813.5866666666667 / 140
友情点: 0 / 1430235`
*連続ログイン6日目
※ログインが途切れるか、7日到達すると
1日目から再開されます*
`聖晶石 X 2
6月交換券(2024) X 1
`*螺旋証明世界 リリムハーロット ～喝采なき薔薇～ アンケート復刻版
開幕記念 ログインボーナス*
*開催期間中、1日1回 最大21回 ログインボーナスをプレゼント！*
`白銀の果実 X 1
`_2024-06-27 19:37:25_
--------
