【登录信息】
*c4ae8cdfc66973e53c8a1970545a3e2b*
`登陆天数: 296天 / 1674天
等级: 143
石头: 471
呼符: 0
体力: 615.3466666666667 / 141
友情点: 0 / 3166440`
*連続ログイン2日目
※ログインが途切れるか、7日到達すると
1日目から再開されます*
`聖晶石 X 1
6月交換券(2024) X 1
`*FGO カルデア放送局 ライト版 FGO Fes. 2024＆ゲーム最新情報 放送記念 初回ログインボーナス*
*開催期間中、初回ログインで「聖晶石×14」をプレゼント！*
`聖晶石 X 14
`_2024-06-28 19:36:16_
--------
*7f4f754f260fe60c4393be1e8f740163*
`登陆天数: 296天 / 1671天
等级: 143
石头: 868
呼符: 0
体力: 885.3566666666667 / 141
友情点: 0 / 2901115`
*連続ログイン2日目
※ログインが途切れるか、7日到達すると
1日目から再開されます*
`聖晶石 X 1
6月交換券(2024) X 1
`*FGO カルデア放送局 ライト版 FGO Fes. 2024＆ゲーム最新情報 放送記念 初回ログインボーナス*
*開催期間中、初回ログインで「聖晶石×14」をプレゼント！*
`聖晶石 X 14
`_2024-06-28 19:36:25_
--------
*c4ae8cdfc66973e53c8a1970545a3e2b*
`登陆天数: 296天 / 1543天
等级: 142
石头: 616
呼符: 0
体力: 221.29000000000002 / 140
友情点: 25 / 15739115`
*連続ログイン2日目
※ログインが途切れるか、7日到達すると
1日目から再開されます*
`聖晶石 X 1
6月交換券(2024) X 1
`*FGO カルデア放送局 ライト版 FGO Fes. 2024＆ゲーム最新情報 放送記念 初回ログインボーナス*
*開催期間中、初回ログインで「聖晶石×14」をプレゼント！*
`聖晶石 X 14
`_2024-06-28 19:36:33_
--------
*95433763b3466b0dae7f217d4c6c91be*
`登陆天数: 84天 / 1416天
等级: 139
石头: 509
呼符: 0
体力: 221.31666666666666 / 140
友情点: 0 / 1430835`
*連続ログイン7日間到達おめでとうございます！
明日は1日目からリスタートされます。*
`獣の足跡 X 1
呼符 X 1
6月交換券(2024) X 1
`*FGO カルデア放送局 ライト版 FGO Fes. 2024＆ゲーム最新情報 放送記念 初回ログインボーナス*
*開催期間中、初回ログインで「聖晶石×14」をプレゼント！*
`聖晶石 X 14
`_2024-06-28 19:36:41_
--------
