【登录信息】
*c4ae8cdfc66973e53c8a1970545a3e2b*
`登陆天数: 297天 / 1675天
等级: 143
石头: 474
呼符: 0
体力: 128.44 / 141
友情点: 735 / 3168860`
*連続ログイン3日目
※ログインが途切れるか、7日到達すると
1日目から再開されます*
`叡智の業火 X 1
6月交換券(2024) X 1
`*踊るドラゴン・キャッスル！ ～深海の姫君とふたつの宝玉～ 開幕記念 ログインボーナス*
*開催期間中、1日1回 最大21回 ログインボーナスをプレゼント！*
`白銀の果実 X 1
`_2024-06-29 19:34:58_
--------
*7f4f754f260fe60c4393be1e8f740163*
`登陆天数: 297天 / 1672天
等级: 143
石头: 871
呼符: 0
体力: 124.1 / 141
友情点: 0 / 2902265`
*連続ログイン3日目
※ログインが途切れるか、7日到達すると
1日目から再開されます*
`叡智の業火 X 1
6月交換券(2024) X 1
`*踊るドラゴン・キャッスル！ ～深海の姫君とふたつの宝玉～ 開幕記念 ログインボーナス*
*開催期間中、1日1回 最大21回 ログインボーナスをプレゼント！*
`白銀の果実 X 1
`_2024-06-29 19:35:07_
--------
*c4ae8cdfc66973e53c8a1970545a3e2b*
`登陆天数: 297天 / 1544天
等级: 142
石头: 617
呼符: 0
体力: 124.03999999999999 / 140
友情点: 0 / 15735665`
*連続ログイン3日目
※ログインが途切れるか、7日到達すると
1日目から再開されます*
`叡智の業火 X 1
6月交換券(2024) X 1
`*踊るドラゴン・キャッスル！ ～深海の姫君とふたつの宝玉～ 開幕記念 ログインボーナス*
*開催期間中、1日1回 最大21回 ログインボーナスをプレゼント！*
`白銀の果実 X 1
`_2024-06-29 19:35:16_
--------
*95433763b3466b0dae7f217d4c6c91be*
`登陆天数: 85天 / 1417天
等级: 139
石头: 510
呼符: 0
体力: 124.07333333333334 / 140
友情点: 0 / 1427385`
*連続ログイン1日目
※ログインが途切れるか、7日到達すると
1日目から再開されます*
`フレンドポイント X 2000
6月交換券(2024) X 1
`*踊るドラゴン・キャッスル！ ～深海の姫君とふたつの宝玉～ 開幕記念 ログインボーナス*
*開催期間中、1日1回 最大21回 ログインボーナスをプレゼント！*
`白銀の果実 X 1
`_2024-06-29 19:35:25_
--------
